=============================================================
 starting episode: 500/2000
Waiting for server on 3109............
Count Down : 5
Client connected on 3109..............
Ep:500 step:0(97737), a_t=[s= 1.00, t= 1.000000, b= 0.000000], r_t=[r= 0.20, prog= 0.20, pen=-0.00, r_old= 0.20], Reward=  0.20 /  0.20 /  11266.31, epsilon=  0.682, speed=  0.07, gear= 1, damage= 0.00
META = 1 ... Running backwards
=============================================================
 starting episode: 501/2000
Waiting for server on 3109............
Count Down : 5
Client connected on 3109..............
Ep:501 step:0(97750), a_t=[s= 0.90, t= 0.678611, b= 0.000000], r_t=[r= 0.47, prog= 0.47, pen=-0.00, r_old= 0.47], Reward=  0.47 /  0.47 /  11266.31, epsilon=  0.682, speed=  0.16, gear= 1, damage= 0.00
META = 1 ... Running backwards
Ep:501 step:20(97770), a_t=[s= 0.09, t= 0.631778, b= 0.000000], r_t=[r=-8.92, prog= 2.78, pen=-11.70, r_old=-15.00], Reward= -73.94 / -69.72 /  11266.31, epsilon=  0.682, speed= -6.68, gear= 1, damage= 534.00
=============================================================
 starting episode: 502/2000
Waiting for server on 3109............
Count Down : 5
Client connected on 3109..............
Ep:502 step:0(97771), a_t=[s= 0.87, t= 0.559427, b= 0.000000], r_t=[r= 0.66, prog= 0.66, pen=-0.00, r_old= 0.66], Reward=  0.66 /  0.66 /  11266.31, epsilon=  0.682, speed=  0.22, gear= 1, damage= 0.00
META = 1 ... Running backwards
Ep:502 step:20(97791), a_t=[s= 0.40, t= 0.681959, b= 0.000000], r_t=[r=-12.02, prog=-0.42, pen=-11.60, r_old=-12.02], Reward=  295.03 /  296.54 /  11266.31, epsilon=  0.682, speed=  4.65, gear= 1, damage= 211.00
=============================================================
 starting episode: 503/2000
Waiting for server on 3109............
Count Down : 5
Client connected on 3109..............
Ep:503 step:0(97792), a_t=[s=-0.59, t= 0.830512, b= 0.000000], r_t=[r= 0.32, prog= 0.32, pen=-0.00, r_old= 0.32], Reward=  0.32 /  0.32 /  11266.31, epsilon=  0.682, speed=  0.11, gear= 1, damage= 0.00
META = 1 ... Running backwards
Ep:503 step:20(97812), a_t=[s=-0.47, t= 0.554541, b= 0.000000], r_t=[r= 5.40, prog= 1.94, pen= 3.47, r_old= 5.40], Reward=  306.55 /  323.93 /  11266.31, epsilon=  0.682, speed= -7.03, gear= 1, damage= 379.00
=============================================================
 starting episode: 504/2000
### TORCS is RELAUNCHED ###
Client connected on 3109..............
Ep:504 step:0(97813), a_t=[s= 0.52, t= 0.687042, b= 0.000000], r_t=[r= 0.52, prog= 0.52, pen=-0.00, r_old= 0.52], Reward=  0.52 /  0.52 /  11266.31, epsilon=  0.682, speed=  0.17, gear= 1, damage= 0.00
Ep:504 step:20(97833), a_t=[s= 0.68, t= 0.548372, b= 0.000000], r_t=[r=-18.19, prog= 13.02, pen=-31.20, r_old=-18.19], Reward=  669.79 /  683.47 /  11266.31, epsilon=  0.682, speed=  12.93, gear= 1, damage= 165.00
META = 1 ... Running backwards
=============================================================
 starting episode: 505/2000
Waiting for server on 3109............
Count Down : 5
Client connected on 3109..............
Ep:505 step:0(97835), a_t=[s= 0.71, t= 0.597631, b= 0.000000], r_t=[r= 0.47, prog= 0.47, pen=-0.00, r_old= 0.47], Reward=  0.47 /  0.47 /  11266.31, epsilon=  0.682, speed=  0.16, gear= 1, damage= 0.00
Ep:505 step:20(97855), a_t=[s= 0.29, t= 0.713354, b= 0.000000], r_t=[r= 173.79, prog= 214.52, pen=-40.74, r_old= 173.79], Reward=  1527.23 /  1527.23 /  11266.31, epsilon=  0.682, speed=  72.49, gear= 1, damage= 0.00
META = 1 ... Running backwards
=============================================================
 starting episode: 506/2000
Waiting for server on 3109............
Count Down : 5
Client connected on 3109..............
Ep:506 step:0(97867), a_t=[s= 0.65, t= 0.642782, b= 0.000000], r_t=[r= 0.46, prog= 0.46, pen=-0.00, r_old= 0.46], Reward=  0.46 /  0.46 /  11266.31, epsilon=  0.681, speed=  0.15, gear= 1, damage= 0.00
Ep:506 step:20(97887), a_t=[s= 0.62, t= 0.791066, b= 0.000000], r_t=[r= 36.70, prog= 124.17, pen=-87.47, r_old= 36.70], Reward=  513.24 /  491.08 /  11266.31, epsilon=  0.681, speed=  44.82, gear= 1, damage= 144.00
META = 1 ... Running backwards
=============================================================
 starting episode: 507/2000
Waiting for server on 3109............
Count Down : 5
Client connected on 3109..............
Ep:507 step:0(97893), a_t=[s=-0.44, t= 0.661326, b= 0.000000], r_t=[r= 0.36, prog= 0.36, pen=-0.00, r_old= 0.36], Reward=  0.36 /  0.36 /  11266.31, epsilon=  0.681, speed=  0.12, gear= 1, damage= 0.00
Ep:507 step:20(97913), a_t=[s= 0.07, t= 0.589445, b= 0.000000], r_t=[r=-30.02, prog= 78.93, pen=-108.95, r_old=-25.00], Reward=  891.31 /  896.33 /  11266.31, epsilon=  0.681, speed=  37.91, gear= 1, damage= 25.00
META = 1 ... Running backwards
=============================================================
 starting episode: 508/2000
Waiting for server on 3109............
Count Down : 5
Client connected on 3109..............
Ep:508 step:0(97917), a_t=[s=-1.00, t= 0.690074, b= 0.000000], r_t=[r=-0.10, prog=-0.10, pen= 0.00, r_old=-0.10], Reward= -0.10 / -0.10 /  11266.31, epsilon=  0.681, speed= -0.03, gear= 1, damage= 0.00
META = 1 ... Running backwards
=============================================================
 starting episode: 509/2000
Waiting for server on 3109............
Count Down : 5
Client connected on 3109..............
Ep:509 step:0(97937), a_t=[s= 0.34, t= 0.601515, b= 0.000000], r_t=[r= 0.62, prog= 0.62, pen=-0.00, r_old= 0.62], Reward=  0.62 /  0.62 /  11266.31, epsilon=  0.681, speed=  0.21, gear= 1, damage= 0.00
META = 1 ... Running backwards
Ep:509 step:20(97957), a_t=[s= 0.73, t= 0.716858, b= 0.000000], r_t=[r= 17.79, prog= 11.74, pen= 6.05, r_old= 17.79], Reward=  267.77 /  284.04 /  11266.31, epsilon=  0.681, speed= -11.41, gear= 1, damage= 348.00
=============================================================
 starting episode: 510/2000
### TORCS is RELAUNCHED ###
Client connected on 3109..............
Ep:510 step:0(97958), a_t=[s= 0.25, t= 0.619795, b= 0.000000], r_t=[r= 0.51, prog= 0.51, pen=-0.00, r_old= 0.51], Reward=  0.51 /  0.51 /  11266.31, epsilon=  0.681, speed=  0.17, gear= 1, damage= 0.00
META = 1 ... Running backwards
=============================================================
 starting episode: 511/2000
Waiting for server on 3109............
Count Down : 5
Client connected on 3109..............
Ep:511 step:0(97977), a_t=[s= 0.12, t= 0.744996, b= 0.000000], r_t=[r= 0.43, prog= 0.43, pen=-0.00, r_old= 0.43], Reward=  0.43 /  0.43 /  11266.31, epsilon=  0.681, speed=  0.14, gear= 1, damage= 0.00
META = 1 ... Running backwards
Ep:511 step:20(97997), a_t=[s= 0.75, t= 0.660248, b= 0.000000], r_t=[r=-3.73, prog= 1.55, pen=-5.28, r_old=-10.00], Reward=  73.19 /  77.69 /  11266.31, epsilon=  0.681, speed= -9.54, gear= 1, damage= 424.00
=============================================================
 starting episode: 512/2000
Waiting for server on 3109............
Count Down : 5
Client connected on 3109..............
Ep:512 step:0(97998), a_t=[s= 0.37, t= 0.571111, b= 0.000000], r_t=[r= 0.47, prog= 0.47, pen=-0.00, r_old= 0.47], Reward=  0.47 /  0.47 /  11266.31, epsilon=  0.681, speed=  0.16, gear= 1, damage= 0.00
META = 1 ... out of track
=============================================================
 starting episode: 513/2000
Waiting for server on 3109............
Count Down : 5
Client connected on 3109..............
Ep:513 step:0(98016), a_t=[s= 1.00, t= 0.715884, b= 0.000000], r_t=[r= 0.61, prog= 0.61, pen=-0.00, r_old= 0.61], Reward=  0.61 /  0.61 /  11266.31, epsilon=  0.681, speed=  0.20, gear= 1, damage= 0.00
META = 1 ... out of track
=============================================================
 starting episode: 514/2000
Waiting for server on 3109............
Count Down : 5
Client connected on 3109..............
Ep:514 step:0(98033), a_t=[s= 1.00, t= 0.681206, b= 0.000000], r_t=[r= 0.71, prog= 0.71, pen=-0.00, r_old= 0.71], Reward=  0.71 /  0.71 /  11266.31, epsilon=  0.681, speed=  0.24, gear= 1, damage= 0.00
Ep:514 step:20(98053), a_t=[s= 0.39, t= 0.613266, b= 0.000000], r_t=[r= 9.02, prog= 93.09, pen=-84.08, r_old= 9.02], Reward=  703.06 /  685.25 /  11266.31, epsilon=  0.681, speed=  39.45, gear= 1, damage= 92.00
META = 1 ... Running backwards
=============================================================
 starting episode: 515/2000
Waiting for server on 3109............
Count Down : 5
Client connected on 3109..............
Ep:515 step:0(98058), a_t=[s= 0.40, t= 0.529930, b= 0.000000], r_t=[r= 0.32, prog= 0.32, pen=-0.00, r_old= 0.32], Reward=  0.32 /  0.32 /  11266.31, epsilon=  0.681, speed=  0.11, gear= 1, damage= 0.00
META = 1 ... out of track
=============================================================
 starting episode: 516/2000
### TORCS is RELAUNCHED ###
Client connected on 3109..............
Ep:516 step:0(98076), a_t=[s=-0.50, t= 0.656722, b= 0.000000], r_t=[r= 0.36, prog= 0.37, pen=-0.00, r_old= 0.36], Reward=  0.36 /  0.36 /  11266.31, epsilon=  0.681, speed=  0.12, gear= 1, damage= 0.00
META = 1 ... Running backwards
=============================================================
 starting episode: 517/2000
Waiting for server on 3109............
Count Down : 5
Client connected on 3109..............
Ep:517 step:0(98095), a_t=[s=-0.31, t= 0.752103, b= 0.000000], r_t=[r= 0.26, prog= 0.26, pen=-0.00, r_old= 0.26], Reward=  0.26 /  0.26 /  11266.31, epsilon=  0.681, speed=  0.09, gear= 1, damage= 0.00
META = 1 ... Running backwards
Ep:517 step:20(98115), a_t=[s=-0.13, t= 0.797153, b= 0.000000], r_t=[r=-13.67, prog=-0.21, pen=-13.46, r_old=-13.67], Reward=  123.66 /  135.94 /  11266.31, epsilon=  0.681, speed=  5.39, gear= 1, damage= 445.00
=============================================================
 starting episode: 518/2000
Waiting for server on 3109............
Count Down : 5
Client connected on 3109..............
Ep:518 step:0(98116), a_t=[s= 1.00, t= 0.714096, b= 0.000000], r_t=[r= 0.69, prog= 0.69, pen=-0.00, r_old= 0.69], Reward=  0.69 /  0.69 /  11266.31, epsilon=  0.681, speed=  0.23, gear= 1, damage= 0.00
Ep:518 step:20(98136), a_t=[s= 0.17, t= 0.689675, b= 0.000000], r_t=[r=-72.11, prog= 95.74, pen=-167.86, r_old=-69.00], Reward=  1049.34 /  1052.45 /  11266.31, epsilon=  0.681, speed=  44.91, gear= 1, damage= 69.00
META = 1 ... Running backwards
=============================================================
 starting episode: 519/2000
Waiting for server on 3109............
Count Down : 5
Client connected on 3109..............
Ep:519 step:0(98141), a_t=[s= 1.00, t= 0.646942, b= 0.000000], r_t=[r= 0.71, prog= 0.71, pen=-0.00, r_old= 0.71], Reward=  0.71 /  0.71 /  11266.31, epsilon=  0.681, speed=  0.24, gear= 1, damage= 0.00
META = 1 ... Running backwards
=============================================================
 starting episode: 520/2000
Waiting for server on 3109............
Count Down : 5
Client connected on 3109..............
Ep:520 step:0(98161), a_t=[s= 1.00, t= 1.000000, b= 0.000000], r_t=[r= 0.20, prog= 0.20, pen=-0.00, r_old= 0.20], Reward=  0.20 /  0.20 /  11266.31, epsilon=  0.681, speed=  0.07, gear= 1, damage= 0.00
META = 1 ... Running backwards
=============================================================
 starting episode: 521/2000
Waiting for server on 3109............
Count Down : 5
Client connected on 3109..............
Ep:521 step:0(98174), a_t=[s= 1.00, t= 0.529315, b= 0.000000], r_t=[r= 0.65, prog= 0.65, pen=-0.00, r_old= 0.65], Reward=  0.65 /  0.65 /  11266.31, epsilon=  0.681, speed=  0.22, gear= 1, damage= 0.00
Ep:521 step:20(98194), a_t=[s= 0.27, t= 0.676719, b= 0.000000], r_t=[r=-0.29, prog= 63.39, pen=-63.68, r_old=-0.29], Reward=  472.64 /  469.77 /  11266.31, epsilon=  0.680, speed=  29.11, gear= 1, damage= 194.00
META = 1 ... Running backwards
=============================================================
 starting episode: 522/2000
### TORCS is RELAUNCHED ###
Client connected on 3109..............
Ep:522 step:0(98198), a_t=[s= 0.05, t= 0.628107, b= 0.000000], r_t=[r= 0.61, prog= 0.61, pen=-0.00, r_old= 0.61], Reward=  0.61 /  0.61 /  11266.31, epsilon=  0.680, speed=  0.20, gear= 1, damage= 0.00
META = 1 ... out of track
=============================================================
 starting episode: 523/2000
Waiting for server on 3109............
Count Down : 5
Client connected on 3109..............
Ep:523 step:0(98218), a_t=[s= 0.78, t= 0.746708, b= 0.000000], r_t=[r= 0.72, prog= 0.72, pen=-0.00, r_old= 0.72], Reward=  0.72 /  0.72 /  11266.31, epsilon=  0.680, speed=  0.24, gear= 1, damage= 0.00
META = 1 ... Running backwards
Ep:523 step:20(98238), a_t=[s= 0.48, t= 0.636146, b= 0.000000], r_t=[r= 14.58, prog= 15.55, pen=-0.97, r_old=-8.00], Reward=  140.09 /  130.74 /  11266.31, epsilon=  0.680, speed= -12.79, gear= 1, damage= 450.00
=============================================================
 starting episode: 524/2000
Waiting for server on 3109............
Count Down : 5
Client connected on 3109..............
Ep:524 step:0(98239), a_t=[s= 0.76, t= 0.671337, b= 0.000000], r_t=[r= 0.46, prog= 0.46, pen=-0.00, r_old= 0.46], Reward=  0.46 /  0.46 /  11266.31, epsilon=  0.680, speed=  0.15, gear= 1, damage= 0.00
Ep:524 step:20(98259), a_t=[s=-0.34, t= 0.674816, b= 0.000000], r_t=[r=-3.08, prog= 66.18, pen=-69.26, r_old=-3.08], Reward=  606.11 /  601.21 /  11266.31, epsilon=  0.680, speed=  31.38, gear= 1, damage= 147.00
META = 1 ... Running backwards
=============================================================
 starting episode: 525/2000
Waiting for server on 3109............
Count Down : 5
Client connected on 3109..............
Ep:525 step:0(98263), a_t=[s=-0.30, t= 0.536881, b= 0.000000], r_t=[r= 0.37, prog= 0.37, pen=-0.00, r_old= 0.37], Reward=  0.37 /  0.37 /  11266.31, epsilon=  0.680, speed=  0.12, gear= 1, damage= 0.00
META = 1 ... out of track
=============================================================
 starting episode: 526/2000
Waiting for server on 3109............
Count Down : 5
Client connected on 3109..............
Ep:526 step:0(98281), a_t=[s= 1.00, t= 0.642271, b= 0.000000], r_t=[r= 0.71, prog= 0.71, pen=-0.00, r_old= 0.71], Reward=  0.71 /  0.71 /  11266.31, epsilon=  0.680, speed=  0.24, gear= 1, damage= 0.00
META = 1 ... out of track
=============================================================
 starting episode: 527/2000
Waiting for server on 3109............
Count Down : 5
Client connected on 3109..............
Ep:527 step:0(98298), a_t=[s= 0.95, t= 0.515611, b= 0.000000], r_t=[r= 0.43, prog= 0.43, pen=-0.00, r_old= 0.43], Reward=  0.43 /  0.43 /  11266.31, epsilon=  0.680, speed=  0.14, gear= 1, damage= 0.00
META = 1 ... Running backwards
Ep:527 step:20(98318), a_t=[s= 0.21, t= 0.580361, b= 0.000000], r_t=[r= 1.94, prog= 2.35, pen=-0.41, r_old=-5.00], Reward=  217.36 /  223.36 /  11266.31, epsilon=  0.680, speed= -9.31, gear= 1, damage= 377.00
=============================================================
 starting episode: 528/2000
### TORCS is RELAUNCHED ###
Client connected on 3109..............
Ep:528 step:0(98319), a_t=[s=-0.06, t= 0.680757, b= 0.000000], r_t=[r=-0.05, prog=-0.05, pen= 0.00, r_old=-0.05], Reward= -0.05 / -0.05 /  11266.31, epsilon=  0.680, speed= -0.02, gear= 1, damage= 0.00
Ep:528 step:20(98339), a_t=[s= 0.91, t= 0.777739, b= 0.000000], r_t=[r= 137.14, prog= 206.63, pen=-69.49, r_old= 137.14], Reward=  1522.38 /  1522.38 /  11266.31, epsilon=  0.680, speed=  71.78, gear= 1, damage= 0.00
META = 1 ... Running backwards
=============================================================
 starting episode: 529/2000
Waiting for server on 3109............
Count Down : 5
Client connected on 3109..............
Ep:529 step:0(98349), a_t=[s=-0.27, t= 0.478646, b= 0.000000], r_t=[r= 0.27, prog= 0.27, pen=-0.00, r_old= 0.27], Reward=  0.27 /  0.27 /  11266.31, epsilon=  0.680, speed=  0.09, gear= 1, damage= 0.00
META = 1 ... out of track
=============================================================
 starting episode: 530/2000
Waiting for server on 3109............
Count Down : 5
Client connected on 3109..............
Ep:530 step:0(98366), a_t=[s= 0.68, t= 0.749301, b= 0.000000], r_t=[r= 0.43, prog= 0.43, pen=-0.00, r_old= 0.43], Reward=  0.43 /  0.43 /  11266.31, epsilon=  0.680, speed=  0.14, gear= 1, damage= 0.00
META = 1 ... out of track
=============================================================
 starting episode: 531/2000
Waiting for server on 3109............
Count Down : 5
Client connected on 3109..............
Ep:531 step:0(98382), a_t=[s= 0.45, t= 0.708633, b= 0.000000], r_t=[r= 0.31, prog= 0.31, pen=-0.00, r_old= 0.31], Reward=  0.31 /  0.31 /  11266.31, epsilon=  0.680, speed=  0.10, gear= 1, damage= 0.00
META = 1 ... Running backwards
Ep:531 step:20(98402), a_t=[s= 1.00, t= 0.794259, b= 0.000000], r_t=[r= 15.91, prog= 10.05, pen= 5.85, r_old= 15.91], Reward=  231.22 /  246.03 /  11266.31, epsilon=  0.680, speed= -11.34, gear= 1, damage= 358.00
=============================================================
 starting episode: 532/2000
Waiting for server on 3109............
Count Down : 5
Client connected on 3109..............
Ep:532 step:0(98403), a_t=[s= 0.13, t= 0.689012, b= 0.000000], r_t=[r= 0.40, prog= 0.40, pen=-0.00, r_old= 0.40], Reward=  0.40 /  0.40 /  11266.31, epsilon=  0.680, speed=  0.13, gear= 1, damage= 0.00
Ep:532 step:20(98423), a_t=[s= 0.83, t= 0.608028, b= 0.000000], r_t=[r=-18.13, prog= 7.16, pen=-25.30, r_old=-18.13], Reward=  293.45 /  305.58 /  11266.31, epsilon=  0.680, speed=  10.32, gear= 1, damage= 443.00
META = 1 ... Running backwards
=============================================================
 starting episode: 533/2000
Waiting for server on 3109............
Count Down : 5
Client connected on 3109..............
Ep:533 step:0(98425), a_t=[s= 1.00, t= 0.618226, b= 0.000000], r_t=[r= 0.51, prog= 0.51, pen=-0.00, r_old= 0.51], Reward=  0.51 /  0.51 /  11266.31, epsilon=  0.680, speed=  0.17, gear= 1, damage= 0.00
META = 1 ... Running backwards
=============================================================
 starting episode: 534/2000
### TORCS is RELAUNCHED ###
Client connected on 3109..............
Ep:534 step:0(98444), a_t=[s=-0.34, t= 0.686174, b= 0.000000], r_t=[r= 0.41, prog= 0.41, pen=-0.00, r_old= 0.41], Reward=  0.41 /  0.41 /  11266.31, epsilon=  0.680, speed=  0.14, gear= 1, damage= 0.00
META = 1 ... Running backwards
=============================================================
 starting episode: 535/2000
Waiting for server on 3109............
Count Down : 5
Client connected on 3109..............
Ep:535 step:0(98463), a_t=[s= 0.61, t= 0.633519, b= 0.000000], r_t=[r= 0.37, prog= 0.37, pen=-0.00, r_old= 0.37], Reward=  0.37 /  0.37 /  11266.31, epsilon=  0.680, speed=  0.12, gear= 1, damage= 0.00
Ep:535 step:20(98483), a_t=[s= 0.28, t= 0.678315, b= 0.000000], r_t=[r=-11.59, prog= 40.35, pen=-51.94, r_old=-11.59], Reward=  433.10 /  441.61 /  11266.31, epsilon=  0.679, speed=  22.72, gear= 1, damage= 361.00
META = 1 ... Running backwards
=============================================================
 starting episode: 536/2000
Waiting for server on 3109............
Count Down : 5
Client connected on 3109..............
Ep:536 step:0(98487), a_t=[s= 0.53, t= 0.650742, b= 0.000000], r_t=[r= 0.16, prog= 0.16, pen=-0.00, r_old= 0.16], Reward=  0.16 /  0.16 /  11266.31, epsilon=  0.679, speed=  0.05, gear= 1, damage= 0.00
Ep:536 step:20(98507), a_t=[s= 0.88, t= 0.736842, b= 0.000000], r_t=[r=-19.65, prog= 12.26, pen=-31.90, r_old=-19.65], Reward=  583.51 /  597.64 /  11266.31, epsilon=  0.679, speed=  13.16, gear= 1, damage= 177.00
META = 1 ... Running backwards
=============================================================
 starting episode: 537/2000
Waiting for server on 3109............
Count Down : 5
Client connected on 3109..............
Ep:537 step:0(98509), a_t=[s=-0.15, t= 0.725697, b= 0.000000], r_t=[r= 0.43, prog= 0.43, pen=-0.00, r_old= 0.43], Reward=  0.43 /  0.43 /  11266.31, epsilon=  0.679, speed=  0.14, gear= 1, damage= 0.00
META = 1 ... Running backwards
=============================================================
 starting episode: 538/2000
Waiting for server on 3109............
Count Down : 5
Client connected on 3109..............
Ep:538 step:0(98529), a_t=[s= 1.00, t= 0.544237, b= 0.000000], r_t=[r= 0.71, prog= 0.71, pen=-0.00, r_old= 0.71], Reward=  0.71 /  0.71 /  11266.31, epsilon=  0.679, speed=  0.24, gear= 1, damage= 0.00
META = 1 ... Running backwards
=============================================================
 starting episode: 539/2000
Client connected on 3109..............
Ep:539 step:0(98549), a_t=[s= 0.51, t= 0.697859, b= 0.000000], r_t=[r= 0.34, prog= 0.34, pen=-0.00, r_old= 0.34], Reward=  0.34 /  0.34 /  11266.31, epsilon=  0.679, speed=  0.11, gear= 1, damage= 0.00
META = 1 ... Running backwards
Ep:539 step:20(98569), a_t=[s= 0.22, t= 0.657958, b= 0.000000], r_t=[r= 2.76, prog= 1.03, pen= 1.73, r_old=-2.00], Reward=  257.13 /  265.78 /  11266.31, epsilon=  0.679, speed= -7.54, gear= 1, damage= 335.00
=============================================================
 starting episode: 540/2000
### TORCS is RELAUNCHED ###
Client connected on 3109..............
Ep:540 step:0(98570), a_t=[s= 1.00, t= 1.000000, b= 0.000000], r_t=[r= 0.20, prog= 0.20, pen=-0.00, r_old= 0.20], Reward=  0.20 /  0.20 /  11266.31, epsilon=  0.679, speed=  0.07, gear= 1, damage= 0.00
META = 1 ... Running backwards
=============================================================
 starting episode: 541/2000
Waiting for server on 3109............
Count Down : 5
Client connected on 3109..............
Ep:541 step:0(98583), a_t=[s= 1.00, t= 0.572627, b= 0.000000], r_t=[r= 0.69, prog= 0.69, pen=-0.00, r_old= 0.69], Reward=  0.69 /  0.69 /  11266.31, epsilon=  0.679, speed=  0.23, gear= 1, damage= 0.00
Ep:541 step:20(98603), a_t=[s= 0.52, t= 0.650137, b= 0.000000], r_t=[r=-19.08, prog= 16.35, pen=-35.44, r_old=-19.08], Reward=  455.44 /  481.90 /  11266.31, epsilon=  0.679, speed=  14.76, gear= 1, damage= 257.00
META = 1 ... Running backwards
=============================================================
 starting episode: 542/2000
Waiting for server on 3109............
Count Down : 5
Client connected on 3109..............
Ep:542 step:0(98606), a_t=[s= 0.96, t= 0.599127, b= 0.000000], r_t=[r= 0.69, prog= 0.69, pen=-0.00, r_old= 0.69], Reward=  0.69 /  0.69 /  11266.31, epsilon=  0.679, speed=  0.23, gear= 1, damage= 0.00
META = 1 ... Running backwards
=============================================================
 starting episode: 543/2000
Waiting for server on 3109............
Count Down : 5
Client connected on 3109..............
Ep:543 step:0(98625), a_t=[s= 0.60, t= 0.693714, b= 0.000000], r_t=[r= 0.40, prog= 0.40, pen=-0.00, r_old= 0.40], Reward=  0.40 /  0.40 /  11266.31, epsilon=  0.679, speed=  0.13, gear= 1, damage= 0.00
META = 1 ... out of track
=============================================================
 starting episode: 544/2000
Waiting for server on 3109............
Count Down : 5
Client connected on 3109..............
Ep:544 step:0(98641), a_t=[s=-0.13, t= 0.654625, b= 0.000000], r_t=[r= 0.26, prog= 0.26, pen=-0.00, r_old= 0.26], Reward=  0.26 /  0.26 /  11266.31, epsilon=  0.679, speed=  0.09, gear= 1, damage= 0.00
META = 1 ... out of track
=============================================================
 starting episode: 545/2000
Waiting for server on 3109............
Count Down : 5
Client connected on 3109..............
Ep:545 step:0(98659), a_t=[s= 0.43, t= 0.566738, b= 0.000000], r_t=[r= 0.48, prog= 0.48, pen=-0.00, r_old= 0.48], Reward=  0.48 /  0.48 /  11266.31, epsilon=  0.679, speed=  0.16, gear= 1, damage= 0.00
META = 1 ... out of track
=============================================================
 starting episode: 546/2000
### TORCS is RELAUNCHED ###
Client connected on 3109..............
Ep:546 step:0(98675), a_t=[s= 0.05, t= 0.551884, b= 0.000000], r_t=[r= 0.29, prog= 0.29, pen=-0.00, r_old= 0.29], Reward=  0.29 /  0.29 /  11266.31, epsilon=  0.679, speed=  0.10, gear= 1, damage= 0.00
Ep:546 step:20(98695), a_t=[s=-0.39, t= 0.606684, b= 0.000000], r_t=[r=-17.49, prog= 27.06, pen=-44.55, r_old=-17.49], Reward=  503.42 /  514.44 /  11266.31, epsilon=  0.679, speed=  18.94, gear= 1, damage= 266.00
META = 1 ... Running backwards
=============================================================
 starting episode: 547/2000
Waiting for server on 3109............
Count Down : 5
Client connected on 3109..............
Ep:547 step:0(98698), a_t=[s= 0.39, t= 0.597794, b= 0.000000], r_t=[r= 0.64, prog= 0.64, pen=-0.00, r_old= 0.64], Reward=  0.64 /  0.64 /  11266.31, epsilon=  0.679, speed=  0.21, gear= 1, damage= 0.00
META = 1 ... Running backwards
Ep:547 step:20(98718), a_t=[s= 0.90, t= 0.634834, b= 0.000000], r_t=[r=-14.19, prog=-0.19, pen=-14.01, r_old=-14.19], Reward=  152.02 /  166.19 /  11266.31, epsilon=  0.679, speed=  5.60, gear= 1, damage= 421.00
=============================================================
 starting episode: 548/2000
Waiting for server on 3109............
Count Down : 5
Client connected on 3109..............
Ep:548 step:0(98719), a_t=[s= 0.82, t= 0.692230, b= 0.000000], r_t=[r= 0.42, prog= 0.42, pen=-0.00, r_old= 0.42], Reward=  0.42 /  0.42 /  11266.31, epsilon=  0.679, speed=  0.14, gear= 1, damage= 0.00
META = 1 ... out of track
=============================================================
 starting episode: 549/2000
Waiting for server on 3109............
Count Down : 5
Client connected on 3109..............
Ep:549 step:0(98736), a_t=[s= 1.00, t= 0.630545, b= 0.000000], r_t=[r= 0.71, prog= 0.71, pen=-0.00, r_old= 0.71], Reward=  0.71 /  0.71 /  11266.31, epsilon=  0.679, speed=  0.24, gear= 1, damage= 0.00
Ep:549 step:20(98756), a_t=[s= 0.17, t= 0.770383, b= 0.000000], r_t=[r=-19.02, prog= 9.20, pen=-28.22, r_old=-19.02], Reward=  432.00 /  450.20 /  11266.31, epsilon=  0.679, speed=  11.57, gear= 1, damage= 366.00
META = 1 ... Running backwards
=============================================================
 starting episode: 550/2000
Waiting for server on 3109............
Count Down : 5
Client connected on 3109..............
Ep:550 step:0(98758), a_t=[s= 0.77, t= 0.716479, b= 0.011409], r_t=[r= 0.59, prog= 0.59, pen=-0.00, r_old= 0.59], Reward=  0.59 /  0.59 /  11266.31, epsilon=  0.679, speed=  0.20, gear= 1, damage= 0.00
META = 1 ... out of track
=============================================================
 starting episode: 551/2000
Waiting for server on 3109............
Count Down : 5
Client connected on 3109..............
Ep:551 step:0(98775), a_t=[s= 0.83, t= 0.712865, b= 0.000000], r_t=[r= 0.62, prog= 0.62, pen=-0.00, r_old= 0.62], Reward=  0.62 /  0.62 /  11266.31, epsilon=  0.679, speed=  0.21, gear= 1, damage= 0.00
Ep:551 step:20(98795), a_t=[s= 1.00, t= 0.638068, b= 0.000000], r_t=[r=-20.79, prog= 9.49, pen=-30.28, r_old=-20.79], Reward=  452.01 /  468.40 /  11266.31, epsilon=  0.678, speed=  12.40, gear= 1, damage= 261.00
META = 1 ... Running backwards
=============================================================
 starting episode: 552/2000
### TORCS is RELAUNCHED ###
Client connected on 3109..............
Ep:552 step:0(98797), a_t=[s= 0.66, t= 0.696363, b= 0.000000], r_t=[r= 0.45, prog= 0.45, pen=-0.00, r_old= 0.45], Reward=  0.45 /  0.45 /  11266.31, epsilon=  0.678, speed=  0.15, gear= 1, damage= 0.00
Ep:552 step:20(98817), a_t=[s= 0.33, t= 0.693782, b= 0.000000], r_t=[r=-0.11, prog= 0.30, pen=-0.41, r_old=-0.11], Reward= -216.47 / -204.28 /  11266.31, epsilon=  0.678, speed=  0.18, gear= 1, damage= 604.00
Ep:552 step:40(98837), a_t=[s= 1.00, t= 0.588852, b= 0.000000], r_t=[r=-0.08, prog= 0.34, pen=-0.42, r_old=-0.08], Reward= -219.00 / -206.82 /  11266.31, epsilon=  0.678, speed=  0.19, gear= 1, damage= 604.00
Ep:552 step:60(98857), a_t=[s= 0.67, t= 0.663260, b= 0.000000], r_t=[r=-0.03, prog= 0.41, pen=-0.44, r_old=-0.03], Reward= -220.93 / -208.75 /  11266.31, epsilon=  0.678, speed=  0.20, gear= 1, damage= 604.00
Ep:552 step:80(98877), a_t=[s= 1.00, t= 0.567138, b= 0.000000], r_t=[r=-0.01, prog= 0.40, pen=-0.42, r_old=-0.01], Reward= -221.67 / -209.48 /  11266.31, epsilon=  0.678, speed=  0.19, gear= 1, damage= 604.00
Ep:552 step:100(98897), a_t=[s= 1.00, t= 0.639307, b= 0.000000], r_t=[r= 0.02, prog= 0.70, pen=-0.68, r_old= 0.02], Reward= -221.66 / -209.48 /  11266.31, epsilon=  0.678, speed=  0.31, gear= 1, damage= 604.00
Ep:552 step:120(98917), a_t=[s= 0.34, t= 0.812285, b= 0.000000], r_t=[r= 0.12, prog= 1.60, pen=-1.48, r_old= 0.12], Reward= -220.74 / -208.56 /  11266.31, epsilon=  0.678, speed=  0.69, gear= 1, damage= 604.00
Ep:552 step:140(98937), a_t=[s= 0.08, t= 0.685486, b= 0.000000], r_t=[r= 0.19, prog= 1.50, pen=-1.31, r_old= 0.19], Reward= -218.20 / -206.02 /  11266.31, epsilon=  0.678, speed=  0.62, gear= 1, damage= 604.00
Ep:552 step:160(98957), a_t=[s= 0.61, t= 0.559421, b= 0.000000], r_t=[r= 0.20, prog= 1.16, pen=-0.96, r_old= 0.20], Reward= -214.20 / -202.02 /  11266.31, epsilon=  0.678, speed=  0.46, gear= 1, damage= 604.00
Ep:552 step:180(98977), a_t=[s= 0.80, t= 0.563928, b= 0.000000], r_t=[r= 0.23, prog= 1.10, pen=-0.87, r_old= 0.23], Reward= -207.77 / -195.59 /  11266.31, epsilon=  0.678, speed=  0.43, gear= 1, damage= 604.00
Ep:552 step:200(98997), a_t=[s= 1.00, t= 0.638499, b= 0.000000], r_t=[r= 0.44, prog= 1.76, pen=-1.33, r_old= 0.44], Reward= -197.82 / -185.64 /  11266.31, epsilon=  0.678, speed=  0.66, gear= 1, damage= 604.00
Ep:552 step:220(99017), a_t=[s=-0.18, t= 0.619157, b= 0.000000], r_t=[r= 1.14, prog= 3.97, pen=-2.82, r_old= 1.14], Reward= -182.01 / -169.82 /  11266.31, epsilon=  0.678, speed=  1.44, gear= 1, damage= 604.00
Ep:552 step:240(99037), a_t=[s= 0.74, t= 0.619475, b= 0.000000], r_t=[r= 1.50, prog= 4.68, pen=-3.17, r_old= 1.50], Reward= -157.91 / -145.72 /  11266.31, epsilon=  0.678, speed=  1.65, gear= 1, damage= 604.00
Ep:552 step:260(99057), a_t=[s=-0.46, t= 0.618104, b= 0.015126], r_t=[r= 2.06, prog= 6.05, pen=-4.00, r_old= 2.06], Reward= -141.34 / -134.64 /  11266.31, epsilon=  0.678, speed=  2.11, gear= 1, damage= 636.00
Ep:552 step:280(99077), a_t=[s= 0.40, t= 0.697050, b= 0.000000], r_t=[r= 3.17, prog= 8.68, pen=-5.51, r_old= 3.17], Reward= -90.62 / -83.91 /  11266.31, epsilon=  0.678, speed=  2.98, gear= 1, damage= 636.00
Ep:552 step:300(99097), a_t=[s= 0.78, t= 0.599312, b= 0.000000], r_t=[r= 1.66, prog= 4.80, pen=-3.14, r_old= 1.66], Reward= -67.59 / -68.58 /  11266.31, epsilon=  0.677, speed=  1.67, gear= 1, damage= 688.00
Ep:552 step:320(99117), a_t=[s= 1.00, t= 0.614446, b= 0.000000], r_t=[r= 2.59, prog= 7.02, pen=-4.43, r_old= 2.59], Reward= -17.96 / -18.95 /  11266.31, epsilon=  0.677, speed=  2.40, gear= 1, damage= 688.00
Ep:552 step:340(99137), a_t=[s= 0.92, t= 0.656382, b= 0.000000], r_t=[r= 2.00, prog= 5.71, pen=-3.71, r_old= 2.00], Reward= -14.59 / -25.38 /  11266.31, epsilon=  0.677, speed=  1.98, gear= 1, damage= 750.00
Ep:552 step:360(99157), a_t=[s= 0.33, t= 0.605698, b= 0.000000], r_t=[r= 3.78, prog= 10.45, pen=-6.67, r_old= 3.78], Reward=  33.69 /  19.24 /  11266.31, epsilon=  0.677, speed=  3.60, gear= 1, damage= 756.00
Ep:552 step:380(99177), a_t=[s= 0.39, t= 0.642744, b= 0.000000], r_t=[r= 3.60, prog= 9.72, pen=-6.12, r_old= 3.60], Reward=  89.84 /  75.39 /  11266.31, epsilon=  0.677, speed=  3.33, gear= 1, damage= 756.00
Ep:552 step:400(99197), a_t=[s= 1.00, t= 0.636642, b= 0.000000], r_t=[r= 1.95, prog= 5.60, pen=-3.65, r_old= 1.95], Reward=  73.16 /  50.90 /  11266.31, epsilon=  0.677, speed=  1.95, gear= 1, damage= 833.00
Ep:552 step:420(99217), a_t=[s= 0.46, t= 0.633904, b= 0.000000], r_t=[r= 1.68, prog= 4.97, pen=-3.29, r_old= 1.68], Reward=  105.10 /  79.16 /  11266.31, epsilon=  0.677, speed=  1.74, gear= 1, damage= 858.00
Ep:552 step:440(99237), a_t=[s= 0.42, t= 0.776878, b= 0.000000], r_t=[r= 3.18, prog= 8.89, pen=-5.71, r_old= 3.18], Reward=  146.73 /  120.79 /  11266.31, epsilon=  0.677, speed=  3.07, gear= 1, damage= 858.00
Ep:552 step:460(99257), a_t=[s= 0.71, t= 0.690061, b= 0.000000], r_t=[r= 2.18, prog= 6.47, pen=-4.30, r_old= 2.18], Reward=  211.52 /  179.67 /  11266.31, epsilon=  0.677, speed=  2.27, gear= 1, damage= 869.00
Ep:552 step:480(99277), a_t=[s= 0.70, t= 0.624769, b= 0.000000], r_t=[r= 2.98, prog= 9.18, pen=-6.20, r_old= 2.98], Reward=  291.62 /  246.82 /  11266.31, epsilon=  0.677, speed=  3.24, gear= 1, damage= 881.00
Ep:552 step:500(99297), a_t=[s= 0.54, t= 0.668550, b= 0.000000], r_t=[r= 3.61, prog= 10.05, pen=-6.45, r_old= 3.61], Reward=  334.19 /  289.39 /  11266.31, epsilon=  0.677, speed=  3.47, gear= 1, damage= 881.00
Ep:552 step:520(99317), a_t=[s=-0.17, t= 0.654556, b= 0.000000], r_t=[r= 4.42, prog= 12.81, pen=-8.38, r_old= 4.42], Reward=  378.28 /  328.04 /  11266.31, epsilon=  0.677, speed=  4.46, gear= 1, damage= 886.00
Ep:552 step:540(99337), a_t=[s= 1.00, t= 0.697294, b= 0.000000], r_t=[r= 1.96, prog= 5.46, pen=-3.50, r_old= 1.96], Reward=  438.98 /  388.74 /  11266.31, epsilon=  0.677, speed=  1.88, gear= 1, damage= 886.00
META = 1 ... Running backwards
Ep:552 step:560(99357), a_t=[s= 0.17, t= 0.518652, b= 0.000000], r_t=[r= 5.75, prog= 4.01, pen= 1.74, r_old= 5.75], Reward=  132.42 /  59.61 /  11266.31, epsilon=  0.677, speed= -3.14, gear= 1, damage= 1316.00
=============================================================
 starting episode: 553/2000
Waiting for server on 3109............
Count Down : 5
Client connected on 3109..............
Ep:553 step:0(99358), a_t=[s= 0.10, t= 0.673500, b= 0.000000], r_t=[r= 0.40, prog= 0.40, pen=-0.00, r_old= 0.40], Reward=  0.40 /  0.40 /  11266.31, epsilon=  0.677, speed=  0.13, gear= 1, damage= 0.00
META = 1 ... Running backwards
=============================================================
 starting episode: 554/2000
Waiting for server on 3109............
Count Down : 5
Client connected on 3109..............
Ep:554 step:0(99378), a_t=[s= 0.16, t= 0.582304, b= 0.000000], r_t=[r= 0.19, prog= 0.19, pen=-0.00, r_old= 0.19], Reward=  0.19 /  0.19 /  11266.31, epsilon=  0.677, speed=  0.06, gear= 1, damage= 0.00
META = 1 ... Running backwards
=============================================================
 starting episode: 555/2000
Waiting for server on 3109............
Count Down : 5
Client connected on 3109..............
Ep:555 step:0(99397), a_t=[s= 1.00, t= 0.691470, b= 0.000000], r_t=[r= 0.73, prog= 0.73, pen=-0.00, r_old= 0.73], Reward=  0.73 /  0.73 /  11266.31, epsilon=  0.676, speed=  0.24, gear= 1, damage= 0.00
META = 1 ... out of track
=============================================================
 starting episode: 556/2000
Waiting for server on 3109............
Count Down : 5
Client connected on 3109..............
Ep:556 step:0(99414), a_t=[s= 0.79, t= 0.779387, b= 0.000000], r_t=[r= 0.41, prog= 0.41, pen=-0.00, r_old= 0.41], Reward=  0.41 /  0.41 /  11266.31, epsilon=  0.676, speed=  0.14, gear= 1, damage= 0.00
META = 1 ... Running backwards
Ep:556 step:20(99434), a_t=[s= 1.00, t= 0.633689, b= 0.000000], r_t=[r= 2.59, prog= 2.80, pen=-0.21, r_old=-3.00], Reward= -68.31 / -67.98 /  11266.31, epsilon=  0.676, speed= -5.71, gear= 1, damage= 453.00
=============================================================
 starting episode: 557/2000
Waiting for server on 3109............
Count Down : 5
Client connected on 3109..............
Ep:557 step:0(99435), a_t=[s= 0.79, t= 0.659884, b= 0.000000], r_t=[r= 0.66, prog= 0.66, pen=-0.00, r_old= 0.66], Reward=  0.66 /  0.66 /  11266.31, epsilon=  0.676, speed=  0.22, gear= 1, damage= 0.00
META = 1 ... out of track
=============================================================
 starting episode: 558/2000
### TORCS is RELAUNCHED ###
Client connected on 3109..............
Ep:558 step:0(99453), a_t=[s=-0.19, t= 0.705312, b= 0.000000], r_t=[r=-0.05, prog=-0.05, pen= 0.00, r_old=-0.05], Reward= -0.05 / -0.05 /  11266.31, epsilon=  0.676, speed= -0.02, gear= 1, damage= 0.00
META = 1 ... out of track
=============================================================
 starting episode: 559/2000
Waiting for server on 3109............
Count Down : 5
Client connected on 3109..............
Ep:559 step:0(99471), a_t=[s= 0.22, t= 0.578429, b= 0.000000], r_t=[r= 0.50, prog= 0.50, pen=-0.00, r_old= 0.50], Reward=  0.50 /  0.50 /  11266.31, epsilon=  0.676, speed=  0.17, gear= 1, damage= 0.00
META = 1 ... out of track
=============================================================
 starting episode: 560/2000
Waiting for server on 3109............
Count Down : 5
Client connected on 3109..............
Ep:560 step:0(99489), a_t=[s= 1.00, t= 1.000000, b= 0.000000], r_t=[r= 0.20, prog= 0.20, pen=-0.00, r_old= 0.20], Reward=  0.20 /  0.20 /  11266.31, epsilon=  0.676, speed=  0.07, gear= 1, damage= 0.00
META = 1 ... Running backwards
=============================================================
 starting episode: 561/2000
Waiting for server on 3109............
Count Down : 5
Client connected on 3109..............
Ep:561 step:0(99502), a_t=[s=-0.06, t= 0.669226, b= 0.000000], r_t=[r= 0.18, prog= 0.18, pen=-0.00, r_old= 0.18], Reward=  0.18 /  0.18 /  11266.31, epsilon=  0.676, speed=  0.06, gear= 1, damage= 0.00
META = 1 ... out of track
=============================================================
 starting episode: 562/2000
Waiting for server on 3109............
Count Down : 5
Client connected on 3109..............
Ep:562 step:0(99520), a_t=[s= 0.86, t= 0.663672, b= 0.000000], r_t=[r= 0.67, prog= 0.67, pen=-0.00, r_old= 0.67], Reward=  0.67 /  0.67 /  11266.31, epsilon=  0.676, speed=  0.22, gear= 1, damage= 0.00
Ep:562 step:20(99540), a_t=[s= 0.25, t= 0.726451, b= 0.000000], r_t=[r= 46.23, prog= 171.49, pen=-125.26, r_old= 46.23], Reward=  1161.15 /  1161.15 /  11266.31, epsilon=  0.676, speed=  69.48, gear= 1, damage= 0.00
META = 1 ... Running backwards
=============================================================
 starting episode: 563/2000
Waiting for server on 3109............
Count Down : 5
Client connected on 3109..............
Ep:563 step:0(99546), a_t=[s= 1.00, t= 0.782168, b= 0.000000], r_t=[r= 0.52, prog= 0.52, pen=-0.00, r_old= 0.52], Reward=  0.52 /  0.52 /  11266.31, epsilon=  0.676, speed=  0.17, gear= 1, damage= 0.00
META = 1 ... Running backwards
=============================================================
 starting episode: 564/2000
### TORCS is RELAUNCHED ###
Client connected on 3109..............
Ep:564 step:0(99564), a_t=[s= 0.96, t= 0.540253, b= 0.000000], r_t=[r= 0.78, prog= 0.78, pen=-0.00, r_old= 0.78], Reward=  0.78 /  0.78 /  11266.31, epsilon=  0.676, speed=  0.26, gear= 1, damage= 0.00
META = 1 ... Running backwards
=============================================================
 starting episode: 565/2000
Waiting for server on 3109............
Count Down : 5
Client connected on 3109..............
Ep:565 step:0(99584), a_t=[s=-0.26, t= 0.608146, b= 0.000000], r_t=[r= 0.76, prog= 0.76, pen=-0.00, r_old= 0.76], Reward=  0.76 /  0.76 /  11266.31, epsilon=  0.676, speed=  0.25, gear= 1, damage= 0.00
Ep:565 step:20(99604), a_t=[s= 0.78, t= 0.634821, b= 0.000000], r_t=[r=-20.25, prog= 15.57, pen=-35.82, r_old=-20.25], Reward=  698.42 /  714.32 /  11266.31, epsilon=  0.676, speed=  14.88, gear= 1, damage= 168.00
META = 1 ... Running backwards
=============================================================
 starting episode: 566/2000
Waiting for server on 3109............
Count Down : 5
Client connected on 3109..............
Ep:566 step:0(99607), a_t=[s= 1.00, t= 0.712492, b= 0.000000], r_t=[r= 0.66, prog= 0.66, pen=-0.00, r_old= 0.66], Reward=  0.66 /  0.66 /  11266.31, epsilon=  0.676, speed=  0.22, gear= 1, damage= 0.00
META = 1 ... out of track
=============================================================
 starting episode: 567/2000
Waiting for server on 3109............
Count Down : 5
Client connected on 3109..............
Ep:567 step:0(99623), a_t=[s= 1.00, t= 0.766185, b= 0.000000], r_t=[r= 0.47, prog= 0.47, pen=-0.00, r_old= 0.47], Reward=  0.47 /  0.47 /  11266.31, epsilon=  0.676, speed=  0.16, gear= 1, damage= 0.00
META = 1 ... out of track
=============================================================
 starting episode: 568/2000
Waiting for server on 3109............
Count Down : 5
Client connected on 3109..............
Ep:568 step:0(99639), a_t=[s= 1.00, t= 0.606621, b= 0.000000], r_t=[r= 0.70, prog= 0.70, pen=-0.00, r_old= 0.70], Reward=  0.70 /  0.70 /  11266.31, epsilon=  0.676, speed=  0.23, gear= 1, damage= 0.00
Ep:568 step:20(99659), a_t=[s= 0.94, t= 0.596970, b= 0.000000], r_t=[r=-17.24, prog= 25.05, pen=-42.29, r_old=-17.24], Reward=  485.05 /  478.66 /  11266.31, epsilon=  0.676, speed=  17.93, gear= 1, damage= 109.00
META = 1 ... Running backwards
=============================================================
 starting episode: 569/2000
Waiting for server on 3109............
Count Down : 5
Client connected on 3109..............
Ep:569 step:0(99662), a_t=[s=-0.01, t= 0.692304, b= 0.000000], r_t=[r= 0.02, prog= 0.02, pen=-0.00, r_old= 0.02], Reward=  0.02 /  0.02 /  11266.31, epsilon=  0.676, speed=  0.01, gear= 1, damage= 0.00
META = 1 ... out of track
=============================================================
 starting episode: 570/2000
### TORCS is RELAUNCHED ###
Client connected on 3109..............
Ep:570 step:0(99679), a_t=[s= 0.73, t= 0.708962, b= 0.000000], r_t=[r= 0.72, prog= 0.72, pen=-0.00, r_old= 0.72], Reward=  0.72 /  0.72 /  11266.31, epsilon=  0.676, speed=  0.24, gear= 1, damage= 0.00
META = 1 ... Running backwards
=============================================================
 starting episode: 571/2000
Waiting for server on 3109............
Count Down : 5
Client connected on 3109..............
Ep:571 step:0(99697), a_t=[s= 1.00, t= 0.609065, b= 0.000000], r_t=[r= 0.51, prog= 0.51, pen=-0.00, r_old= 0.51], Reward=  0.51 /  0.51 /  11266.31, epsilon=  0.676, speed=  0.17, gear= 1, damage= 0.00
META = 1 ... out of track
=============================================================
 starting episode: 572/2000
Waiting for server on 3109............
Count Down : 5
Client connected on 3109..............
Ep:572 step:0(99713), a_t=[s= 0.55, t= 0.717632, b= 0.000000], r_t=[r= 0.22, prog= 0.22, pen=-0.00, r_old= 0.22], Reward=  0.22 /  0.22 /  11266.31, epsilon=  0.675, speed=  0.07, gear= 1, damage= 0.00
META = 1 ... Running backwards
=============================================================
 starting episode: 573/2000
Waiting for server on 3109............
Count Down : 5
Client connected on 3109..............
Ep:573 step:0(99731), a_t=[s= 0.44, t= 0.770243, b= 0.000000], r_t=[r= 0.32, prog= 0.32, pen=-0.00, r_old= 0.32], Reward=  0.32 /  0.32 /  11266.31, epsilon=  0.675, speed=  0.11, gear= 1, damage= 0.00
META = 1 ... Running backwards
=============================================================
 starting episode: 574/2000
Waiting for server on 3109............
Count Down : 5
Client connected on 3109..............
Ep:574 step:0(99751), a_t=[s= 0.55, t= 0.692828, b= 0.000000], r_t=[r= 0.35, prog= 0.35, pen=-0.00, r_old= 0.35], Reward=  0.35 /  0.35 /  11266.31, epsilon=  0.675, speed=  0.12, gear= 1, damage= 0.00
Ep:574 step:20(99771), a_t=[s= 0.60, t= 0.728931, b= 0.000000], r_t=[r= 184.28, prog= 207.60, pen=-23.31, r_old= 184.28], Reward=  1604.24 /  1604.24 /  11266.31, epsilon=  0.675, speed=  69.37, gear= 1, damage= 0.00
META = 1 ... Running backwards
Ep:574 step:40(99791), a_t=[s=-0.20, t= 0.669028, b= 0.000000], r_t=[r= 6.48, prog= 1.55, pen= 4.93, r_old= 6.48], Reward=  3058.21 /  2986.42 /  11266.31, epsilon=  0.675, speed= -9.99, gear= 1, damage= 25.00
=============================================================
 starting episode: 575/2000
Waiting for server on 3109............
Count Down : 5
Client connected on 3109..............
Ep:575 step:0(99792), a_t=[s= 0.22, t= 0.767167, b= 0.000000], r_t=[r= 0.28, prog= 0.28, pen=-0.00, r_old= 0.28], Reward=  0.28 /  0.28 /  11266.31, epsilon=  0.675, speed=  0.09, gear= 1, damage= 0.00
META = 1 ... Running backwards
=============================================================
 starting episode: 576/2000
### TORCS is RELAUNCHED ###
Client connected on 3109..............
Ep:576 step:0(99812), a_t=[s= 0.95, t= 0.581869, b= 0.000000], r_t=[r= 0.69, prog= 0.69, pen=-0.00, r_old= 0.69], Reward=  0.69 /  0.69 /  11266.31, epsilon=  0.675, speed=  0.23, gear= 1, damage= 0.00
META = 1 ... Running backwards
=============================================================
 starting episode: 577/2000
Waiting for server on 3109............
Count Down : 5
Client connected on 3109..............
Ep:577 step:0(99832), a_t=[s= 0.67, t= 0.664993, b= 0.000000], r_t=[r= 0.56, prog= 0.56, pen=-0.00, r_old= 0.56], Reward=  0.56 /  0.56 /  11266.31, epsilon=  0.675, speed=  0.19, gear= 1, damage= 0.00
Ep:577 step:20(99852), a_t=[s= 0.37, t= 0.801436, b= 0.000000], r_t=[r=-17.43, prog= 37.51, pen=-54.94, r_old=-17.43], Reward=  575.99 /  569.18 /  11266.31, epsilon=  0.675, speed=  23.64, gear= 1, damage= 141.00
META = 1 ... Running backwards
=============================================================
 starting episode: 578/2000
Waiting for server on 3109............
Count Down : 5
Client connected on 3109..............
Ep:578 step:0(99855), a_t=[s= 0.96, t= 0.713523, b= 0.000000], r_t=[r= 0.66, prog= 0.66, pen=-0.00, r_old= 0.66], Reward=  0.66 /  0.66 /  11266.31, epsilon=  0.675, speed=  0.22, gear= 1, damage= 0.00
META = 1 ... out of track
=============================================================
 starting episode: 579/2000
Waiting for server on 3109............
Count Down : 5
Client connected on 3109..............
Ep:579 step:0(99872), a_t=[s=-0.02, t= 0.536511, b= 0.000000], r_t=[r= 0.50, prog= 0.50, pen=-0.00, r_old= 0.50], Reward=  0.50 /  0.50 /  11266.31, epsilon=  0.675, speed=  0.17, gear= 1, damage= 0.00
META = 1 ... Running backwards
Ep:579 step:20(99892), a_t=[s= 0.43, t= 0.691558, b= 0.000000], r_t=[r= 7.43, prog= 13.39, pen=-5.96, r_old=-12.00], Reward=  125.94 /  119.66 /  11266.31, epsilon=  0.675, speed= -10.94, gear= 1, damage= 396.00
=============================================================
 starting episode: 580/2000
Client connected on 3109..............
Ep:580 step:0(99893), a_t=[s= 1.00, t= 1.000000, b= 0.000000], r_t=[r= 0.20, prog= 0.20, pen=-0.00, r_old= 0.20], Reward=  0.20 /  0.20 /  11266.31, epsilon=  0.675, speed=  0.07, gear= 1, damage= 0.00
META = 1 ... Running backwards
=============================================================
 starting episode: 581/2000
Waiting for server on 3109............
Count Down : 5
Client connected on 3109..............
Ep:581 step:0(99906), a_t=[s= 0.38, t= 0.695373, b= 0.000000], r_t=[r= 0.10, prog= 0.10, pen=-0.00, r_old= 0.10], Reward=  0.10 /  0.10 /  11266.31, epsilon=  0.675, speed=  0.03, gear= 1, damage= 0.00
Ep:581 step:20(99926), a_t=[s= 0.43, t= 0.697846, b= 0.000000], r_t=[r=-105.82, prog= 52.71, pen=-158.53, r_old=-89.00], Reward=  914.46 /  931.28 /  11266.31, epsilon=  0.675, speed=  30.30, gear= 1, damage= 89.00
META = 1 ... Running backwards
=============================================================
 starting episode: 582/2000
### TORCS is RELAUNCHED ###
Client connected on 3109..............
Ep:582 step:0(99930), a_t=[s= 1.00, t= 0.596856, b= 0.000000], r_t=[r= 0.70, prog= 0.70, pen=-0.00, r_old= 0.70], Reward=  0.70 /  0.70 /  11266.31, epsilon=  0.675, speed=  0.23, gear= 1, damage= 0.00
META = 1 ... Running backwards
=============================================================
 starting episode: 583/2000
Waiting for server on 3109............
Count Down : 5
Client connected on 3109..............
Ep:583 step:0(99949), a_t=[s= 1.00, t= 0.687344, b= 0.000000], r_t=[r= 0.72, prog= 0.72, pen=-0.00, r_old= 0.72], Reward=  0.72 /  0.72 /  11266.31, epsilon=  0.675, speed=  0.24, gear= 1, damage= 0.00
Ep:583 step:20(99969), a_t=[s= 0.48, t= 0.709288, b= 0.000000], r_t=[r=-17.87, prog= 16.40, pen=-34.27, r_old=-17.87], Reward=  451.94 /  462.87 /  11266.31, epsilon=  0.675, speed=  14.30, gear= 1, damage= 224.00
META = 1 ... Running backwards
=============================================================
 starting episode: 584/2000
Waiting for server on 3109............
Count Down : 5
Client connected on 3109..............
Ep:584 step:0(99972), a_t=[s=-0.68, t= 0.679669, b= 0.000000], r_t=[r= 0.13, prog= 0.13, pen=-0.00, r_old= 0.13], Reward=  0.13 /  0.13 /  11266.31, epsilon=  0.675, speed=  0.04, gear= 1, damage= 0.00
META = 1 ... Running backwards
=============================================================
 starting episode: 585/2000
Waiting for server on 3109............
Count Down : 5
Client connected on 3109..............
Ep:585 step:0(99991), a_t=[s= 0.99, t= 0.643495, b= 0.000000], r_t=[r= 0.70, prog= 0.70, pen=-0.00, r_old= 0.70], Reward=  0.70 /  0.70 /  11266.31, epsilon=  0.675, speed=  0.23, gear= 1, damage= 0.00
META = 1 ... out of track
=============================================================
 starting episode: 586/2000
Waiting for server on 3109............
Count Down : 5
Client connected on 3109..............
Ep:586 step:0(100007), a_t=[s= 1.00, t= 0.673914, b= 0.000000], r_t=[r= 0.49, prog= 0.49, pen=-0.00, r_old= 0.49], Reward=  0.49 /  0.49 /  11266.31, epsilon=  0.675, speed=  0.16, gear= 1, damage= 0.00
META = 1 ... Running backwards
=============================================================
 starting episode: 587/2000
Waiting for server on 3109............
Count Down : 5
Client connected on 3109..............
Ep:587 step:0(100027), a_t=[s= 0.79, t= 0.728051, b= 0.000000], r_t=[r= 0.61, prog= 0.62, pen=-0.00, r_old= 0.61], Reward=  0.61 /  0.61 /  11266.31, epsilon=  0.674, speed=  0.21, gear= 1, damage= 0.00
META = 1 ... out of track
=============================================================
 starting episode: 588/2000
### TORCS is RELAUNCHED ###
Client connected on 3109..............
Ep:588 step:0(100044), a_t=[s= 1.00, t= 0.627977, b= 0.000000], r_t=[r= 0.70, prog= 0.70, pen=-0.00, r_old= 0.70], Reward=  0.70 /  0.70 /  11266.31, epsilon=  0.674, speed=  0.23, gear= 1, damage= 0.00
META = 1 ... out of track
=============================================================
 starting episode: 589/2000
Waiting for server on 3109............
Count Down : 5
Client connected on 3109..............
Ep:589 step:0(100060), a_t=[s= 0.86, t= 0.632930, b= 0.000000], r_t=[r= 0.67, prog= 0.67, pen=-0.00, r_old= 0.67], Reward=  0.67 /  0.67 /  11266.31, epsilon=  0.674, speed=  0.22, gear= 1, damage= 0.00
META = 1 ... out of track
=============================================================
 starting episode: 590/2000
Waiting for server on 3109............
Count Down : 5
Client connected on 3109..............
Ep:590 step:0(100076), a_t=[s= 0.25, t= 0.605727, b= 0.000000], r_t=[r= 0.51, prog= 0.51, pen=-0.00, r_old= 0.51], Reward=  0.51 /  0.51 /  11266.31, epsilon=  0.674, speed=  0.17, gear= 1, damage= 0.00
META = 1 ... Running backwards
=============================================================
 starting episode: 591/2000
Waiting for server on 3109............
Count Down : 5
Client connected on 3109..............
Ep:591 step:0(100096), a_t=[s= 0.54, t= 0.628602, b= 0.000000], r_t=[r= 0.16, prog= 0.16, pen=-0.00, r_old= 0.16], Reward=  0.16 /  0.16 /  11266.31, epsilon=  0.674, speed=  0.05, gear= 1, damage= 0.00
META = 1 ... out of track
=============================================================
 starting episode: 592/2000
Waiting for server on 3109............
Count Down : 5
Client connected on 3109..............
Ep:592 step:0(100113), a_t=[s= 0.99, t= 0.699467, b= 0.000000], r_t=[r= 0.65, prog= 0.65, pen=-0.00, r_old= 0.65], Reward=  0.65 /  0.65 /  11266.31, epsilon=  0.674, speed=  0.22, gear= 1, damage= 0.00
META = 1 ... out of track
=============================================================
 starting episode: 593/2000
Waiting for server on 3109............
Count Down : 5
Client connected on 3109..............
Ep:593 step:0(100131), a_t=[s= 0.51, t= 0.782630, b= 0.000000], r_t=[r= 0.51, prog= 0.51, pen=-0.00, r_old= 0.51], Reward=  0.51 /  0.51 /  11266.31, epsilon=  0.674, speed=  0.17, gear= 1, damage= 0.00
Ep:593 step:20(100151), a_t=[s= 0.59, t= 0.629658, b= 0.000000], r_t=[r=-20.47, prog= 23.66, pen=-44.14, r_old=-20.47], Reward=  671.56 /  682.57 /  11266.31, epsilon=  0.674, speed=  18.58, gear= 1, damage= 181.00
META = 1 ... Running backwards
=============================================================
 starting episode: 594/2000
### TORCS is RELAUNCHED ###
Client connected on 3109..............
Ep:594 step:0(100154), a_t=[s= 1.00, t= 0.555188, b= 0.000000], r_t=[r= 0.69, prog= 0.69, pen=-0.00, r_old= 0.69], Reward=  0.69 /  0.69 /  11266.31, epsilon=  0.674, speed=  0.23, gear= 1, damage= 0.00
Ep:594 step:20(100174), a_t=[s= 0.94, t= 0.650565, b= 0.000000], r_t=[r=-21.55, prog= 17.55, pen=-39.10, r_old=-21.55], Reward=  470.73 /  485.90 /  11266.31, epsilon=  0.674, speed=  16.31, gear= 1, damage= 265.00
META = 1 ... Running backwards
=============================================================
 starting episode: 595/2000
Waiting for server on 3109............
Count Down : 5
Client connected on 3109..............
Ep:595 step:0(100177), a_t=[s= 0.29, t= 0.629888, b= 0.000000], r_t=[r= 0.29, prog= 0.29, pen=-0.00, r_old= 0.29], Reward=  0.29 /  0.29 /  11266.31, epsilon=  0.674, speed=  0.10, gear= 1, damage= 0.00
META = 1 ... Running backwards
Ep:595 step:20(100197), a_t=[s= 0.77, t= 0.652585, b= 0.000000], r_t=[r=-0.48, prog= 8.75, pen=-9.23, r_old=-14.00], Reward=  66.67 /  63.98 /  11266.31, epsilon=  0.674, speed= -9.13, gear= 1, damage= 404.00
=============================================================
 starting episode: 596/2000
Waiting for server on 3109............
Count Down : 5
Client connected on 3109..............
Ep:596 step:0(100198), a_t=[s= 0.97, t= 0.569026, b= 0.000000], r_t=[r= 0.69, prog= 0.69, pen=-0.00, r_old= 0.69], Reward=  0.69 /  0.69 /  11266.31, epsilon=  0.674, speed=  0.23, gear= 1, damage= 0.00
META = 1 ... out of track
=============================================================
 starting episode: 597/2000
Waiting for server on 3109............
Count Down : 5
Client connected on 3109..............
Ep:597 step:0(100214), a_t=[s=-0.30, t= 0.623859, b= 0.000000], r_t=[r= 0.25, prog= 0.25, pen=-0.00, r_old= 0.25], Reward=  0.25 /  0.25 /  11266.31, epsilon=  0.674, speed=  0.08, gear= 1, damage= 0.00
META = 1 ... out of track
=============================================================
 starting episode: 598/2000
Waiting for server on 3109............
Count Down : 5
Client connected on 3109..............
Ep:598 step:0(100231), a_t=[s= 1.00, t= 0.568976, b= 0.000000], r_t=[r= 0.69, prog= 0.69, pen=-0.00, r_old= 0.69], Reward=  0.69 /  0.69 /  11266.31, epsilon=  0.674, speed=  0.23, gear= 1, damage= 0.00
META = 1 ... out of track
=============================================================
 starting episode: 599/2000
Waiting for server on 3109............
Count Down : 5
Client connected on 3109..............
Ep:599 step:0(100247), a_t=[s= 0.44, t= 0.822702, b= 0.000000], r_t=[r= 0.55, prog= 0.55, pen=-0.00, r_old= 0.55], Reward=  0.55 /  0.55 /  11266.31, epsilon=  0.674, speed=  0.18, gear= 1, damage= 0.00
META = 1 ... Running backwards
