=============================================================
 starting episode: 1300/2000
Waiting for server on 3109............
Count Down : 5
Client connected on 3109..............
Ep:1300 step:0(152037), a_t=[s= 1.00, t= 1.000000, b= 0.000000], r_t=[r= 0.20, prog= 0.20, pen=-0.00, r_old= 0.20], Reward=  0.20 /  0.20 /  11266.31, epsilon=  0.503, speed=  0.07, gear= 1, damage= 0.00
META = 1 ... Running backwards
=============================================================
 starting episode: 1301/2000
Waiting for server on 3109............
Count Down : 5
Client connected on 3109..............
Ep:1301 step:0(152050), a_t=[s= 0.60, t= 0.695663, b= 0.000000], r_t=[r= 0.37, prog= 0.37, pen=-0.00, r_old= 0.37], Reward=  0.37 /  0.37 /  11266.31, epsilon=  0.503, speed=  0.12, gear= 1, damage= 0.00
META = 1 ... out of track
=============================================================
 starting episode: 1302/2000
### TORCS is RELAUNCHED ###
Client connected on 3109..............
Ep:1302 step:0(152065), a_t=[s= 1.00, t= 0.752248, b= 0.000000], r_t=[r= 0.44, prog= 0.44, pen=-0.00, r_old= 0.44], Reward=  0.44 /  0.44 /  11266.31, epsilon=  0.503, speed=  0.15, gear= 1, damage= 0.00
META = 1 ... out of track
=============================================================
 starting episode: 1303/2000
Waiting for server on 3109............
Count Down : 5
Client connected on 3109..............
Ep:1303 step:0(152080), a_t=[s= 0.84, t= 0.678953, b= 0.000000], r_t=[r= 0.39, prog= 0.40, pen=-0.00, r_old= 0.39], Reward=  0.39 /  0.39 /  11266.31, epsilon=  0.503, speed=  0.13, gear= 1, damage= 0.00
META = 1 ... Running backwards
=============================================================
 starting episode: 1304/2000
Waiting for server on 3109............
Count Down : 5
Client connected on 3109..............
Ep:1304 step:0(152098), a_t=[s= 0.09, t= 0.780333, b= 0.000000], r_t=[r= 0.30, prog= 0.30, pen=-0.00, r_old= 0.30], Reward=  0.30 /  0.30 /  11266.31, epsilon=  0.502, speed=  0.10, gear= 1, damage= 0.00
META = 1 ... Running backwards
=============================================================
 starting episode: 1305/2000
Waiting for server on 3109............
Count Down : 5
Client connected on 3109..............
Ep:1305 step:0(152116), a_t=[s= 0.71, t= 0.776924, b= 0.000000], r_t=[r= 0.39, prog= 0.40, pen=-0.00, r_old= 0.39], Reward=  0.39 /  0.39 /  11266.31, epsilon=  0.502, speed=  0.13, gear= 1, damage= 0.00
Ep:1305 step:20(152136), a_t=[s= 1.00, t= 0.655649, b= 0.000000], r_t=[r=-0.08, prog= 0.02, pen=-0.10, r_old=-0.08], Reward= -615.97 / -612.52 /  11266.31, epsilon=  0.502, speed=  0.04, gear= 1, damage= 879.00
Ep:1305 step:40(152156), a_t=[s= 1.00, t= 0.747010, b= 0.000000], r_t=[r=-0.01, prog=-0.02, pen= 0.02, r_old=-0.01], Reward= -618.13 / -614.68 /  11266.31, epsilon=  0.502, speed= -0.03, gear= 1, damage= 879.00
Ep:1305 step:60(152176), a_t=[s= 0.26, t= 0.759233, b= 0.000000], r_t=[r=-0.13, prog= 0.09, pen=-0.23, r_old=-0.13], Reward= -621.62 / -618.17 /  11266.31, epsilon=  0.502, speed=  0.09, gear= 1, damage= 879.00
Ep:1305 step:80(152196), a_t=[s= 0.75, t= 0.642739, b= 0.000000], r_t=[r=-0.22, prog= 0.22, pen=-0.43, r_old=-0.22], Reward= -624.07 / -620.62 /  11266.31, epsilon=  0.502, speed=  0.18, gear= 1, damage= 879.00
Ep:1305 step:100(152216), a_t=[s= 0.29, t= 0.806742, b= 0.000000], r_t=[r=-0.23, prog= 0.56, pen=-0.79, r_old=-0.23], Reward= -628.69 / -625.24 /  11266.31, epsilon=  0.502, speed=  0.34, gear= 1, damage= 879.00
Ep:1305 step:120(152236), a_t=[s= 0.65, t= 0.726143, b= 0.000000], r_t=[r=-0.18, prog= 0.73, pen=-0.91, r_old=-0.18], Reward= -630.86 / -627.41 /  11266.31, epsilon=  0.502, speed=  0.40, gear= 1, damage= 879.00
Ep:1305 step:140(152256), a_t=[s= 1.00, t= 0.737892, b= 0.000000], r_t=[r=-0.06, prog= 0.58, pen=-0.63, r_old=-0.06], Reward= -632.77 / -629.32 /  11266.31, epsilon=  0.502, speed=  0.28, gear= 1, damage= 879.00
Ep:1305 step:160(152276), a_t=[s= 0.36, t= 0.738780, b= 0.000000], r_t=[r= 0.01, prog= 1.29, pen=-1.28, r_old= 0.01], Reward= -633.47 / -630.03 /  11266.31, epsilon=  0.502, speed=  0.59, gear= 1, damage= 879.00
Ep:1305 step:180(152296), a_t=[s= 0.93, t= 0.771151, b= 0.000000], r_t=[r= 0.07, prog= 1.00, pen=-0.92, r_old= 0.07], Reward= -632.58 / -629.13 /  11266.31, epsilon=  0.502, speed=  0.43, gear= 1, damage= 879.00
Ep:1305 step:200(152316), a_t=[s= 0.97, t= 0.769185, b= 0.000000], r_t=[r= 0.11, prog= 0.81, pen=-0.71, r_old= 0.11], Reward= -629.98 / -626.54 /  11266.31, epsilon=  0.502, speed=  0.34, gear= 1, damage= 879.00
Ep:1305 step:220(152336), a_t=[s= 0.88, t= 0.781045, b= 0.000000], r_t=[r= 0.20, prog= 1.13, pen=-0.93, r_old= 0.20], Reward= -625.51 / -622.07 /  11266.31, epsilon=  0.502, speed=  0.45, gear= 1, damage= 879.00
Ep:1305 step:240(152356), a_t=[s= 1.00, t= 0.714983, b= 0.000000], r_t=[r= 0.32, prog= 1.43, pen=-1.11, r_old= 0.32], Reward= -618.00 / -614.55 /  11266.31, epsilon=  0.502, speed=  0.55, gear= 1, damage= 879.00
Ep:1305 step:260(152376), a_t=[s= 1.00, t= 0.826780, b= 0.005842], r_t=[r= 0.61, prog= 2.28, pen=-1.67, r_old= 0.61], Reward= -604.89 / -601.44 /  11266.31, epsilon=  0.502, speed=  0.84, gear= 1, damage= 879.00
Ep:1305 step:280(152396), a_t=[s= 1.00, t= 0.840573, b= 0.000000], r_t=[r= 1.56, prog= 4.87, pen=-3.32, r_old= 1.56], Reward= -578.92 / -575.47 /  11266.31, epsilon=  0.501, speed=  1.73, gear= 1, damage= 879.00
Ep:1305 step:300(152416), a_t=[s= 1.00, t= 0.736841, b= 0.000000], r_t=[r= 2.41, prog= 6.98, pen=-4.56, r_old= 2.41], Reward= -537.72 / -534.27 /  11266.31, epsilon=  0.501, speed=  2.43, gear= 1, damage= 879.00
Ep:1305 step:320(152436), a_t=[s= 1.00, t= 0.696335, b= 0.000000], r_t=[r= 2.22, prog= 6.20, pen=-3.98, r_old= 2.22], Reward= -481.22 / -477.78 /  11266.31, epsilon=  0.501, speed=  2.14, gear= 1, damage= 879.00
Ep:1305 step:340(152456), a_t=[s= 0.72, t= 0.760016, b= 0.000000], r_t=[r= 2.18, prog= 6.26, pen=-4.08, r_old= 2.18], Reward= -421.67 / -418.22 /  11266.31, epsilon=  0.501, speed=  2.17, gear= 1, damage= 879.00
Ep:1305 step:360(152476), a_t=[s= 1.00, t= 0.769446, b= 0.000000], r_t=[r= 3.66, prog= 10.32, pen=-6.66, r_old= 3.66], Reward= -372.22 / -374.89 /  11266.31, epsilon=  0.501, speed=  3.57, gear= 1, damage= 896.00
Ep:1305 step:380(152496), a_t=[s= 0.41, t= 0.686394, b= 0.000000], r_t=[r= 2.64, prog= 7.60, pen=-4.96, r_old= 2.64], Reward= -318.60 / -321.27 /  11266.31, epsilon=  0.501, speed=  2.64, gear= 1, damage= 896.00
Ep:1305 step:400(152516), a_t=[s= 0.98, t= 0.768730, b= 0.000000], r_t=[r= 2.78, prog= 8.21, pen=-5.43, r_old= 2.78], Reward= -254.54 / -257.21 /  11266.31, epsilon=  0.501, speed=  2.87, gear= 1, damage= 896.00
Ep:1305 step:420(152536), a_t=[s=-0.41, t= 0.738822, b= 0.000000], r_t=[r= 3.61, prog= 10.10, pen=-6.49, r_old= 3.61], Reward= -201.87 / -204.54 /  11266.31, epsilon=  0.501, speed=  3.49, gear= 1, damage= 896.00
Ep:1305 step:440(152556), a_t=[s= 0.53, t= 0.700197, b= 0.000000], r_t=[r= 2.47, prog= 7.17, pen=-4.70, r_old= 2.47], Reward= -140.16 / -142.83 /  11266.31, epsilon=  0.501, speed=  2.50, gear= 1, damage= 896.00
Ep:1305 step:460(152576), a_t=[s= 1.00, t= 0.702727, b= 0.000000], r_t=[r= 2.30, prog= 6.70, pen=-4.40, r_old= 2.30], Reward= -85.09 / -87.75 /  11266.31, epsilon=  0.501, speed=  2.33, gear= 1, damage= 896.00
Ep:1305 step:480(152596), a_t=[s= 1.00, t= 0.832374, b= 0.000000], r_t=[r= 2.83, prog= 8.24, pen=-5.41, r_old= 2.83], Reward= -19.54 / -25.52 /  11266.31, epsilon=  0.501, speed=  2.87, gear= 1, damage= 898.00
Ep:1305 step:500(152616), a_t=[s= 0.54, t= 0.766602, b= 0.000000], r_t=[r= 3.52, prog= 9.93, pen=-6.41, r_old= 3.52], Reward=  40.55 /  34.58 /  11266.31, epsilon=  0.501, speed=  3.43, gear= 1, damage= 898.00
Ep:1305 step:520(152636), a_t=[s= 0.86, t= 0.751066, b= 0.009322], r_t=[r= 2.25, prog= 6.36, pen=-4.11, r_old= 2.25], Reward=  100.00 /  94.03 /  11266.31, epsilon=  0.501, speed=  2.20, gear= 1, damage= 898.00
Ep:1305 step:540(152656), a_t=[s= 0.60, t= 0.690695, b= 0.000000], r_t=[r= 3.13, prog= 9.16, pen=-6.03, r_old= 3.13], Reward=  160.81 /  154.83 /  11266.31, epsilon=  0.501, speed=  3.20, gear= 1, damage= 898.00
Ep:1305 step:560(152676), a_t=[s= 1.00, t= 0.845274, b= 0.000000], r_t=[r= 3.02, prog= 8.62, pen=-5.60, r_old= 3.02], Reward=  215.71 /  206.15 /  11266.31, epsilon=  0.501, speed=  2.99, gear= 1, damage= 901.00
Ep:1305 step:580(152696), a_t=[s= 0.56, t= 0.786469, b= 0.000000], r_t=[r= 4.12, prog= 11.40, pen=-7.28, r_old= 4.12], Reward=  277.52 /  267.96 /  11266.31, epsilon=  0.500, speed=  3.93, gear= 1, damage= 901.00
Ep:1305 step:600(152716), a_t=[s= 1.00, t= 0.761441, b= 0.000000], r_t=[r= 2.73, prog= 7.75, pen=-5.03, r_old= 2.73], Reward=  334.59 /  325.03 /  11266.31, epsilon=  0.500, speed=  2.69, gear= 1, damage= 901.00
Ep:1305 step:620(152736), a_t=[s= 1.00, t= 0.815598, b= 0.000000], r_t=[r= 2.60, prog= 7.24, pen=-4.63, r_old= 2.60], Reward=  396.40 /  386.84 /  11266.31, epsilon=  0.500, speed=  2.49, gear= 1, damage= 901.00
Ep:1305 step:640(152756), a_t=[s=-0.22, t= 0.689535, b= 0.000000], r_t=[r= 3.13, prog= 8.84, pen=-5.71, r_old= 3.13], Reward=  456.25 /  442.54 /  11266.31, epsilon=  0.500, speed=  3.06, gear= 1, damage= 906.00
Ep:1305 step:660(152776), a_t=[s= 0.98, t= 0.760554, b= 0.000000], r_t=[r= 2.94, prog= 8.18, pen=-5.24, r_old= 2.94], Reward=  522.68 /  500.40 /  11266.31, epsilon=  0.500, speed=  2.82, gear= 1, damage= 911.00
Ep:1305 step:680(152796), a_t=[s= 0.99, t= 0.788626, b= 0.000000], r_t=[r=-11.62, prog= 9.82, pen=-21.44, r_old=-15.00], Reward=  566.64 /  540.98 /  11266.31, epsilon=  0.500, speed=  3.42, gear= 1, damage= 926.00
Ep:1305 step:700(152816), a_t=[s= 1.00, t= 0.690771, b= 0.000000], r_t=[r= 2.52, prog= 6.99, pen=-4.47, r_old= 2.52], Reward=  625.08 /  599.42 /  11266.31, epsilon=  0.500, speed=  2.41, gear= 1, damage= 926.00
Ep:1305 step:720(152836), a_t=[s= 0.54, t= 0.757336, b= 0.000000], r_t=[r= 3.45, prog= 9.67, pen=-6.22, r_old= 3.45], Reward=  689.29 /  663.63 /  11266.31, epsilon=  0.500, speed=  3.34, gear= 1, damage= 926.00
Ep:1305 step:740(152856), a_t=[s= 0.70, t= 0.742348, b= 0.000000], r_t=[r= 2.70, prog= 7.49, pen=-4.79, r_old= 2.70], Reward=  742.51 /  716.85 /  11266.31, epsilon=  0.500, speed=  2.58, gear= 1, damage= 926.00
Ep:1305 step:760(152876), a_t=[s= 1.00, t= 0.731468, b= 0.000000], r_t=[r= 2.47, prog= 6.93, pen=-4.46, r_old= 2.47], Reward=  799.52 /  773.86 /  11266.31, epsilon=  0.500, speed=  2.40, gear= 1, damage= 926.00
Ep:1305 step:780(152896), a_t=[s= 1.00, t= 0.747452, b= 0.000000], r_t=[r= 2.65, prog= 7.64, pen=-4.99, r_old= 2.65], Reward=  861.94 /  836.27 /  11266.31, epsilon=  0.500, speed=  2.66, gear= 1, damage= 926.00
Ep:1305 step:800(152916), a_t=[s= 0.63, t= 0.730069, b= 0.000000], r_t=[r= 3.27, prog= 9.09, pen=-5.82, r_old= 3.27], Reward=  915.23 /  889.57 /  11266.31, epsilon=  0.500, speed=  3.14, gear= 1, damage= 926.00
Ep:1305 step:820(152936), a_t=[s= 0.96, t= 0.763017, b= 0.000000], r_t=[r= 2.24, prog= 6.30, pen=-4.06, r_old= 2.24], Reward=  974.14 /  948.48 /  11266.31, epsilon=  0.500, speed=  2.18, gear= 1, damage= 926.00
Ep:1305 step:840(152956), a_t=[s= 0.79, t= 0.742665, b= 0.000000], r_t=[r= 2.77, prog= 7.72, pen=-4.95, r_old= 2.77], Reward=  1032.58 /  1006.91 /  11266.31, epsilon=  0.500, speed=  2.67, gear= 1, damage= 926.00
Ep:1305 step:860(152976), a_t=[s= 0.16, t= 0.792473, b= 0.000000], r_t=[r= 3.16, prog= 9.09, pen=-5.94, r_old= 3.16], Reward=  1094.55 /  1068.88 /  11266.31, epsilon=  0.500, speed=  3.16, gear= 1, damage= 926.00
Ep:1305 step:880(152996), a_t=[s= 0.25, t= 0.666290, b= 0.020424], r_t=[r= 2.85, prog= 7.92, pen=-5.07, r_old= 2.85], Reward=  1144.56 /  1118.90 /  11266.31, epsilon=  0.499, speed=  2.73, gear= 1, damage= 926.00
Ep:1305 step:900(153016), a_t=[s= 0.06, t= 0.697033, b= 0.000000], r_t=[r= 3.66, prog= 10.17, pen=-6.51, r_old= 3.66], Reward=  1205.04 /  1179.37 /  11266.31, epsilon=  0.499, speed=  3.51, gear= 1, damage= 926.00
Ep:1305 step:920(153036), a_t=[s= 0.54, t= 0.737705, b= 0.000000], r_t=[r= 2.96, prog= 8.21, pen=-5.25, r_old= 2.96], Reward=  1264.15 /  1238.49 /  11266.31, epsilon=  0.499, speed=  2.83, gear= 1, damage= 926.00
Ep:1305 step:940(153056), a_t=[s= 1.00, t= 0.808408, b= 0.000000], r_t=[r= 3.70, prog= 10.30, pen=-6.60, r_old= 3.70], Reward=  1321.56 /  1295.90 /  11266.31, epsilon=  0.499, speed=  3.56, gear= 1, damage= 926.00
Ep:1305 step:960(153076), a_t=[s= 0.67, t= 0.651990, b= 0.000000], r_t=[r= 2.39, prog= 6.67, pen=-4.28, r_old= 2.39], Reward=  1362.72 /  1333.54 /  11266.31, epsilon=  0.499, speed=  2.30, gear= 1, damage= 937.00
Ep:1305 step:980(153096), a_t=[s= 0.65, t= 0.692680, b= 0.000000], r_t=[r= 2.45, prog= 6.79, pen=-4.34, r_old= 2.45], Reward=  1413.71 /  1384.52 /  11266.31, epsilon=  0.499, speed=  2.34, gear= 1, damage= 937.00
Ep:1305 step:1000(153116), a_t=[s= 0.77, t= 0.724186, b= 0.000000], r_t=[r= 2.93, prog= 8.10, pen=-5.18, r_old= 2.93], Reward=  1473.37 /  1444.19 /  11266.31, epsilon=  0.499, speed=  2.79, gear= 1, damage= 937.00
Ep:1305 step:1020(153136), a_t=[s= 0.72, t= 0.755372, b= 0.000000], r_t=[r= 2.36, prog= 6.69, pen=-4.32, r_old= 2.36], Reward=  1532.21 /  1503.03 /  11266.31, epsilon=  0.499, speed=  2.32, gear= 1, damage= 937.00
Ep:1305 step:1040(153156), a_t=[s= 0.90, t= 0.852614, b= 0.000000], r_t=[r= 2.47, prog= 6.96, pen=-4.49, r_old= 2.47], Reward=  1592.94 /  1563.75 /  11266.31, epsilon=  0.499, speed=  2.41, gear= 1, damage= 937.00
Ep:1305 step:1060(153176), a_t=[s= 0.85, t= 0.751399, b= 0.000000], r_t=[r= 2.97, prog= 8.52, pen=-5.55, r_old= 2.97], Reward=  1656.03 /  1626.85 /  11266.31, epsilon=  0.499, speed=  2.96, gear= 1, damage= 937.00
Ep:1305 step:1080(153196), a_t=[s= 1.00, t= 0.658346, b= 0.000000], r_t=[r= 3.38, prog= 9.37, pen=-5.99, r_old= 3.38], Reward=  1717.72 /  1688.54 /  11266.31, epsilon=  0.499, speed=  3.23, gear= 1, damage= 937.00
Ep:1305 step:1100(153216), a_t=[s= 0.67, t= 0.728238, b= 0.000000], r_t=[r= 2.72, prog= 7.71, pen=-4.99, r_old= 2.72], Reward=  1770.71 /  1741.52 /  11266.31, epsilon=  0.499, speed=  2.67, gear= 1, damage= 937.00
Ep:1305 step:1120(153236), a_t=[s= 0.77, t= 0.658867, b= 0.000000], r_t=[r= 2.62, prog= 7.28, pen=-4.67, r_old= 2.62], Reward=  1829.98 /  1800.79 /  11266.31, epsilon=  0.499, speed=  2.51, gear= 1, damage= 937.00
Ep:1305 step:1140(153256), a_t=[s= 0.32, t= 0.624898, b= 0.000000], r_t=[r= 2.81, prog= 8.02, pen=-5.21, r_old= 2.81], Reward=  1886.78 /  1857.59 /  11266.31, epsilon=  0.499, speed=  2.79, gear= 1, damage= 937.00
Ep:1305 step:1160(153276), a_t=[s= 0.40, t= 0.795567, b= 0.000000], r_t=[r= 2.89, prog= 8.15, pen=-5.26, r_old= 2.89], Reward=  1947.33 /  1918.15 /  11266.31, epsilon=  0.499, speed=  2.82, gear= 1, damage= 937.00
Ep:1305 step:1180(153296), a_t=[s= 0.98, t= 0.712293, b= 0.000000], r_t=[r= 2.44, prog= 6.77, pen=-4.34, r_old= 2.44], Reward=  2009.44 /  1980.25 /  11266.31, epsilon=  0.498, speed=  2.34, gear= 1, damage= 937.00
Ep:1305 step:1200(153316), a_t=[s= 0.73, t= 0.755596, b= 0.000000], r_t=[r= 2.57, prog= 7.22, pen=-4.65, r_old= 2.57], Reward=  2063.73 /  2031.04 /  11266.31, epsilon=  0.498, speed=  2.50, gear= 1, damage= 941.00
Ep:1305 step:1220(153336), a_t=[s= 0.78, t= 0.736178, b= 0.000000], r_t=[r= 3.08, prog= 8.53, pen=-5.45, r_old= 3.08], Reward=  2122.24 /  2089.55 /  11266.31, epsilon=  0.498, speed=  2.94, gear= 1, damage= 941.00
Ep:1305 step:1240(153356), a_t=[s= 0.89, t= 0.835185, b= 0.000000], r_t=[r= 2.68, prog= 7.55, pen=-4.87, r_old= 2.68], Reward=  2175.05 /  2142.36 /  11266.31, epsilon=  0.498, speed=  2.61, gear= 1, damage= 941.00
Ep:1305 step:1260(153376), a_t=[s=-0.18, t= 0.856031, b= 0.000000], r_t=[r= 4.35, prog= 12.12, pen=-7.77, r_old= 4.35], Reward=  2236.77 /  2204.08 /  11266.31, epsilon=  0.498, speed=  4.18, gear= 1, damage= 941.00
Ep:1305 step:1280(153396), a_t=[s= 0.59, t= 0.751992, b= 0.000000], r_t=[r= 2.50, prog= 7.04, pen=-4.53, r_old= 2.50], Reward=  2291.35 /  2258.66 /  11266.31, epsilon=  0.498, speed=  2.43, gear= 1, damage= 941.00
Ep:1305 step:1300(153416), a_t=[s= 0.30, t= 0.781876, b= 0.000000], r_t=[r= 3.27, prog= 9.16, pen=-5.90, r_old= 3.27], Reward=  2345.30 /  2312.61 /  11266.31, epsilon=  0.498, speed=  3.17, gear= 1, damage= 941.00
Ep:1305 step:1320(153436), a_t=[s= 0.86, t= 0.783517, b= 0.000000], r_t=[r= 3.34, prog= 9.28, pen=-5.94, r_old= 3.34], Reward=  2404.57 /  2371.88 /  11266.31, epsilon=  0.498, speed=  3.20, gear= 1, damage= 941.00
Ep:1305 step:1340(153456), a_t=[s= 0.24, t= 0.706969, b= 0.000000], r_t=[r= 4.11, prog= 11.42, pen=-7.30, r_old= 4.11], Reward=  2465.97 /  2433.28 /  11266.31, epsilon=  0.498, speed=  3.94, gear= 1, damage= 941.00
Ep:1305 step:1360(153476), a_t=[s= 1.00, t= 0.760781, b= 0.000000], r_t=[r= 1.71, prog= 4.96, pen=-3.25, r_old= 1.71], Reward=  2523.91 /  2491.22 /  11266.31, epsilon=  0.498, speed=  1.73, gear= 1, damage= 941.00
Ep:1305 step:1380(153496), a_t=[s= 0.74, t= 0.776415, b= 0.000000], r_t=[r= 2.46, prog= 6.94, pen=-4.48, r_old= 2.46], Reward=  2578.59 /  2545.90 /  11266.31, epsilon=  0.498, speed=  2.40, gear= 1, damage= 941.00
Ep:1305 step:1400(153516), a_t=[s= 1.00, t= 0.689347, b= 0.000000], r_t=[r= 2.76, prog= 7.80, pen=-5.04, r_old= 2.76], Reward=  2638.59 /  2605.90 /  11266.31, epsilon=  0.498, speed=  2.70, gear= 1, damage= 941.00
Ep:1305 step:1420(153536), a_t=[s= 0.49, t= 0.762623, b= 0.000000], r_t=[r= 3.12, prog= 8.69, pen=-5.57, r_old= 3.12], Reward=  2694.46 /  2661.77 /  11266.31, epsilon=  0.498, speed=  3.00, gear= 1, damage= 941.00
Ep:1305 step:1440(153556), a_t=[s= 1.00, t= 0.856947, b= 0.000000], r_t=[r= 4.06, prog= 11.24, pen=-7.18, r_old= 4.06], Reward=  2754.67 /  2721.98 /  11266.31, epsilon=  0.498, speed=  3.88, gear= 1, damage= 941.00
Ep:1305 step:1460(153576), a_t=[s= 0.35, t= 0.747125, b= 0.000000], r_t=[r= 3.41, prog= 9.54, pen=-6.12, r_old= 3.41], Reward=  2811.75 /  2779.06 /  11266.31, epsilon=  0.498, speed=  3.29, gear= 1, damage= 941.00
Ep:1305 step:1480(153596), a_t=[s= 0.51, t= 0.737291, b= 0.000000], r_t=[r= 3.01, prog= 8.39, pen=-5.38, r_old= 3.01], Reward=  2867.18 /  2834.49 /  11266.31, epsilon=  0.497, speed=  2.90, gear= 1, damage= 941.00
Ep:1305 step:1500(153616), a_t=[s= 0.51, t= 0.673092, b= 0.000000], r_t=[r= 2.84, prog= 7.92, pen=-5.09, r_old= 2.84], Reward=  2926.05 /  2893.36 /  11266.31, epsilon=  0.497, speed=  2.74, gear= 1, damage= 941.00
Ep:1305 step:1520(153636), a_t=[s= 0.71, t= 0.693877, b= 0.000000], r_t=[r= 3.66, prog= 9.98, pen=-6.32, r_old= 3.66], Reward=  2982.30 /  2949.62 /  11266.31, epsilon=  0.497, speed=  3.43, gear= 1, damage= 941.00
Ep:1305 step:1540(153656), a_t=[s= 0.59, t= 0.747727, b= 0.000000], r_t=[r= 2.54, prog= 7.19, pen=-4.64, r_old= 2.54], Reward=  3042.32 /  3009.63 /  11266.31, epsilon=  0.497, speed=  2.49, gear= 1, damage= 941.00
Ep:1305 step:1560(153676), a_t=[s= 1.00, t= 0.694856, b= 0.000000], r_t=[r= 2.55, prog= 7.29, pen=-4.74, r_old= 2.55], Reward=  3103.59 /  3070.90 /  11266.31, epsilon=  0.497, speed=  2.53, gear= 1, damage= 941.00
Ep:1305 step:1580(153696), a_t=[s= 0.90, t= 0.752025, b= 0.000000], r_t=[r= 2.31, prog= 6.71, pen=-4.40, r_old= 2.31], Reward=  3162.88 /  3130.19 /  11266.31, epsilon=  0.497, speed=  2.34, gear= 1, damage= 941.00
Ep:1305 step:1600(153716), a_t=[s= 0.91, t= 0.806842, b= 0.000000], r_t=[r= 2.25, prog= 6.29, pen=-4.04, r_old= 2.25], Reward=  3220.39 /  3187.70 /  11266.31, epsilon=  0.497, speed=  2.17, gear= 1, damage= 941.00
Ep:1305 step:1620(153736), a_t=[s= 0.50, t= 0.776342, b= 0.000000], r_t=[r= 3.10, prog= 8.81, pen=-5.71, r_old= 3.10], Reward=  3283.64 /  3250.95 /  11266.31, epsilon=  0.497, speed=  3.05, gear= 1, damage= 941.00
Ep:1305 step:1640(153756), a_t=[s= 0.48, t= 0.666058, b= 0.000000], r_t=[r= 2.58, prog= 7.28, pen=-4.70, r_old= 2.58], Reward=  3342.61 /  3309.92 /  11266.31, epsilon=  0.497, speed=  2.52, gear= 1, damage= 941.00
Ep:1305 step:1660(153776), a_t=[s= 0.93, t= 0.813155, b= 0.000000], r_t=[r= 2.26, prog= 6.52, pen=-4.26, r_old= 2.26], Reward=  3398.65 /  3365.96 /  11266.31, epsilon=  0.497, speed=  2.27, gear= 1, damage= 941.00
Ep:1305 step:1680(153796), a_t=[s= 1.00, t= 0.772292, b= 0.000000], r_t=[r= 2.39, prog= 6.75, pen=-4.36, r_old= 2.39], Reward=  3454.89 /  3422.20 /  11266.31, epsilon=  0.497, speed=  2.34, gear= 1, damage= 941.00
Ep:1305 step:1700(153816), a_t=[s= 0.37, t= 0.755987, b= 0.000000], r_t=[r= 3.11, prog= 8.64, pen=-5.53, r_old= 3.11], Reward=  3506.24 /  3473.55 /  11266.31, epsilon=  0.497, speed=  2.98, gear= 1, damage= 941.00
Ep:1305 step:1720(153836), a_t=[s= 0.64, t= 0.769954, b= 0.000000], r_t=[r= 3.07, prog= 8.80, pen=-5.74, r_old= 3.07], Reward=  3575.64 /  3542.95 /  11266.31, epsilon=  0.497, speed=  3.06, gear= 1, damage= 941.00
Ep:1305 step:1740(153856), a_t=[s= 0.96, t= 0.746335, b= 0.000000], r_t=[r= 2.25, prog= 6.34, pen=-4.09, r_old= 2.25], Reward=  3629.43 /  3596.74 /  11266.31, epsilon=  0.497, speed=  2.20, gear= 1, damage= 941.00
Ep:1305 step:1760(153876), a_t=[s= 0.80, t= 0.735270, b= 0.000000], r_t=[r= 2.41, prog= 6.77, pen=-4.36, r_old= 2.41], Reward=  3677.46 /  3640.54 /  11266.31, epsilon=  0.497, speed=  2.34, gear= 1, damage= 953.00
Ep:1305 step:1780(153896), a_t=[s= 0.55, t= 0.765813, b= 0.000560], r_t=[r= 3.31, prog= 9.19, pen=-5.89, r_old= 3.31], Reward=  3735.04 /  3698.13 /  11266.31, epsilon=  0.496, speed=  3.17, gear= 1, damage= 953.00
Ep:1305 step:1800(153916), a_t=[s= 0.88, t= 0.705601, b= 0.000000], r_t=[r= 3.21, prog= 8.96, pen=-5.76, r_old= 3.21], Reward=  3793.74 /  3756.83 /  11266.31, epsilon=  0.496, speed=  3.10, gear= 1, damage= 953.00
Ep:1305 step:1820(153936), a_t=[s= 0.80, t= 0.689109, b= 0.000000], r_t=[r=-6.45, prog= 10.35, pen=-16.80, r_old=-10.00], Reward=  3845.13 /  3804.67 /  11266.31, epsilon=  0.496, speed=  3.61, gear= 1, damage= 963.00
Ep:1305 step:1840(153956), a_t=[s= 0.79, t= 0.672675, b= 0.000000], r_t=[r= 2.59, prog= 7.22, pen=-4.63, r_old= 2.59], Reward=  3900.59 /  3860.13 /  11266.31, epsilon=  0.496, speed=  2.49, gear= 1, damage= 963.00
Ep:1305 step:1860(153976), a_t=[s= 0.55, t= 0.760780, b= 0.000000], r_t=[r= 2.72, prog= 7.76, pen=-5.03, r_old= 2.72], Reward=  3963.51 /  3923.05 /  11266.31, epsilon=  0.496, speed=  2.69, gear= 1, damage= 963.00
Ep:1305 step:1880(153996), a_t=[s= 0.60, t= 0.789521, b= 0.000000], r_t=[r= 4.82, prog= 13.87, pen=-9.05, r_old= 4.82], Reward=  4039.01 /  3998.55 /  11266.31, epsilon=  0.496, speed=  4.82, gear= 1, damage= 963.00
Ep:1305 step:1900(154016), a_t=[s= 0.43, t= 0.744452, b= 0.000000], r_t=[r= 3.26, prog= 9.20, pen=-5.93, r_old= 3.26], Reward=  4111.39 /  4070.93 /  11266.31, epsilon=  0.496, speed=  3.18, gear= 1, damage= 963.00
Ep:1305 step:1920(154036), a_t=[s= 1.00, t= 0.730876, b= 0.000000], r_t=[r= 2.58, prog= 7.20, pen=-4.62, r_old= 2.58], Reward=  4167.31 /  4126.85 /  11266.31, epsilon=  0.496, speed=  2.49, gear= 1, damage= 963.00
Ep:1305 step:1940(154056), a_t=[s= 0.02, t= 0.718987, b= 0.000000], r_t=[r= 4.67, prog= 12.98, pen=-8.30, r_old= 4.67], Reward=  4233.95 /  4193.49 /  11266.31, epsilon=  0.496, speed=  4.48, gear= 1, damage= 963.00
Ep:1305 step:1960(154076), a_t=[s= 0.90, t= 0.771738, b= 0.000000], r_t=[r= 2.28, prog= 6.45, pen=-4.17, r_old= 2.28], Reward=  4292.52 /  4252.06 /  11266.31, epsilon=  0.496, speed=  2.23, gear= 1, damage= 963.00
Ep:1305 step:1980(154096), a_t=[s= 0.92, t= 0.752981, b= 0.000000], r_t=[r= 3.68, prog= 10.32, pen=-6.65, r_old= 3.68], Reward=  4358.47 /  4318.01 /  11266.31, epsilon=  0.496, speed=  3.57, gear= 1, damage= 963.00
=============================================================
 starting episode: 1306/2000
Waiting for server on 3109............
Count Down : 5
Client connected on 3109..............
Ep:1306 step:0(154116), a_t=[s= 0.20, t= 0.711651, b= 0.000000], r_t=[r= 0.36, prog= 0.36, pen=-0.00, r_old= 0.36], Reward=  0.36 /  0.36 /  11266.31, epsilon=  0.496, speed=  0.12, gear= 1, damage= 0.00
META = 1 ... out of track
=============================================================
 starting episode: 1307/2000
Waiting for server on 3109............
Count Down : 5
Client connected on 3109..............
Ep:1307 step:0(154131), a_t=[s= 1.00, t= 0.668592, b= 0.000000], r_t=[r= 0.63, prog= 0.64, pen=-0.00, r_old= 0.63], Reward=  0.63 /  0.63 /  11266.31, epsilon=  0.496, speed=  0.21, gear= 1, damage= 0.00
META = 1 ... Running backwards
=============================================================
 starting episode: 1308/2000
### TORCS is RELAUNCHED ###
Client connected on 3109..............
Ep:1308 step:0(154149), a_t=[s= 0.58, t= 0.751650, b= 0.000000], r_t=[r= 0.60, prog= 0.60, pen=-0.00, r_old= 0.60], Reward=  0.60 /  0.60 /  11266.31, epsilon=  0.496, speed=  0.20, gear= 1, damage= 0.00
META = 1 ... Running backwards
Ep:1308 step:20(154169), a_t=[s= 0.56, t= 0.752162, b= 0.000000], r_t=[r=-2.89, prog= 2.52, pen=-5.41, r_old=-10.00], Reward=  241.58 /  244.49 /  11266.31, epsilon=  0.496, speed= -9.32, gear= 1, damage= 348.00
=============================================================
 starting episode: 1309/2000
Waiting for server on 3109............
Count Down : 5
Client connected on 3109..............
Ep:1309 step:0(154170), a_t=[s= 1.00, t= 0.755062, b= 0.000000], r_t=[r= 0.51, prog= 0.51, pen=-0.00, r_old= 0.51], Reward=  0.51 /  0.51 /  11266.31, epsilon=  0.496, speed=  0.17, gear= 1, damage= 0.00
META = 1 ... Running backwards
=============================================================
 starting episode: 1310/2000
Waiting for server on 3109............
Count Down : 5
Client connected on 3109..............
Ep:1310 step:0(154188), a_t=[s= 0.98, t= 0.608352, b= 0.000000], r_t=[r= 0.70, prog= 0.70, pen=-0.00, r_old= 0.70], Reward=  0.70 /  0.70 /  11266.31, epsilon=  0.495, speed=  0.23, gear= 1, damage= 0.00
META = 1 ... Running backwards
=============================================================
 starting episode: 1311/2000
Waiting for server on 3109............
Count Down : 5
Client connected on 3109..............
Ep:1311 step:0(154207), a_t=[s= 0.61, t= 0.778644, b= 0.000000], r_t=[r= 0.59, prog= 0.59, pen=-0.00, r_old= 0.59], Reward=  0.59 /  0.59 /  11266.31, epsilon=  0.495, speed=  0.20, gear= 1, damage= 0.00
META = 1 ... Running backwards
=============================================================
 starting episode: 1312/2000
Waiting for server on 3109............
Count Down : 5
Client connected on 3109..............
Ep:1312 step:0(154224), a_t=[s= 0.81, t= 0.786364, b= 0.000000], r_t=[r= 0.64, prog= 0.64, pen=-0.00, r_old= 0.64], Reward=  0.64 /  0.64 /  11266.31, epsilon=  0.495, speed=  0.21, gear= 1, damage= 0.00
META = 1 ... out of track
=============================================================
 starting episode: 1313/2000
Waiting for server on 3109............
Count Down : 5
Client connected on 3109..............
Ep:1313 step:0(154239), a_t=[s= 1.00, t= 0.720329, b= 0.000000], r_t=[r= 0.46, prog= 0.46, pen=-0.00, r_old= 0.46], Reward=  0.46 /  0.46 /  11266.31, epsilon=  0.495, speed=  0.15, gear= 1, damage= 0.00
META = 1 ... out of track
=============================================================
 starting episode: 1314/2000
### TORCS is RELAUNCHED ###
Client connected on 3109..............
Ep:1314 step:0(154254), a_t=[s= 0.38, t= 0.800018, b= 0.000000], r_t=[r= 0.77, prog= 0.77, pen=-0.00, r_old= 0.77], Reward=  0.77 /  0.77 /  11266.31, epsilon=  0.495, speed=  0.26, gear= 1, damage= 0.00
META = 1 ... out of track
=============================================================
 starting episode: 1315/2000
Waiting for server on 3109............
Count Down : 5
Client connected on 3109..............
Ep:1315 step:0(154269), a_t=[s= 0.59, t= 0.773708, b= 0.000000], r_t=[r= 0.52, prog= 0.52, pen=-0.00, r_old= 0.52], Reward=  0.52 /  0.52 /  11266.31, epsilon=  0.495, speed=  0.17, gear= 1, damage= 0.00
META = 1 ... out of track
=============================================================
 starting episode: 1316/2000
Waiting for server on 3109............
Count Down : 5
Client connected on 3109..............
Ep:1316 step:0(154284), a_t=[s= 1.00, t= 0.705551, b= 0.000000], r_t=[r= 0.67, prog= 0.67, pen=-0.00, r_old= 0.67], Reward=  0.67 /  0.67 /  11266.31, epsilon=  0.495, speed=  0.22, gear= 1, damage= 0.00
META = 1 ... out of track
=============================================================
 starting episode: 1317/2000
Waiting for server on 3109............
Count Down : 5
Client connected on 3109..............
Ep:1317 step:0(154299), a_t=[s= 0.84, t= 0.711672, b= 0.000000], r_t=[r= 0.50, prog= 0.50, pen=-0.00, r_old= 0.50], Reward=  0.50 /  0.50 /  11266.31, epsilon=  0.495, speed=  0.17, gear= 1, damage= 0.00
META = 1 ... out of track
=============================================================
 starting episode: 1318/2000
Waiting for server on 3109............
Count Down : 5
Client connected on 3109..............
Ep:1318 step:0(154314), a_t=[s= 1.00, t= 0.771011, b= 0.000000], r_t=[r= 0.48, prog= 0.48, pen=-0.00, r_old= 0.48], Reward=  0.48 /  0.48 /  11266.31, epsilon=  0.495, speed=  0.16, gear= 1, damage= 0.00
META = 1 ... out of track
=============================================================
 starting episode: 1319/2000
Waiting for server on 3109............
Count Down : 5
Client connected on 3109..............
Ep:1319 step:0(154329), a_t=[s= 0.67, t= 0.744749, b= 0.000000], r_t=[r= 0.61, prog= 0.62, pen=-0.00, r_old= 0.61], Reward=  0.61 /  0.61 /  11266.31, epsilon=  0.495, speed=  0.21, gear= 1, damage= 0.00
META = 1 ... out of track
=============================================================
 starting episode: 1320/2000
### TORCS is RELAUNCHED ###
Client connected on 3109..............
Ep:1320 step:0(154344), a_t=[s= 1.00, t= 1.000000, b= 0.000000], r_t=[r= 0.20, prog= 0.20, pen=-0.00, r_old= 0.20], Reward=  0.20 /  0.20 /  11266.31, epsilon=  0.495, speed=  0.07, gear= 1, damage= 0.00
META = 1 ... Running backwards
=============================================================
 starting episode: 1321/2000
Waiting for server on 3109............
Count Down : 5
Client connected on 3109..............
Ep:1321 step:0(154357), a_t=[s= 0.35, t= 0.759739, b= 0.000000], r_t=[r=-0.02, prog=-0.02, pen= 0.00, r_old=-0.02], Reward= -0.02 / -0.02 /  11266.31, epsilon=  0.495, speed= -0.01, gear= 1, damage= 0.00
META = 1 ... Running backwards
=============================================================
 starting episode: 1322/2000
Waiting for server on 3109............
Count Down : 5
Client connected on 3109..............
Ep:1322 step:0(154376), a_t=[s= 1.00, t= 0.750019, b= 0.000000], r_t=[r= 0.56, prog= 0.56, pen=-0.00, r_old= 0.56], Reward=  0.56 /  0.56 /  11266.31, epsilon=  0.495, speed=  0.19, gear= 1, damage= 0.00
META = 1 ... Running backwards
=============================================================
 starting episode: 1323/2000
Waiting for server on 3109............
Count Down : 5
Client connected on 3109..............
Ep:1323 step:0(154393), a_t=[s= 1.00, t= 0.774562, b= 0.000000], r_t=[r= 0.34, prog= 0.34, pen=-0.00, r_old= 0.34], Reward=  0.34 /  0.34 /  11266.31, epsilon=  0.495, speed=  0.11, gear= 1, damage= 0.00
META = 1 ... Running backwards
=============================================================
 starting episode: 1324/2000
Waiting for server on 3109............
Count Down : 5
Client connected on 3109..............
Ep:1324 step:0(154412), a_t=[s= 0.83, t= 0.732133, b= 0.000000], r_t=[r= 0.42, prog= 0.42, pen=-0.00, r_old= 0.42], Reward=  0.42 /  0.42 /  11266.31, epsilon=  0.495, speed=  0.14, gear= 1, damage= 0.00
META = 1 ... Running backwards
=============================================================
 starting episode: 1325/2000
Waiting for server on 3109............
Count Down : 5
Client connected on 3109..............
Ep:1325 step:0(154431), a_t=[s= 1.00, t= 0.846420, b= 0.000000], r_t=[r= 0.76, prog= 0.76, pen=-0.00, r_old= 0.76], Reward=  0.76 /  0.76 /  11266.31, epsilon=  0.495, speed=  0.25, gear= 1, damage= 0.00
META = 1 ... out of track
=============================================================
 starting episode: 1326/2000
### TORCS is RELAUNCHED ###
Client connected on 3109..............
Ep:1326 step:0(154446), a_t=[s= 0.82, t= 0.710817, b= 0.011365], r_t=[r= 0.53, prog= 0.53, pen=-0.00, r_old= 0.53], Reward=  0.53 /  0.53 /  11266.31, epsilon=  0.495, speed=  0.18, gear= 1, damage= 0.00
META = 1 ... Running backwards
=============================================================
 starting episode: 1327/2000
Waiting for server on 3109............
Count Down : 5
Client connected on 3109..............
Ep:1327 step:0(154464), a_t=[s= 0.51, t= 0.754303, b= 0.000000], r_t=[r= 0.31, prog= 0.31, pen=-0.00, r_old= 0.31], Reward=  0.31 /  0.31 /  11266.31, epsilon=  0.495, speed=  0.10, gear= 1, damage= 0.00
META = 1 ... Running backwards
=============================================================
 starting episode: 1328/2000
Waiting for server on 3109............
Count Down : 5
Client connected on 3109..............
Ep:1328 step:0(154481), a_t=[s= 0.96, t= 0.788054, b= 0.000000], r_t=[r= 0.35, prog= 0.35, pen=-0.00, r_old= 0.35], Reward=  0.35 /  0.35 /  11266.31, epsilon=  0.495, speed=  0.12, gear= 1, damage= 0.00
META = 1 ... Running backwards
=============================================================
 starting episode: 1329/2000
Waiting for server on 3109............
Count Down : 5
Client connected on 3109..............
Ep:1329 step:0(154499), a_t=[s= 0.29, t= 0.730505, b= 0.000000], r_t=[r= 0.26, prog= 0.26, pen=-0.00, r_old= 0.26], Reward=  0.26 /  0.26 /  11266.31, epsilon=  0.494, speed=  0.09, gear= 1, damage= 0.00
META = 1 ... out of track
=============================================================
 starting episode: 1330/2000
Waiting for server on 3109............
Count Down : 5
Client connected on 3109..............
Ep:1330 step:0(154514), a_t=[s= 1.00, t= 0.738675, b= 0.000000], r_t=[r= 0.66, prog= 0.66, pen=-0.00, r_old= 0.66], Reward=  0.66 /  0.66 /  11266.31, epsilon=  0.494, speed=  0.22, gear= 1, damage= 0.00
META = 1 ... out of track
=============================================================
 starting episode: 1331/2000
Waiting for server on 3109............
Count Down : 5
Client connected on 3109..............
Ep:1331 step:0(154529), a_t=[s= 0.42, t= 0.771732, b= 0.012674], r_t=[r= 0.49, prog= 0.49, pen=-0.00, r_old= 0.49], Reward=  0.49 /  0.49 /  11266.31, epsilon=  0.494, speed=  0.16, gear= 1, damage= 0.00
META = 1 ... Running backwards
=============================================================
 starting episode: 1332/2000
### TORCS is RELAUNCHED ###
Client connected on 3109..............
Ep:1332 step:0(154547), a_t=[s= 0.84, t= 0.773373, b= 0.000000], r_t=[r= 0.23, prog= 0.23, pen=-0.00, r_old= 0.23], Reward=  0.23 /  0.23 /  11266.31, epsilon=  0.494, speed=  0.08, gear= 1, damage= 0.00
META = 1 ... Running backwards
=============================================================
 starting episode: 1333/2000
Waiting for server on 3109............
Count Down : 5
Client connected on 3109..............
Ep:1333 step:0(154564), a_t=[s= 0.76, t= 0.768457, b= 0.000000], r_t=[r= 0.43, prog= 0.43, pen=-0.00, r_old= 0.43], Reward=  0.43 /  0.43 /  11266.31, epsilon=  0.494, speed=  0.14, gear= 1, damage= 0.00
META = 1 ... Running backwards
=============================================================
 starting episode: 1334/2000
Waiting for server on 3109............
Count Down : 5
Client connected on 3109..............
Ep:1334 step:0(154581), a_t=[s= 0.10, t= 0.719161, b= 0.000000], r_t=[r= 0.20, prog= 0.20, pen=-0.00, r_old= 0.20], Reward=  0.20 /  0.20 /  11266.31, epsilon=  0.494, speed=  0.07, gear= 1, damage= 0.00
META = 1 ... Running backwards
=============================================================
 starting episode: 1335/2000
Client connected on 3109..............
Ep:1335 step:0(154599), a_t=[s= 0.62, t= 0.697908, b= 0.000000], r_t=[r= 0.45, prog= 0.45, pen=-0.00, r_old= 0.45], Reward=  0.45 /  0.45 /  11266.31, epsilon=  0.494, speed=  0.15, gear= 1, damage= 0.00
META = 1 ... Running backwards
=============================================================
 starting episode: 1336/2000
Waiting for server on 3109............
Count Down : 5
Client connected on 3109..............
Ep:1336 step:0(154618), a_t=[s= 0.56, t= 0.745094, b= 0.000000], r_t=[r= 0.88, prog= 0.88, pen=-0.00, r_old= 0.88], Reward=  0.88 /  0.88 /  11266.31, epsilon=  0.494, speed=  0.29, gear= 1, damage= 0.00
META = 1 ... Running backwards
=============================================================
 starting episode: 1337/2000
Waiting for server on 3109............
Count Down : 5
Client connected on 3109..............
Ep:1337 step:0(154637), a_t=[s= 0.22, t= 0.632352, b= 0.000000], r_t=[r= 0.51, prog= 0.51, pen=-0.00, r_old= 0.51], Reward=  0.51 /  0.51 /  11266.31, epsilon=  0.494, speed=  0.17, gear= 1, damage= 0.00
META = 1 ... Running backwards
=============================================================
 starting episode: 1338/2000
### TORCS is RELAUNCHED ###
Client connected on 3109..............
Ep:1338 step:0(154655), a_t=[s= 1.00, t= 0.707352, b= 0.000000], r_t=[r= 0.67, prog= 0.67, pen=-0.00, r_old= 0.67], Reward=  0.67 /  0.67 /  11266.31, epsilon=  0.494, speed=  0.22, gear= 1, damage= 0.00
META = 1 ... Running backwards
=============================================================
 starting episode: 1339/2000
Waiting for server on 3109............
Count Down : 5
Client connected on 3109..............
Ep:1339 step:0(154673), a_t=[s= 0.77, t= 0.733241, b= 0.000000], r_t=[r= 0.35, prog= 0.35, pen=-0.00, r_old= 0.35], Reward=  0.35 /  0.35 /  11266.31, epsilon=  0.494, speed=  0.12, gear= 1, damage= 0.00
META = 1 ... Running backwards
=============================================================
 starting episode: 1340/2000
Waiting for server on 3109............
Count Down : 5
Client connected on 3109..............
Ep:1340 step:0(154691), a_t=[s= 1.00, t= 1.000000, b= 0.000000], r_t=[r= 0.20, prog= 0.20, pen=-0.00, r_old= 0.20], Reward=  0.20 /  0.20 /  11266.31, epsilon=  0.494, speed=  0.07, gear= 1, damage= 0.00
META = 1 ... Running backwards
=============================================================
 starting episode: 1341/2000
Waiting for server on 3109............
Count Down : 5
Client connected on 3109..............
Ep:1341 step:0(154704), a_t=[s= 1.00, t= 0.812565, b= 0.000000], r_t=[r= 0.77, prog= 0.77, pen=-0.00, r_old= 0.77], Reward=  0.77 /  0.77 /  11266.31, epsilon=  0.494, speed=  0.26, gear= 1, damage= 0.00
META = 1 ... Running backwards
=============================================================
 starting episode: 1342/2000
Waiting for server on 3109............
Count Down : 5
Client connected on 3109..............
Ep:1342 step:0(154723), a_t=[s= 0.12, t= 0.703523, b= 0.000000], r_t=[r= 0.39, prog= 0.39, pen=-0.00, r_old= 0.39], Reward=  0.39 /  0.39 /  11266.31, epsilon=  0.494, speed=  0.13, gear= 1, damage= 0.00
META = 1 ... out of track
=============================================================
 starting episode: 1343/2000
Waiting for server on 3109............
Count Down : 5
Client connected on 3109..............
Ep:1343 step:0(154738), a_t=[s= 0.62, t= 0.814005, b= 0.000000], r_t=[r= 0.34, prog= 0.34, pen=-0.00, r_old= 0.34], Reward=  0.34 /  0.34 /  11266.31, epsilon=  0.494, speed=  0.11, gear= 1, damage= 0.00
META = 1 ... out of track
=============================================================
 starting episode: 1344/2000
### TORCS is RELAUNCHED ###
Client connected on 3109..............
Ep:1344 step:0(154753), a_t=[s= 0.87, t= 0.809582, b= 0.000000], r_t=[r= 0.81, prog= 0.81, pen=-0.00, r_old= 0.81], Reward=  0.81 /  0.81 /  11266.31, epsilon=  0.494, speed=  0.27, gear= 1, damage= 0.00
META = 1 ... out of track
=============================================================
 starting episode: 1345/2000
Waiting for server on 3109............
Count Down : 5
Client connected on 3109..............
Ep:1345 step:0(154768), a_t=[s= 0.19, t= 0.800854, b= 0.000000], r_t=[r= 0.27, prog= 0.27, pen=-0.00, r_old= 0.27], Reward=  0.27 /  0.27 /  11266.31, epsilon=  0.494, speed=  0.09, gear= 1, damage= 0.00
META = 1 ... out of track
=============================================================
 starting episode: 1346/2000
Waiting for server on 3109............
Count Down : 5
Client connected on 3109..............
Ep:1346 step:0(154784), a_t=[s= 0.41, t= 0.817396, b= 0.000000], r_t=[r= 0.02, prog= 0.02, pen=-0.00, r_old= 0.02], Reward=  0.02 /  0.02 /  11266.31, epsilon=  0.494, speed=  0.01, gear= 1, damage= 0.00
META = 1 ... out of track
=============================================================
 starting episode: 1347/2000
Waiting for server on 3109............
Count Down : 5
Client connected on 3109..............
Ep:1347 step:0(154798), a_t=[s= 0.83, t= 0.675404, b= 0.000000], r_t=[r= 0.50, prog= 0.50, pen=-0.00, r_old= 0.50], Reward=  0.50 /  0.50 /  11266.31, epsilon=  0.494, speed=  0.17, gear= 1, damage= 0.00
META = 1 ... Running backwards
=============================================================
 starting episode: 1348/2000
Waiting for server on 3109............
Count Down : 5
Client connected on 3109..............
Ep:1348 step:0(154816), a_t=[s= 0.77, t= 0.704908, b= 0.000000], r_t=[r= 0.37, prog= 0.37, pen=-0.00, r_old= 0.37], Reward=  0.37 /  0.37 /  11266.31, epsilon=  0.493, speed=  0.12, gear= 1, damage= 0.00
META = 1 ... Running backwards
=============================================================
 starting episode: 1349/2000
Waiting for server on 3109............
Count Down : 5
Client connected on 3109..............
Ep:1349 step:0(154834), a_t=[s= 0.92, t= 0.785702, b= 0.000000], r_t=[r= 0.45, prog= 0.45, pen=-0.00, r_old= 0.45], Reward=  0.45 /  0.45 /  11266.31, epsilon=  0.493, speed=  0.15, gear= 1, damage= 0.00
META = 1 ... Running backwards
=============================================================
 starting episode: 1350/2000
### TORCS is RELAUNCHED ###
Client connected on 3109..............
Ep:1350 step:0(154852), a_t=[s= 0.48, t= 0.765778, b= 0.000000], r_t=[r= 0.60, prog= 0.60, pen=-0.00, r_old= 0.60], Reward=  0.60 /  0.60 /  11266.31, epsilon=  0.493, speed=  0.20, gear= 1, damage= 0.00
META = 1 ... out of track
=============================================================
 starting episode: 1351/2000
Waiting for server on 3109............
Count Down : 5
Client connected on 3109..............
Ep:1351 step:0(154867), a_t=[s= 1.00, t= 0.806773, b= 0.000000], r_t=[r= 0.52, prog= 0.52, pen=-0.00, r_old= 0.52], Reward=  0.52 /  0.52 /  11266.31, epsilon=  0.493, speed=  0.17, gear= 1, damage= 0.00
META = 1 ... out of track
=============================================================
 starting episode: 1352/2000
Waiting for server on 3109............
Count Down : 5
Client connected on 3109..............
Ep:1352 step:0(154882), a_t=[s= 0.83, t= 0.749421, b= 0.000000], r_t=[r= 0.48, prog= 0.49, pen=-0.00, r_old= 0.48], Reward=  0.48 /  0.48 /  11266.31, epsilon=  0.493, speed=  0.16, gear= 1, damage= 0.00
META = 1 ... out of track
=============================================================
 starting episode: 1353/2000
Waiting for server on 3109............
Count Down : 5
Client connected on 3109..............
Ep:1353 step:0(154896), a_t=[s= 1.00, t= 0.713353, b= 0.000000], r_t=[r= 0.53, prog= 0.53, pen=-0.00, r_old= 0.53], Reward=  0.53 /  0.53 /  11266.31, epsilon=  0.493, speed=  0.18, gear= 1, damage= 0.00
META = 1 ... Running backwards
=============================================================
 starting episode: 1354/2000
Waiting for server on 3109............
Count Down : 5
Client connected on 3109..............
Ep:1354 step:0(154915), a_t=[s=-0.19, t= 0.764253, b= 0.000000], r_t=[r= 0.08, prog= 0.08, pen=-0.00, r_old= 0.08], Reward=  0.08 /  0.08 /  11266.31, epsilon=  0.493, speed=  0.03, gear= 1, damage= 0.00
META = 1 ... out of track
=============================================================
 starting episode: 1355/2000
Waiting for server on 3109............
Count Down : 5
Client connected on 3109..............
Ep:1355 step:0(154929), a_t=[s= 1.00, t= 0.734392, b= 0.002600], r_t=[r= 0.77, prog= 0.77, pen=-0.00, r_old= 0.77], Reward=  0.77 /  0.77 /  11266.31, epsilon=  0.493, speed=  0.26, gear= 1, damage= 0.00
META = 1 ... Running backwards
=============================================================
 starting episode: 1356/2000
### TORCS is RELAUNCHED ###
Client connected on 3109..............
Ep:1356 step:0(154949), a_t=[s= 0.21, t= 0.762243, b= 0.000000], r_t=[r= 0.49, prog= 0.49, pen=-0.00, r_old= 0.49], Reward=  0.49 /  0.49 /  11266.31, epsilon=  0.493, speed=  0.16, gear= 1, damage= 0.00
META = 1 ... Running backwards
=============================================================
 starting episode: 1357/2000
Waiting for server on 3109............
Count Down : 5
Client connected on 3109..............
Ep:1357 step:0(154967), a_t=[s= 0.72, t= 0.683632, b= 0.000000], r_t=[r= 0.44, prog= 0.44, pen=-0.00, r_old= 0.44], Reward=  0.44 /  0.44 /  11266.31, epsilon=  0.493, speed=  0.15, gear= 1, damage= 0.00
META = 1 ... Running backwards
=============================================================
 starting episode: 1358/2000
Waiting for server on 3109............
Count Down : 5
Client connected on 3109..............
Ep:1358 step:0(154984), a_t=[s= 1.00, t= 0.791633, b= 0.000000], r_t=[r= 0.59, prog= 0.59, pen=-0.00, r_old= 0.59], Reward=  0.59 /  0.59 /  11266.31, epsilon=  0.493, speed=  0.20, gear= 1, damage= 0.00
META = 1 ... Running backwards
Ep:1358 step:20(155004), a_t=[s= 1.00, t= 0.773916, b= 0.000000], r_t=[r=-5.24, prog=-0.23, pen=-5.01, r_old=-5.24], Reward=  640.49 /  647.63 /  11266.31, epsilon=  0.493, speed=  2.01, gear= 1, damage= 183.00
=============================================================
 starting episode: 1359/2000
Waiting for server on 3109............
Count Down : 5
Client connected on 3109..............
Ep:1359 step:0(155005), a_t=[s= 0.91, t= 0.734699, b= 0.000000], r_t=[r= 0.46, prog= 0.46, pen=-0.00, r_old= 0.46], Reward=  0.46 /  0.46 /  11266.31, epsilon=  0.493, speed=  0.15, gear= 1, damage= 0.00
META = 1 ... Running backwards
=============================================================
 starting episode: 1360/2000
Client connected on 3109..............
Ep:1360 step:0(155023), a_t=[s= 1.00, t= 1.000000, b= 0.000000], r_t=[r= 0.20, prog= 0.20, pen=-0.00, r_old= 0.20], Reward=  0.20 /  0.20 /  11266.31, epsilon=  0.493, speed=  0.07, gear= 1, damage= 0.00
META = 1 ... Running backwards
=============================================================
 starting episode: 1361/2000
Waiting for server on 3109............
Count Down : 5
Client connected on 3109..............
Ep:1361 step:0(155036), a_t=[s= 0.55, t= 0.801693, b= 0.000000], r_t=[r= 0.43, prog= 0.43, pen=-0.00, r_old= 0.43], Reward=  0.43 /  0.43 /  11266.31, epsilon=  0.493, speed=  0.14, gear= 1, damage= 0.00
META = 1 ... Running backwards
=============================================================
 starting episode: 1362/2000
### TORCS is RELAUNCHED ###
Client connected on 3109..............
Ep:1362 step:0(155053), a_t=[s= 0.66, t= 0.794297, b= 0.000000], r_t=[r= 0.34, prog= 0.34, pen=-0.00, r_old= 0.34], Reward=  0.34 /  0.34 /  11266.31, epsilon=  0.493, speed=  0.11, gear= 1, damage= 0.00
META = 1 ... out of track
=============================================================
 starting episode: 1363/2000
Waiting for server on 3109............
Count Down : 5
Client connected on 3109..............
Ep:1363 step:0(155068), a_t=[s= 1.00, t= 0.806019, b= 0.000000], r_t=[r= 0.51, prog= 0.51, pen=-0.00, r_old= 0.51], Reward=  0.51 /  0.51 /  11266.31, epsilon=  0.493, speed=  0.17, gear= 1, damage= 0.00
META = 1 ... Running backwards
=============================================================
 starting episode: 1364/2000
Waiting for server on 3109............
Count Down : 5
Client connected on 3109..............
Ep:1364 step:0(155087), a_t=[s= 0.61, t= 0.833020, b= 0.000000], r_t=[r= 0.59, prog= 0.60, pen=-0.00, r_old= 0.59], Reward=  0.59 /  0.59 /  11266.31, epsilon=  0.493, speed=  0.20, gear= 1, damage= 0.00
META = 1 ... Running backwards
=============================================================
 starting episode: 1365/2000
Waiting for server on 3109............
Count Down : 5
Client connected on 3109..............
Ep:1365 step:0(155105), a_t=[s= 0.30, t= 0.691306, b= 0.000000], r_t=[r= 0.30, prog= 0.30, pen=-0.00, r_old= 0.30], Reward=  0.30 /  0.30 /  11266.31, epsilon=  0.493, speed=  0.10, gear= 1, damage= 0.00
META = 1 ... out of track
=============================================================
 starting episode: 1366/2000
Waiting for server on 3109............
Count Down : 5
Client connected on 3109..............
Ep:1366 step:0(155120), a_t=[s= 0.40, t= 0.744702, b= 0.000000], r_t=[r= 0.42, prog= 0.42, pen=-0.00, r_old= 0.42], Reward=  0.42 /  0.42 /  11266.31, epsilon=  0.493, speed=  0.14, gear= 1, damage= 0.00
META = 1 ... out of track
=============================================================
 starting episode: 1367/2000
Waiting for server on 3109............
Count Down : 5
Client connected on 3109..............
Ep:1367 step:0(155135), a_t=[s= 0.27, t= 0.703471, b= 0.000000], r_t=[r= 0.34, prog= 0.35, pen=-0.00, r_old= 0.34], Reward=  0.34 /  0.34 /  11266.31, epsilon=  0.492, speed=  0.12, gear= 1, damage= 0.00
META = 1 ... Running backwards
=============================================================
 starting episode: 1368/2000
### TORCS is RELAUNCHED ###
Client connected on 3109..............
Ep:1368 step:0(155153), a_t=[s= 0.63, t= 0.795202, b= 0.000000], r_t=[r= 0.52, prog= 0.52, pen=-0.00, r_old= 0.52], Reward=  0.52 /  0.52 /  11266.31, epsilon=  0.492, speed=  0.17, gear= 1, damage= 0.00
META = 1 ... out of track
=============================================================
 starting episode: 1369/2000
Waiting for server on 3109............
Count Down : 5
Client connected on 3109..............
Ep:1369 step:0(155168), a_t=[s= 0.81, t= 0.746199, b= 0.000000], r_t=[r= 0.57, prog= 0.57, pen=-0.00, r_old= 0.57], Reward=  0.57 /  0.57 /  11266.31, epsilon=  0.492, speed=  0.19, gear= 1, damage= 0.00
META = 1 ... out of track
=============================================================
 starting episode: 1370/2000
Waiting for server on 3109............
Count Down : 5
Client connected on 3109..............
Ep:1370 step:0(155184), a_t=[s= 0.98, t= 0.734395, b= 0.000000], r_t=[r= 0.43, prog= 0.43, pen=-0.00, r_old= 0.43], Reward=  0.43 /  0.43 /  11266.31, epsilon=  0.492, speed=  0.14, gear= 1, damage= 0.00
META = 1 ... out of track
=============================================================
 starting episode: 1371/2000
Waiting for server on 3109............
Count Down : 5
Client connected on 3109..............
Ep:1371 step:0(155199), a_t=[s= 1.00, t= 0.760562, b= 0.000000], r_t=[r= 0.31, prog= 0.31, pen=-0.00, r_old= 0.31], Reward=  0.31 /  0.31 /  11266.31, epsilon=  0.492, speed=  0.10, gear= 1, damage= 0.00
META = 1 ... out of track
=============================================================
 starting episode: 1372/2000
Waiting for server on 3109............
Count Down : 5
Client connected on 3109..............
Ep:1372 step:0(155214), a_t=[s= 1.00, t= 0.727796, b= 0.000000], r_t=[r= 0.71, prog= 0.71, pen=-0.00, r_old= 0.71], Reward=  0.71 /  0.71 /  11266.31, epsilon=  0.492, speed=  0.24, gear= 1, damage= 0.00
META = 1 ... out of track
=============================================================
 starting episode: 1373/2000
Waiting for server on 3109............
Count Down : 5
Client connected on 3109..............
Ep:1373 step:0(155228), a_t=[s= 0.33, t= 0.719953, b= 0.000000], r_t=[r= 0.72, prog= 0.72, pen=-0.00, r_old= 0.72], Reward=  0.72 /  0.72 /  11266.31, epsilon=  0.492, speed=  0.24, gear= 1, damage= 0.00
META = 1 ... out of track
=============================================================
 starting episode: 1374/2000
### TORCS is RELAUNCHED ###
Client connected on 3109..............
Ep:1374 step:0(155242), a_t=[s= 1.00, t= 0.754284, b= 0.000000], r_t=[r= 0.38, prog= 0.38, pen=-0.00, r_old= 0.38], Reward=  0.38 /  0.38 /  11266.31, epsilon=  0.492, speed=  0.13, gear= 1, damage= 0.00
META = 1 ... out of track
=============================================================
 starting episode: 1375/2000
Waiting for server on 3109............
Count Down : 5
Client connected on 3109..............
Ep:1375 step:0(155257), a_t=[s= 1.00, t= 0.786149, b= 0.000000], r_t=[r= 0.47, prog= 0.47, pen=-0.00, r_old= 0.47], Reward=  0.47 /  0.47 /  11266.31, epsilon=  0.492, speed=  0.16, gear= 1, damage= 0.00
META = 1 ... out of track
=============================================================
 starting episode: 1376/2000
Waiting for server on 3109............
Count Down : 5
Client connected on 3109..............
Ep:1376 step:0(155272), a_t=[s= 0.41, t= 0.845335, b= 0.000000], r_t=[r= 0.61, prog= 0.61, pen=-0.00, r_old= 0.61], Reward=  0.61 /  0.61 /  11266.31, epsilon=  0.492, speed=  0.20, gear= 1, damage= 0.00
META = 1 ... Running backwards
=============================================================
 starting episode: 1377/2000
Waiting for server on 3109............
Count Down : 5
Client connected on 3109..............
Ep:1377 step:0(155290), a_t=[s= 0.58, t= 0.805260, b= 0.000000], r_t=[r= 0.59, prog= 0.59, pen=-0.00, r_old= 0.59], Reward=  0.59 /  0.59 /  11266.31, epsilon=  0.492, speed=  0.20, gear= 1, damage= 0.00
META = 1 ... Running backwards
=============================================================
 starting episode: 1378/2000
Waiting for server on 3109............
Count Down : 5
Client connected on 3109..............
Ep:1378 step:0(155307), a_t=[s= 0.44, t= 0.781455, b= 0.000000], r_t=[r= 0.34, prog= 0.34, pen=-0.00, r_old= 0.34], Reward=  0.34 /  0.34 /  11266.31, epsilon=  0.492, speed=  0.11, gear= 1, damage= 0.00
META = 1 ... Running backwards
=============================================================
 starting episode: 1379/2000
Waiting for server on 3109............
Count Down : 5
Client connected on 3109..............
Ep:1379 step:0(155325), a_t=[s= 0.68, t= 0.823823, b= 0.000000], r_t=[r= 0.52, prog= 0.52, pen=-0.00, r_old= 0.52], Reward=  0.52 /  0.52 /  11266.31, epsilon=  0.492, speed=  0.17, gear= 1, damage= 0.00
META = 1 ... Running backwards
=============================================================
 starting episode: 1380/2000
### TORCS is RELAUNCHED ###
Client connected on 3109..............
Ep:1380 step:0(155343), a_t=[s= 1.00, t= 1.000000, b= 0.000000], r_t=[r= 0.20, prog= 0.20, pen=-0.00, r_old= 0.20], Reward=  0.20 /  0.20 /  11266.31, epsilon=  0.492, speed=  0.07, gear= 1, damage= 0.00
META = 1 ... Running backwards
=============================================================
 starting episode: 1381/2000
Waiting for server on 3109............
Count Down : 5
Client connected on 3109..............
Ep:1381 step:0(155356), a_t=[s= 1.00, t= 0.682793, b= 0.000000], r_t=[r= 0.72, prog= 0.72, pen=-0.00, r_old= 0.72], Reward=  0.72 /  0.72 /  11266.31, epsilon=  0.492, speed=  0.24, gear= 1, damage= 0.00
META = 1 ... Running backwards
=============================================================
 starting episode: 1382/2000
Waiting for server on 3109............
Count Down : 5
Client connected on 3109..............
Ep:1382 step:0(155374), a_t=[s= 0.73, t= 0.869231, b= 0.000000], r_t=[r= 0.30, prog= 0.30, pen=-0.00, r_old= 0.30], Reward=  0.30 /  0.30 /  11266.31, epsilon=  0.492, speed=  0.10, gear= 1, damage= 0.00
META = 1 ... out of track
=============================================================
 starting episode: 1383/2000
Waiting for server on 3109............
Count Down : 5
Client connected on 3109..............
Ep:1383 step:0(155390), a_t=[s= 0.66, t= 0.861552, b= 0.000000], r_t=[r= 0.61, prog= 0.61, pen=-0.00, r_old= 0.61], Reward=  0.61 /  0.61 /  11266.31, epsilon=  0.492, speed=  0.20, gear= 1, damage= 0.00
META = 1 ... Running backwards
=============================================================
 starting episode: 1384/2000
Waiting for server on 3109............
Count Down : 5
Client connected on 3109..............
Ep:1384 step:0(155408), a_t=[s= 0.72, t= 0.711723, b= 0.000000], r_t=[r= 0.49, prog= 0.49, pen=-0.00, r_old= 0.49], Reward=  0.49 /  0.49 /  11266.31, epsilon=  0.492, speed=  0.16, gear= 1, damage= 0.00
META = 1 ... Running backwards
=============================================================
 starting episode: 1385/2000
Waiting for server on 3109............
Count Down : 5
Client connected on 3109..............
Ep:1385 step:0(155425), a_t=[s=-0.12, t= 0.844107, b= 0.000000], r_t=[r= 0.45, prog= 0.45, pen=-0.00, r_old= 0.45], Reward=  0.45 /  0.45 /  11266.31, epsilon=  0.492, speed=  0.15, gear= 1, damage= 0.00
META = 1 ... Running backwards
=============================================================
 starting episode: 1386/2000
### TORCS is RELAUNCHED ###
Client connected on 3109..............
Ep:1386 step:0(155443), a_t=[s= 0.63, t= 0.698524, b= 0.000000], r_t=[r= 0.41, prog= 0.41, pen=-0.00, r_old= 0.41], Reward=  0.41 /  0.41 /  11266.31, epsilon=  0.491, speed=  0.14, gear= 1, damage= 0.00
META = 1 ... Running backwards
=============================================================
 starting episode: 1387/2000
Waiting for server on 3109............
Count Down : 5
Client connected on 3109..............
Ep:1387 step:0(155460), a_t=[s= 0.64, t= 0.823902, b= 0.000000], r_t=[r= 0.55, prog= 0.55, pen=-0.00, r_old= 0.55], Reward=  0.55 /  0.55 /  11266.31, epsilon=  0.491, speed=  0.18, gear= 1, damage= 0.00
META = 1 ... out of track
=============================================================
 starting episode: 1388/2000
Waiting for server on 3109............
Count Down : 5
Client connected on 3109..............
Ep:1388 step:0(155474), a_t=[s= 0.67, t= 0.817769, b= 0.000000], r_t=[r= 0.74, prog= 0.74, pen=-0.00, r_old= 0.74], Reward=  0.74 /  0.74 /  11266.31, epsilon=  0.491, speed=  0.25, gear= 1, damage= 0.00
META = 1 ... out of track
=============================================================
 starting episode: 1389/2000
Waiting for server on 3109............
Count Down : 5
Client connected on 3109..............
Ep:1389 step:0(155490), a_t=[s= 0.18, t= 0.815588, b= 0.000000], r_t=[r= 0.32, prog= 0.32, pen=-0.00, r_old= 0.32], Reward=  0.32 /  0.32 /  11266.31, epsilon=  0.491, speed=  0.11, gear= 1, damage= 0.00
META = 1 ... out of track
=============================================================
 starting episode: 1390/2000
Client connected on 3109..............
Ep:1390 step:0(155504), a_t=[s= 0.52, t= 0.734504, b= 0.000000], r_t=[r= 0.69, prog= 0.69, pen=-0.00, r_old= 0.69], Reward=  0.69 /  0.69 /  11266.31, epsilon=  0.491, speed=  0.23, gear= 1, damage= 0.00
META = 1 ... out of track
=============================================================
 starting episode: 1391/2000
Waiting for server on 3109............
Count Down : 5
Client connected on 3109..............
Ep:1391 step:0(155518), a_t=[s= 0.95, t= 0.749934, b= 0.000000], r_t=[r= 0.57, prog= 0.57, pen=-0.00, r_old= 0.57], Reward=  0.57 /  0.57 /  11266.31, epsilon=  0.491, speed=  0.19, gear= 1, damage= 0.00
META = 1 ... out of track
=============================================================
 starting episode: 1392/2000
### TORCS is RELAUNCHED ###
Client connected on 3109..............
Ep:1392 step:0(155532), a_t=[s= 0.69, t= 0.727555, b= 0.000000], r_t=[r= 0.49, prog= 0.49, pen=-0.00, r_old= 0.49], Reward=  0.49 /  0.49 /  11266.31, epsilon=  0.491, speed=  0.16, gear= 1, damage= 0.00
META = 1 ... out of track
=============================================================
 starting episode: 1393/2000
Waiting for server on 3109............
Count Down : 5
Client connected on 3109..............
Ep:1393 step:0(155546), a_t=[s= 1.00, t= 0.762694, b= 0.000000], r_t=[r= 0.49, prog= 0.49, pen=-0.00, r_old= 0.49], Reward=  0.49 /  0.49 /  11266.31, epsilon=  0.491, speed=  0.16, gear= 1, damage= 0.00
META = 1 ... Running backwards
=============================================================
 starting episode: 1394/2000
Waiting for server on 3109............
Count Down : 5
Client connected on 3109..............
Ep:1394 step:0(155565), a_t=[s= 0.36, t= 0.818288, b= 0.000000], r_t=[r= 0.40, prog= 0.40, pen=-0.00, r_old= 0.40], Reward=  0.40 /  0.40 /  11266.31, epsilon=  0.491, speed=  0.13, gear= 1, damage= 0.00
META = 1 ... Running backwards
=============================================================
 starting episode: 1395/2000
Waiting for server on 3109............
Count Down : 5
Client connected on 3109..............
Ep:1395 step:0(155583), a_t=[s= 1.00, t= 0.727237, b= 0.000000], r_t=[r= 0.56, prog= 0.56, pen=-0.00, r_old= 0.56], Reward=  0.56 /  0.56 /  11266.31, epsilon=  0.491, speed=  0.19, gear= 1, damage= 0.00
META = 1 ... out of track
=============================================================
 starting episode: 1396/2000
Waiting for server on 3109............
Count Down : 5
Client connected on 3109..............
Ep:1396 step:0(155598), a_t=[s= 0.51, t= 0.738580, b= 0.000000], r_t=[r= 0.56, prog= 0.56, pen=-0.00, r_old= 0.56], Reward=  0.56 /  0.56 /  11266.31, epsilon=  0.491, speed=  0.19, gear= 1, damage= 0.00
META = 1 ... Running backwards
=============================================================
 starting episode: 1397/2000
Waiting for server on 3109............
Count Down : 5
Client connected on 3109..............
Ep:1397 step:0(155618), a_t=[s= 0.91, t= 0.681106, b= 0.000000], r_t=[r= 0.47, prog= 0.47, pen=-0.00, r_old= 0.47], Reward=  0.47 /  0.47 /  11266.31, epsilon=  0.491, speed=  0.16, gear= 1, damage= 0.00
META = 1 ... Running backwards
=============================================================
 starting episode: 1398/2000
### TORCS is RELAUNCHED ###
Client connected on 3109..............
Ep:1398 step:0(155636), a_t=[s= 1.00, t= 0.698328, b= 0.000000], r_t=[r= 0.67, prog= 0.67, pen=-0.00, r_old= 0.67], Reward=  0.67 /  0.67 /  11266.31, epsilon=  0.491, speed=  0.22, gear= 1, damage= 0.00
META = 1 ... out of track
=============================================================
 starting episode: 1399/2000
Waiting for server on 3109............
Count Down : 5
Client connected on 3109..............
Ep:1399 step:0(155650), a_t=[s= 0.74, t= 0.684464, b= 0.000000], r_t=[r= 0.44, prog= 0.44, pen=-0.00, r_old= 0.44], Reward=  0.44 /  0.44 /  11266.31, epsilon=  0.491, speed=  0.15, gear= 1, damage= 0.00
META = 1 ... Running backwards
