=============================================================
 starting episode: 1400/2000
Waiting for server on 3109............
Count Down : 5
Client connected on 3109..............
Ep:1400 step:0(155668), a_t=[s= 1.00, t= 1.000000, b= 0.000000], r_t=[r= 0.20, prog= 0.20, pen=-0.00, r_old= 0.20], Reward=  0.20 /  0.20 /  11266.31, epsilon=  0.491, speed=  0.07, gear= 1, damage= 0.00
META = 1 ... Running backwards
=============================================================
 starting episode: 1401/2000
Waiting for server on 3109............
Count Down : 5
Client connected on 3109..............
Ep:1401 step:0(155681), a_t=[s= 1.00, t= 0.762613, b= 0.000000], r_t=[r= 0.49, prog= 0.49, pen=-0.00, r_old= 0.49], Reward=  0.49 /  0.49 /  11266.31, epsilon=  0.491, speed=  0.16, gear= 1, damage= 0.00
META = 1 ... out of track
=============================================================
 starting episode: 1402/2000
Waiting for server on 3109............
Count Down : 5
Client connected on 3109..............
Ep:1402 step:0(155696), a_t=[s= 0.56, t= 0.820649, b= 0.000000], r_t=[r= 0.47, prog= 0.47, pen=-0.00, r_old= 0.47], Reward=  0.47 /  0.47 /  11266.31, epsilon=  0.491, speed=  0.16, gear= 1, damage= 0.00
META = 1 ... out of track
=============================================================
 starting episode: 1403/2000
Client connected on 3109..............
Ep:1403 step:0(155711), a_t=[s= 0.99, t= 0.762418, b= 0.000000], r_t=[r= 0.41, prog= 0.41, pen=-0.00, r_old= 0.41], Reward=  0.41 /  0.41 /  11266.31, epsilon=  0.491, speed=  0.14, gear= 1, damage= 0.00
META = 1 ... out of track
=============================================================
 starting episode: 1404/2000
### TORCS is RELAUNCHED ###
Client connected on 3109..............
Ep:1404 step:0(155727), a_t=[s= 0.48, t= 0.649861, b= 0.019910], r_t=[r= 0.19, prog= 0.19, pen=-0.00, r_old= 0.19], Reward=  0.19 /  0.19 /  11266.31, epsilon=  0.491, speed=  0.06, gear= 1, damage= 0.00
META = 1 ... out of track
=============================================================
 starting episode: 1405/2000
Client connected on 3109..............
Ep:1405 step:0(155743), a_t=[s= 0.92, t= 0.786085, b= 0.000000], r_t=[r= 0.45, prog= 0.45, pen=-0.00, r_old= 0.45], Reward=  0.45 /  0.45 /  11266.31, epsilon=  0.491, speed=  0.15, gear= 1, damage= 0.00
META = 1 ... out of track
=============================================================
 starting episode: 1406/2000
Waiting for server on 3109............
Count Down : 5
Client connected on 3109..............
Ep:1406 step:0(155757), a_t=[s= 0.59, t= 0.739244, b= 0.000000], r_t=[r= 0.57, prog= 0.57, pen=-0.00, r_old= 0.57], Reward=  0.57 /  0.57 /  11266.31, epsilon=  0.490, speed=  0.19, gear= 1, damage= 0.00
META = 1 ... out of track
=============================================================
 starting episode: 1407/2000
Waiting for server on 3109............
Count Down : 5
Client connected on 3109..............
Ep:1407 step:0(155772), a_t=[s= 0.46, t= 0.756332, b= 0.000000], r_t=[r= 0.43, prog= 0.43, pen=-0.00, r_old= 0.43], Reward=  0.43 /  0.43 /  11266.31, epsilon=  0.490, speed=  0.14, gear= 1, damage= 0.00
META = 1 ... Running backwards
=============================================================
 starting episode: 1408/2000
Waiting for server on 3109............
Count Down : 5
Client connected on 3109..............
Ep:1408 step:0(155791), a_t=[s= 0.95, t= 0.766502, b= 0.000000], r_t=[r= 0.45, prog= 0.45, pen=-0.00, r_old= 0.45], Reward=  0.45 /  0.45 /  11266.31, epsilon=  0.490, speed=  0.15, gear= 1, damage= 0.00
META = 1 ... out of track
=============================================================
 starting episode: 1409/2000
Waiting for server on 3109............
Count Down : 5
Client connected on 3109..............
Ep:1409 step:0(155807), a_t=[s= 0.89, t= 0.775984, b= 0.000000], r_t=[r= 0.22, prog= 0.22, pen=-0.00, r_old= 0.22], Reward=  0.22 /  0.22 /  11266.31, epsilon=  0.490, speed=  0.07, gear= 1, damage= 0.00
META = 1 ... out of track
=============================================================
 starting episode: 1410/2000
### TORCS is RELAUNCHED ###
Client connected on 3109..............
Ep:1410 step:0(155821), a_t=[s= 0.69, t= 0.750483, b= 0.000000], r_t=[r= 0.80, prog= 0.80, pen=-0.00, r_old= 0.80], Reward=  0.80 /  0.80 /  11266.31, epsilon=  0.490, speed=  0.27, gear= 1, damage= 0.00
META = 1 ... out of track
=============================================================
 starting episode: 1411/2000
Waiting for server on 3109............
Count Down : 5
Client connected on 3109..............
Ep:1411 step:0(155837), a_t=[s= 1.00, t= 0.760250, b= 0.000000], r_t=[r= 0.49, prog= 0.49, pen=-0.00, r_old= 0.49], Reward=  0.49 /  0.49 /  11266.31, epsilon=  0.490, speed=  0.16, gear= 1, damage= 0.00
META = 1 ... Running backwards
=============================================================
 starting episode: 1412/2000
Waiting for server on 3109............
Count Down : 5
Client connected on 3109..............
Ep:1412 step:0(155856), a_t=[s= 0.45, t= 0.687471, b= 0.000000], r_t=[r= 0.47, prog= 0.47, pen=-0.00, r_old= 0.47], Reward=  0.47 /  0.47 /  11266.31, epsilon=  0.490, speed=  0.16, gear= 1, damage= 0.00
META = 1 ... out of track
=============================================================
 starting episode: 1413/2000
Waiting for server on 3109............
Count Down : 5
Client connected on 3109..............
Ep:1413 step:0(155871), a_t=[s= 0.13, t= 0.723994, b= 0.000000], r_t=[r= 0.59, prog= 0.59, pen=-0.00, r_old= 0.59], Reward=  0.59 /  0.59 /  11266.31, epsilon=  0.490, speed=  0.20, gear= 1, damage= 0.00
META = 1 ... out of track
=============================================================
 starting episode: 1414/2000
Waiting for server on 3109............
Count Down : 5
Client connected on 3109..............
Ep:1414 step:0(155885), a_t=[s= 0.19, t= 0.790917, b= 0.000000], r_t=[r= 0.28, prog= 0.28, pen=-0.00, r_old= 0.28], Reward=  0.28 /  0.28 /  11266.31, epsilon=  0.490, speed=  0.09, gear= 1, damage= 0.00
META = 1 ... out of track
=============================================================
 starting episode: 1415/2000
Waiting for server on 3109............
Count Down : 5
Client connected on 3109..............
Ep:1415 step:0(155901), a_t=[s= 1.00, t= 0.654333, b= 0.000000], r_t=[r= 0.77, prog= 0.77, pen=-0.00, r_old= 0.77], Reward=  0.77 /  0.77 /  11266.31, epsilon=  0.490, speed=  0.26, gear= 1, damage= 0.00
META = 1 ... out of track
=============================================================
 starting episode: 1416/2000
### TORCS is RELAUNCHED ###
Client connected on 3109..............
Ep:1416 step:0(155915), a_t=[s= 1.00, t= 0.855365, b= 0.000000], r_t=[r= 0.72, prog= 0.72, pen=-0.00, r_old= 0.72], Reward=  0.72 /  0.72 /  11266.31, epsilon=  0.490, speed=  0.24, gear= 1, damage= 0.00
META = 1 ... out of track
=============================================================
 starting episode: 1417/2000
Waiting for server on 3109............
Count Down : 5
Client connected on 3109..............
Ep:1417 step:0(155930), a_t=[s= 0.00, t= 0.691080, b= 0.000000], r_t=[r= 0.26, prog= 0.26, pen=-0.00, r_old= 0.26], Reward=  0.26 /  0.26 /  11266.31, epsilon=  0.490, speed=  0.09, gear= 1, damage= 0.00
META = 1 ... Running backwards
=============================================================
 starting episode: 1418/2000
Waiting for server on 3109............
Count Down : 5
Client connected on 3109..............
Ep:1418 step:0(155947), a_t=[s= 0.53, t= 0.775626, b= 0.000000], r_t=[r= 0.47, prog= 0.47, pen=-0.00, r_old= 0.47], Reward=  0.47 /  0.47 /  11266.31, epsilon=  0.490, speed=  0.16, gear= 1, damage= 0.00
META = 1 ... Running backwards
=============================================================
 starting episode: 1419/2000
Client connected on 3109..............
Ep:1419 step:0(155965), a_t=[s= 0.85, t= 0.748098, b= 0.000000], r_t=[r= 0.77, prog= 0.77, pen=-0.00, r_old= 0.77], Reward=  0.77 /  0.77 /  11266.31, epsilon=  0.490, speed=  0.26, gear= 1, damage= 0.00
META = 1 ... Running backwards
=============================================================
 starting episode: 1420/2000
Waiting for server on 3109............
Count Down : 5
Client connected on 3109..............
Ep:1420 step:0(155982), a_t=[s= 1.00, t= 1.000000, b= 0.000000], r_t=[r= 0.20, prog= 0.20, pen=-0.00, r_old= 0.20], Reward=  0.20 /  0.20 /  11266.31, epsilon=  0.490, speed=  0.07, gear= 1, damage= 0.00
META = 1 ... Running backwards
=============================================================
 starting episode: 1421/2000
Waiting for server on 3109............
Count Down : 5
Client connected on 3109..............
Ep:1421 step:0(155995), a_t=[s= 0.40, t= 0.842992, b= 0.000000], r_t=[r= 0.26, prog= 0.26, pen=-0.00, r_old= 0.26], Reward=  0.26 /  0.26 /  11266.31, epsilon=  0.490, speed=  0.09, gear= 1, damage= 0.00
META = 1 ... Running backwards
=============================================================
 starting episode: 1422/2000
### TORCS is RELAUNCHED ###
Client connected on 3109..............
Ep:1422 step:0(156014), a_t=[s=-0.04, t= 0.811768, b= 0.000000], r_t=[r= 0.28, prog= 0.28, pen=-0.00, r_old= 0.28], Reward=  0.28 /  0.28 /  11266.31, epsilon=  0.490, speed=  0.09, gear= 1, damage= 0.00
META = 1 ... Running backwards
=============================================================
 starting episode: 1423/2000
Waiting for server on 3109............
Count Down : 5
Client connected on 3109..............
Ep:1423 step:0(156031), a_t=[s= 0.59, t= 0.731367, b= 0.000000], r_t=[r= 0.28, prog= 0.28, pen=-0.00, r_old= 0.28], Reward=  0.28 /  0.28 /  11266.31, epsilon=  0.490, speed=  0.09, gear= 1, damage= 0.00
META = 1 ... Running backwards
=============================================================
 starting episode: 1424/2000
Waiting for server on 3109............
Count Down : 5
Client connected on 3109..............
Ep:1424 step:0(156049), a_t=[s= 0.44, t= 0.698323, b= 0.000000], r_t=[r= 0.36, prog= 0.36, pen=-0.00, r_old= 0.36], Reward=  0.36 /  0.36 /  11266.31, epsilon=  0.490, speed=  0.12, gear= 1, damage= 0.00
META = 1 ... Running backwards
=============================================================
 starting episode: 1425/2000
Waiting for server on 3109............
Count Down : 5
Client connected on 3109..............
Ep:1425 step:0(156068), a_t=[s= 0.88, t= 0.763507, b= 0.000000], r_t=[r= 0.43, prog= 0.43, pen=-0.00, r_old= 0.43], Reward=  0.43 /  0.43 /  11266.31, epsilon=  0.489, speed=  0.14, gear= 1, damage= 0.00
META = 1 ... Running backwards
=============================================================
 starting episode: 1426/2000
Waiting for server on 3109............
Count Down : 5
Client connected on 3109..............
Ep:1426 step:0(156084), a_t=[s= 0.86, t= 0.781615, b= 0.000000], r_t=[r= 0.43, prog= 0.43, pen=-0.00, r_old= 0.43], Reward=  0.43 /  0.43 /  11266.31, epsilon=  0.489, speed=  0.14, gear= 1, damage= 0.00
META = 1 ... Running backwards
=============================================================
 starting episode: 1427/2000
Waiting for server on 3109............
Count Down : 5
Client connected on 3109..............
Ep:1427 step:0(156101), a_t=[s= 0.64, t= 0.831434, b= 0.000000], r_t=[r= 0.71, prog= 0.71, pen=-0.00, r_old= 0.71], Reward=  0.71 /  0.71 /  11266.31, epsilon=  0.489, speed=  0.24, gear= 1, damage= 0.00
META = 1 ... Running backwards
=============================================================
 starting episode: 1428/2000
### TORCS is RELAUNCHED ###
Client connected on 3109..............
Ep:1428 step:0(156119), a_t=[s= 1.00, t= 0.795295, b= 0.000000], r_t=[r= 0.45, prog= 0.45, pen=-0.00, r_old= 0.45], Reward=  0.45 /  0.45 /  11266.31, epsilon=  0.489, speed=  0.15, gear= 1, damage= 0.00
META = 1 ... Running backwards
=============================================================
 starting episode: 1429/2000
Waiting for server on 3109............
Count Down : 5
Client connected on 3109..............
Ep:1429 step:0(156137), a_t=[s= 1.00, t= 0.680804, b= 0.000000], r_t=[r= 0.71, prog= 0.71, pen=-0.00, r_old= 0.71], Reward=  0.71 /  0.71 /  11266.31, epsilon=  0.489, speed=  0.24, gear= 1, damage= 0.00
META = 1 ... Running backwards
=============================================================
 starting episode: 1430/2000
Waiting for server on 3109............
Count Down : 5
Client connected on 3109..............
Ep:1430 step:0(156156), a_t=[s= 0.61, t= 0.666032, b= 0.000000], r_t=[r= 0.39, prog= 0.39, pen=-0.00, r_old= 0.39], Reward=  0.39 /  0.39 /  11266.31, epsilon=  0.489, speed=  0.13, gear= 1, damage= 0.00
META = 1 ... out of track
=============================================================
 starting episode: 1431/2000
Waiting for server on 3109............
Count Down : 5
Client connected on 3109..............
Ep:1431 step:0(156171), a_t=[s=-0.04, t= 0.768297, b= 0.000000], r_t=[r= 0.23, prog= 0.23, pen=-0.00, r_old= 0.23], Reward=  0.23 /  0.23 /  11266.31, epsilon=  0.489, speed=  0.08, gear= 1, damage= 0.00
META = 1 ... out of track
=============================================================
 starting episode: 1432/2000
Waiting for server on 3109............
Count Down : 5
Client connected on 3109..............
Ep:1432 step:0(156186), a_t=[s= 0.77, t= 0.751524, b= 0.000000], r_t=[r= 0.53, prog= 0.53, pen=-0.00, r_old= 0.53], Reward=  0.53 /  0.53 /  11266.31, epsilon=  0.489, speed=  0.18, gear= 1, damage= 0.00
META = 1 ... Running backwards
=============================================================
 starting episode: 1433/2000
Waiting for server on 3109............
Count Down : 5
Client connected on 3109..............
Ep:1433 step:0(156205), a_t=[s= 1.00, t= 0.692364, b= 0.000000], r_t=[r= 0.65, prog= 0.65, pen=-0.00, r_old= 0.65], Reward=  0.65 /  0.65 /  11266.31, epsilon=  0.489, speed=  0.22, gear= 1, damage= 0.00
META = 1 ... Running backwards
=============================================================
 starting episode: 1434/2000
### TORCS is RELAUNCHED ###
Client connected on 3109..............
Ep:1434 step:0(156224), a_t=[s= 0.62, t= 0.778505, b= 0.000000], r_t=[r= 0.60, prog= 0.60, pen=-0.00, r_old= 0.60], Reward=  0.60 /  0.60 /  11266.31, epsilon=  0.489, speed=  0.20, gear= 1, damage= 0.00
META = 1 ... out of track
=============================================================
 starting episode: 1435/2000
Waiting for server on 3109............
Count Down : 5
Client connected on 3109..............
Ep:1435 step:0(156239), a_t=[s= 0.88, t= 0.835029, b= 0.007101], r_t=[r= 0.59, prog= 0.59, pen=-0.00, r_old= 0.59], Reward=  0.59 /  0.59 /  11266.31, epsilon=  0.489, speed=  0.20, gear= 1, damage= 0.00
META = 1 ... out of track
=============================================================
 starting episode: 1436/2000
Waiting for server on 3109............
Count Down : 5
Client connected on 3109..............
Ep:1436 step:0(156254), a_t=[s= 0.46, t= 0.838599, b= 0.000000], r_t=[r= 0.38, prog= 0.38, pen=-0.00, r_old= 0.38], Reward=  0.38 /  0.38 /  11266.31, epsilon=  0.489, speed=  0.13, gear= 1, damage= 0.00
META = 1 ... out of track
=============================================================
 starting episode: 1437/2000
Waiting for server on 3109............
Count Down : 5
Client connected on 3109..............
Ep:1437 step:0(156268), a_t=[s= 0.84, t= 0.702964, b= 0.000000], r_t=[r= 0.41, prog= 0.41, pen=-0.00, r_old= 0.41], Reward=  0.41 /  0.41 /  11266.31, epsilon=  0.489, speed=  0.14, gear= 1, damage= 0.00
META = 1 ... Running backwards
=============================================================
 starting episode: 1438/2000
Waiting for server on 3109............
Count Down : 5
Client connected on 3109..............
Ep:1438 step:0(156286), a_t=[s= 1.00, t= 0.699992, b= 0.000000], r_t=[r= 0.67, prog= 0.67, pen=-0.00, r_old= 0.67], Reward=  0.67 /  0.67 /  11266.31, epsilon=  0.489, speed=  0.22, gear= 1, damage= 0.00
META = 1 ... out of track
=============================================================
 starting episode: 1439/2000
Waiting for server on 3109............
Count Down : 5
Client connected on 3109..............
Ep:1439 step:0(156301), a_t=[s= 0.15, t= 0.697537, b= 0.000000], r_t=[r= 0.51, prog= 0.51, pen=-0.00, r_old= 0.51], Reward=  0.51 /  0.51 /  11266.31, epsilon=  0.489, speed=  0.17, gear= 1, damage= 0.00
META = 1 ... out of track
=============================================================
 starting episode: 1440/2000
### TORCS is RELAUNCHED ###
Client connected on 3109..............
Ep:1440 step:0(156316), a_t=[s= 1.00, t= 1.000000, b= 0.000000], r_t=[r= 0.20, prog= 0.20, pen=-0.00, r_old= 0.20], Reward=  0.20 /  0.20 /  11266.31, epsilon=  0.489, speed=  0.07, gear= 1, damage= 0.00
META = 1 ... Running backwards
=============================================================
 starting episode: 1441/2000
Waiting for server on 3109............
Count Down : 5
Client connected on 3109..............
Ep:1441 step:0(156329), a_t=[s= 1.00, t= 0.771398, b= 0.000000], r_t=[r= 0.48, prog= 0.48, pen=-0.00, r_old= 0.48], Reward=  0.48 /  0.48 /  11266.31, epsilon=  0.489, speed=  0.16, gear= 1, damage= 0.00
META = 1 ... Running backwards
=============================================================
 starting episode: 1442/2000
Waiting for server on 3109............
Count Down : 5
Client connected on 3109..............
Ep:1442 step:0(156346), a_t=[s= 0.66, t= 0.772487, b= 0.000000], r_t=[r= 0.44, prog= 0.44, pen=-0.00, r_old= 0.44], Reward=  0.44 /  0.44 /  11266.31, epsilon=  0.489, speed=  0.15, gear= 1, damage= 0.00
META = 1 ... Running backwards
=============================================================
 starting episode: 1443/2000
Waiting for server on 3109............
Count Down : 5
Client connected on 3109..............
Ep:1443 step:0(156365), a_t=[s= 0.58, t= 0.784381, b= 0.000000], r_t=[r= 0.22, prog= 0.22, pen=-0.00, r_old= 0.22], Reward=  0.22 /  0.22 /  11266.31, epsilon=  0.489, speed=  0.07, gear= 1, damage= 0.00
META = 1 ... out of track
=============================================================
 starting episode: 1444/2000
Waiting for server on 3109............
Count Down : 5
Client connected on 3109..............
Ep:1444 step:0(156380), a_t=[s= 0.62, t= 0.773804, b= 0.000000], r_t=[r= 0.49, prog= 0.49, pen=-0.00, r_old= 0.49], Reward=  0.49 /  0.49 /  11266.31, epsilon=  0.488, speed=  0.16, gear= 1, damage= 0.00
META = 1 ... Running backwards
=============================================================
 starting episode: 1445/2000
Waiting for server on 3109............
Count Down : 5
Client connected on 3109..............
Ep:1445 step:0(156399), a_t=[s= 0.66, t= 0.764131, b= 0.000000], r_t=[r= 0.28, prog= 0.28, pen=-0.00, r_old= 0.28], Reward=  0.28 /  0.28 /  11266.31, epsilon=  0.488, speed=  0.09, gear= 1, damage= 0.00
META = 1 ... Running backwards
=============================================================
 starting episode: 1446/2000
### TORCS is RELAUNCHED ###
Client connected on 3109..............
Ep:1446 step:0(156417), a_t=[s= 0.83, t= 0.678615, b= 0.000000], r_t=[r= 0.50, prog= 0.50, pen=-0.00, r_old= 0.50], Reward=  0.50 /  0.50 /  11266.31, epsilon=  0.488, speed=  0.17, gear= 1, damage= 0.00
META = 1 ... out of track
=============================================================
 starting episode: 1447/2000
Waiting for server on 3109............
Count Down : 5
Client connected on 3109..............
Ep:1447 step:0(156432), a_t=[s= 0.44, t= 0.823590, b= 0.005801], r_t=[r= 0.42, prog= 0.42, pen=-0.00, r_old= 0.42], Reward=  0.42 /  0.42 /  11266.31, epsilon=  0.488, speed=  0.14, gear= 1, damage= 0.00
META = 1 ... Running backwards
=============================================================
 starting episode: 1448/2000
Waiting for server on 3109............
Count Down : 5
Client connected on 3109..............
Ep:1448 step:0(156449), a_t=[s= 0.76, t= 0.732190, b= 0.000000], r_t=[r= 0.43, prog= 0.43, pen=-0.00, r_old= 0.43], Reward=  0.43 /  0.43 /  11266.31, epsilon=  0.488, speed=  0.14, gear= 1, damage= 0.00
META = 1 ... out of track
=============================================================
 starting episode: 1449/2000
Waiting for server on 3109............
Count Down : 5
Client connected on 3109..............
Ep:1449 step:0(156463), a_t=[s= 0.64, t= 0.792840, b= 0.000000], r_t=[r= 0.47, prog= 0.47, pen=-0.00, r_old= 0.47], Reward=  0.47 /  0.47 /  11266.31, epsilon=  0.488, speed=  0.16, gear= 1, damage= 0.00
META = 1 ... out of track
=============================================================
 starting episode: 1450/2000
Waiting for server on 3109............
Count Down : 5
Client connected on 3109..............
Ep:1450 step:0(156478), a_t=[s= 0.42, t= 0.739215, b= 0.000000], r_t=[r= 0.71, prog= 0.71, pen=-0.00, r_old= 0.71], Reward=  0.71 /  0.71 /  11266.31, epsilon=  0.488, speed=  0.24, gear= 1, damage= 0.00
META = 1 ... out of track
=============================================================
 starting episode: 1451/2000
Waiting for server on 3109............
Count Down : 5
Client connected on 3109..............
Ep:1451 step:0(156492), a_t=[s= 0.70, t= 0.696579, b= 0.000000], r_t=[r= 0.45, prog= 0.45, pen=-0.00, r_old= 0.45], Reward=  0.45 /  0.45 /  11266.31, epsilon=  0.488, speed=  0.15, gear= 1, damage= 0.00
META = 1 ... Running backwards
=============================================================
 starting episode: 1452/2000
### TORCS is RELAUNCHED ###
Client connected on 3109..............
Ep:1452 step:0(156510), a_t=[s= 0.10, t= 0.797266, b= 0.000000], r_t=[r= 0.43, prog= 0.43, pen=-0.00, r_old= 0.43], Reward=  0.43 /  0.43 /  11266.31, epsilon=  0.488, speed=  0.14, gear= 1, damage= 0.00
META = 1 ... out of track
=============================================================
 starting episode: 1453/2000
Waiting for server on 3109............
Count Down : 5
Client connected on 3109..............
Ep:1453 step:0(156524), a_t=[s= 0.77, t= 0.756009, b= 0.000000], r_t=[r= 0.71, prog= 0.71, pen=-0.00, r_old= 0.71], Reward=  0.71 /  0.71 /  11266.31, epsilon=  0.488, speed=  0.24, gear= 1, damage= 0.00
META = 1 ... Running backwards
=============================================================
 starting episode: 1454/2000
Waiting for server on 3109............
Count Down : 5
Client connected on 3109..............
Ep:1454 step:0(156542), a_t=[s= 1.00, t= 0.791761, b= 0.000000], r_t=[r= 0.59, prog= 0.59, pen=-0.00, r_old= 0.59], Reward=  0.59 /  0.59 /  11266.31, epsilon=  0.488, speed=  0.20, gear= 1, damage= 0.00
META = 1 ... out of track
=============================================================
 starting episode: 1455/2000
Waiting for server on 3109............
Count Down : 5
Client connected on 3109..............
Ep:1455 step:0(156557), a_t=[s= 1.00, t= 0.822762, b= 0.000000], r_t=[r= 0.40, prog= 0.40, pen=-0.00, r_old= 0.40], Reward=  0.40 /  0.40 /  11266.31, epsilon=  0.488, speed=  0.13, gear= 1, damage= 0.00
META = 1 ... Running backwards
=============================================================
 starting episode: 1456/2000
Waiting for server on 3109............
Count Down : 5
Client connected on 3109..............
Ep:1456 step:0(156575), a_t=[s= 0.96, t= 0.780656, b= 0.000000], r_t=[r= 0.45, prog= 0.45, pen=-0.00, r_old= 0.45], Reward=  0.45 /  0.45 /  11266.31, epsilon=  0.488, speed=  0.15, gear= 1, damage= 0.00
META = 1 ... Running backwards
=============================================================
 starting episode: 1457/2000
Waiting for server on 3109............
Count Down : 5
Client connected on 3109..............
Ep:1457 step:0(156594), a_t=[s= 0.86, t= 0.786442, b= 0.000000], r_t=[r= 0.33, prog= 0.33, pen=-0.00, r_old= 0.33], Reward=  0.33 /  0.33 /  11266.31, epsilon=  0.488, speed=  0.11, gear= 1, damage= 0.00
META = 1 ... Running backwards
=============================================================
 starting episode: 1458/2000
### TORCS is RELAUNCHED ###
Client connected on 3109..............
Ep:1458 step:0(156613), a_t=[s= 0.58, t= 0.726978, b= 0.000000], r_t=[r= 0.89, prog= 0.89, pen=-0.00, r_old= 0.89], Reward=  0.89 /  0.89 /  11266.31, epsilon=  0.488, speed=  0.30, gear= 1, damage= 0.00
META = 1 ... Running backwards
=============================================================
 starting episode: 1459/2000
Waiting for server on 3109............
Count Down : 5
Client connected on 3109..............
Ep:1459 step:0(156630), a_t=[s= 0.51, t= 0.720575, b= 0.000000], r_t=[r= 0.43, prog= 0.43, pen=-0.00, r_old= 0.43], Reward=  0.43 /  0.43 /  11266.31, epsilon=  0.488, speed=  0.14, gear= 1, damage= 0.00
META = 1 ... Running backwards
=============================================================
 starting episode: 1460/2000
Waiting for server on 3109............
Count Down : 5
Client connected on 3109..............
Ep:1460 step:0(156650), a_t=[s= 1.00, t= 1.000000, b= 0.000000], r_t=[r= 0.20, prog= 0.20, pen=-0.00, r_old= 0.20], Reward=  0.20 /  0.20 /  11266.31, epsilon=  0.488, speed=  0.07, gear= 1, damage= 0.00
META = 1 ... Running backwards
=============================================================
 starting episode: 1461/2000
Waiting for server on 3109............
Count Down : 5
Client connected on 3109..............
Ep:1461 step:0(156663), a_t=[s=-0.16, t= 0.827753, b= 0.000000], r_t=[r= 0.05, prog= 0.05, pen=-0.00, r_old= 0.05], Reward=  0.05 /  0.05 /  11266.31, epsilon=  0.488, speed=  0.02, gear= 1, damage= 0.00
META = 1 ... out of track
=============================================================
 starting episode: 1462/2000
Waiting for server on 3109............
Count Down : 5
Client connected on 3109..............
Ep:1462 step:0(156678), a_t=[s= 0.04, t= 0.719672, b= 0.000000], r_t=[r= 0.39, prog= 0.39, pen=-0.00, r_old= 0.39], Reward=  0.39 /  0.39 /  11266.31, epsilon=  0.488, speed=  0.13, gear= 1, damage= 0.00
META = 1 ... Running backwards
=============================================================
 starting episode: 1463/2000
Waiting for server on 3109............
Count Down : 5
Client connected on 3109..............
Ep:1463 step:0(156695), a_t=[s= 1.00, t= 0.864564, b= 0.000000], r_t=[r= 0.73, prog= 0.73, pen=-0.00, r_old= 0.73], Reward=  0.73 /  0.73 /  11266.31, epsilon=  0.487, speed=  0.24, gear= 1, damage= 0.00
META = 1 ... out of track
=============================================================
 starting episode: 1464/2000
### TORCS is RELAUNCHED ###
Client connected on 3109..............
Ep:1464 step:0(156711), a_t=[s= 1.00, t= 0.741885, b= 0.000000], r_t=[r= 0.24, prog= 0.24, pen=-0.00, r_old= 0.24], Reward=  0.24 /  0.24 /  11266.31, epsilon=  0.487, speed=  0.08, gear= 1, damage= 0.00
META = 1 ... Running backwards
=============================================================
 starting episode: 1465/2000
Waiting for server on 3109............
Count Down : 5
Client connected on 3109..............
Ep:1465 step:0(156730), a_t=[s= 0.45, t= 0.694941, b= 0.000000], r_t=[r= 0.51, prog= 0.51, pen=-0.00, r_old= 0.51], Reward=  0.51 /  0.51 /  11266.31, epsilon=  0.487, speed=  0.17, gear= 1, damage= 0.00
META = 1 ... out of track
=============================================================
 starting episode: 1466/2000
Waiting for server on 3109............
Count Down : 5
Client connected on 3109..............
Ep:1466 step:0(156744), a_t=[s= 0.89, t= 0.797143, b= 0.000000], r_t=[r= 0.57, prog= 0.57, pen=-0.00, r_old= 0.57], Reward=  0.57 /  0.57 /  11266.31, epsilon=  0.487, speed=  0.19, gear= 1, damage= 0.00
META = 1 ... out of track
=============================================================
 starting episode: 1467/2000
Waiting for server on 3109............
Count Down : 5
Client connected on 3109..............
Ep:1467 step:0(156759), a_t=[s= 1.00, t= 0.790498, b= 0.000000], r_t=[r= 0.46, prog= 0.46, pen=-0.00, r_old= 0.46], Reward=  0.46 /  0.46 /  11266.31, epsilon=  0.487, speed=  0.15, gear= 1, damage= 0.00
META = 1 ... Running backwards
=============================================================
 starting episode: 1468/2000
Waiting for server on 3109............
Count Down : 5
Client connected on 3109..............
Ep:1468 step:0(156777), a_t=[s= 1.00, t= 0.764217, b= 0.000000], r_t=[r= 0.46, prog= 0.47, pen=-0.00, r_old= 0.46], Reward=  0.46 /  0.46 /  11266.31, epsilon=  0.487, speed=  0.16, gear= 1, damage= 0.00
META = 1 ... Running backwards
=============================================================
 starting episode: 1469/2000
Waiting for server on 3109............
Count Down : 5
Client connected on 3109..............
Ep:1469 step:0(156796), a_t=[s= 0.48, t= 0.745210, b= 0.000000], r_t=[r= 0.38, prog= 0.38, pen=-0.00, r_old= 0.38], Reward=  0.38 /  0.38 /  11266.31, epsilon=  0.487, speed=  0.13, gear= 1, damage= 0.00
META = 1 ... out of track
=============================================================
 starting episode: 1470/2000
### TORCS is RELAUNCHED ###
Client connected on 3109..............
Ep:1470 step:0(156811), a_t=[s= 0.91, t= 0.810649, b= 0.000000], r_t=[r= 0.79, prog= 0.79, pen=-0.00, r_old= 0.79], Reward=  0.79 /  0.79 /  11266.31, epsilon=  0.487, speed=  0.26, gear= 1, damage= 0.00
META = 1 ... Running backwards
=============================================================
 starting episode: 1471/2000
Waiting for server on 3109............
Count Down : 5
Client connected on 3109..............
Ep:1471 step:0(156830), a_t=[s= 1.00, t= 0.742343, b= 0.000000], r_t=[r= 0.24, prog= 0.24, pen=-0.00, r_old= 0.24], Reward=  0.24 /  0.24 /  11266.31, epsilon=  0.487, speed=  0.08, gear= 1, damage= 0.00
META = 1 ... Running backwards
=============================================================
 starting episode: 1472/2000
Waiting for server on 3109............
Count Down : 5
Client connected on 3109..............
Ep:1472 step:0(156849), a_t=[s= 0.59, t= 0.730210, b= 0.000000], r_t=[r= 0.53, prog= 0.53, pen=-0.00, r_old= 0.53], Reward=  0.53 /  0.53 /  11266.31, epsilon=  0.487, speed=  0.18, gear= 1, damage= 0.00
META = 1 ... out of track
=============================================================
 starting episode: 1473/2000
Waiting for server on 3109............
Count Down : 5
Client connected on 3109..............
Ep:1473 step:0(156864), a_t=[s= 1.00, t= 0.722762, b= 0.000000], r_t=[r= 0.54, prog= 0.54, pen=-0.00, r_old= 0.54], Reward=  0.54 /  0.54 /  11266.31, epsilon=  0.487, speed=  0.18, gear= 1, damage= 0.00
META = 1 ... out of track
=============================================================
 starting episode: 1474/2000
Waiting for server on 3109............
Count Down : 5
Client connected on 3109..............
Ep:1474 step:0(156879), a_t=[s= 0.88, t= 0.666076, b= 0.000000], r_t=[r= 0.54, prog= 0.54, pen=-0.00, r_old= 0.54], Reward=  0.54 /  0.54 /  11266.31, epsilon=  0.487, speed=  0.18, gear= 1, damage= 0.00
META = 1 ... out of track
=============================================================
 starting episode: 1475/2000
Waiting for server on 3109............
Count Down : 5
Client connected on 3109..............
Ep:1475 step:0(156893), a_t=[s= 0.34, t= 0.805462, b= 0.000000], r_t=[r= 0.57, prog= 0.57, pen=-0.00, r_old= 0.57], Reward=  0.57 /  0.57 /  11266.31, epsilon=  0.487, speed=  0.19, gear= 1, damage= 0.00
Ep:1475 step:20(156913), a_t=[s= 0.32, t= 0.888384, b= 0.000000], r_t=[r=-0.23, prog= 0.15, pen=-0.38, r_old=-0.23], Reward= -431.27 / -418.81 /  11266.31, epsilon=  0.487, speed=  0.16, gear= 1, damage= 864.00
Ep:1475 step:40(156933), a_t=[s= 0.46, t= 0.791416, b= 0.000000], r_t=[r=-0.11, prog= 0.10, pen=-0.21, r_old=-0.11], Reward= -433.89 / -421.43 /  11266.31, epsilon=  0.487, speed=  0.09, gear= 1, damage= 864.00
Ep:1475 step:60(156953), a_t=[s= 0.83, t= 0.695020, b= 0.000000], r_t=[r=-0.15, prog= 0.16, pen=-0.31, r_old=-0.15], Reward= -436.84 / -424.39 /  11266.31, epsilon=  0.487, speed=  0.13, gear= 1, damage= 864.00
Ep:1475 step:80(156973), a_t=[s= 0.85, t= 0.823684, b= 0.000000], r_t=[r=-0.09, prog= 0.12, pen=-0.21, r_old=-0.09], Reward= -438.87 / -426.41 /  11266.31, epsilon=  0.487, speed=  0.09, gear= 1, damage= 864.00
Ep:1475 step:100(156993), a_t=[s= 1.00, t= 0.686714, b= 0.000000], r_t=[r=-0.14, prog= 0.30, pen=-0.44, r_old=-0.14], Reward= -442.62 / -430.16 /  11266.31, epsilon=  0.486, speed=  0.19, gear= 1, damage= 864.00
Ep:1475 step:120(157013), a_t=[s= 1.00, t= 0.763233, b= 0.000000], r_t=[r=-0.06, prog= 0.25, pen=-0.31, r_old=-0.06], Reward= -445.24 / -432.78 /  11266.31, epsilon=  0.486, speed=  0.14, gear= 1, damage= 864.00
Ep:1475 step:140(157033), a_t=[s= 0.87, t= 0.785393, b= 0.000000], r_t=[r=-0.03, prog= 0.36, pen=-0.38, r_old=-0.03], Reward= -447.17 / -434.72 /  11266.31, epsilon=  0.486, speed=  0.17, gear= 1, damage= 864.00
Ep:1475 step:160(157053), a_t=[s= 0.79, t= 0.726502, b= 0.000000], r_t=[r=-0.01, prog= 0.62, pen=-0.63, r_old=-0.01], Reward= -447.75 / -435.29 /  11266.31, epsilon=  0.486, speed=  0.29, gear= 1, damage= 864.00
Ep:1475 step:180(157073), a_t=[s= 1.00, t= 0.788610, b= 0.000000], r_t=[r= 0.10, prog= 1.30, pen=-1.20, r_old= 0.10], Reward= -446.91 / -434.45 /  11266.31, epsilon=  0.486, speed=  0.56, gear= 1, damage= 864.00
Ep:1475 step:200(157093), a_t=[s= 0.91, t= 0.733305, b= 0.000000], r_t=[r= 0.16, prog= 1.15, pen=-0.99, r_old= 0.16], Reward= -444.06 / -431.60 /  11266.31, epsilon=  0.486, speed=  0.47, gear= 1, damage= 864.00
Ep:1475 step:220(157113), a_t=[s= 0.15, t= 0.778146, b= 0.000000], r_t=[r= 0.39, prog= 2.12, pen=-1.72, r_old= 0.39], Reward= -439.15 / -426.69 /  11266.31, epsilon=  0.486, speed=  0.83, gear= 1, damage= 864.00
Ep:1475 step:240(157133), a_t=[s= 0.15, t= 0.717532, b= 0.000000], r_t=[r= 0.49, prog= 2.19, pen=-1.70, r_old= 0.49], Reward= -432.15 / -419.69 /  11266.31, epsilon=  0.486, speed=  0.84, gear= 1, damage= 864.00
Ep:1475 step:260(157153), a_t=[s= 0.52, t= 0.785601, b= 0.000000], r_t=[r= 0.89, prog= 3.34, pen=-2.44, r_old= 0.89], Reward= -419.90 / -407.44 /  11266.31, epsilon=  0.486, speed=  1.23, gear= 1, damage= 864.00
Ep:1475 step:280(157173), a_t=[s= 0.87, t= 0.769878, b= 0.000000], r_t=[r= 1.14, prog= 3.68, pen=-2.55, r_old= 1.14], Reward= -396.76 / -384.30 /  11266.31, epsilon=  0.486, speed=  1.32, gear= 1, damage= 864.00
Ep:1475 step:300(157193), a_t=[s= 0.50, t= 0.756425, b= 0.000000], r_t=[r= 2.07, prog= 6.05, pen=-3.98, r_old= 2.07], Reward= -362.97 / -350.51 /  11266.31, epsilon=  0.486, speed=  2.11, gear= 1, damage= 864.00
Ep:1475 step:320(157213), a_t=[s= 0.58, t= 0.680415, b= 0.000000], r_t=[r= 2.71, prog= 7.70, pen=-4.99, r_old= 2.71], Reward= -307.25 / -294.79 /  11266.31, epsilon=  0.486, speed=  2.67, gear= 1, damage= 864.00
Ep:1475 step:340(157233), a_t=[s= 1.00, t= 0.806087, b= 0.000000], r_t=[r= 2.78, prog= 7.92, pen=-5.14, r_old= 2.78], Reward= -250.17 / -241.29 /  11266.31, epsilon=  0.486, speed=  2.74, gear= 1, damage= 867.00
Ep:1475 step:360(157253), a_t=[s= 0.09, t= 0.722759, b= 0.000000], r_t=[r= 3.85, prog= 11.07, pen=-7.22, r_old= 3.85], Reward= -189.97 / -184.19 /  11266.31, epsilon=  0.486, speed=  3.85, gear= 1, damage= 871.00
Ep:1475 step:380(157273), a_t=[s= 0.77, t= 0.741839, b= 0.000000], r_t=[r= 2.65, prog= 7.60, pen=-4.95, r_old= 2.65], Reward= -138.57 / -137.26 /  11266.31, epsilon=  0.486, speed=  2.64, gear= 1, damage= 880.00
Ep:1475 step:400(157293), a_t=[s= 0.13, t= 0.708569, b= 0.000000], r_t=[r= 3.50, prog= 9.98, pen=-6.48, r_old= 3.50], Reward= -120.21 / -122.02 /  11266.31, epsilon=  0.485, speed=  3.46, gear= 1, damage= 923.00
Ep:1475 step:420(157313), a_t=[s= 1.00, t= 0.757806, b= 0.000000], r_t=[r= 3.07, prog= 8.69, pen=-5.63, r_old= 3.07], Reward= -64.67 / -66.47 /  11266.31, epsilon=  0.485, speed=  3.01, gear= 1, damage= 923.00
Ep:1475 step:440(157333), a_t=[s= 1.00, t= 0.687466, b= 0.000000], r_t=[r= 2.32, prog= 6.70, pen=-4.38, r_old= 2.32], Reward= -25.85 / -33.96 /  11266.31, epsilon=  0.485, speed=  2.33, gear= 1, damage= 939.00
Ep:1475 step:460(157353), a_t=[s= 1.00, t= 0.743734, b= 0.000000], r_t=[r= 2.58, prog= 7.44, pen=-4.86, r_old= 2.58], Reward=  32.07 /  23.95 /  11266.31, epsilon=  0.485, speed=  2.59, gear= 1, damage= 939.00
Ep:1475 step:480(157373), a_t=[s= 0.53, t= 0.712635, b= 0.000000], r_t=[r= 2.47, prog= 6.99, pen=-4.51, r_old= 2.47], Reward=  88.49 /  80.38 /  11266.31, epsilon=  0.485, speed=  2.42, gear= 1, damage= 939.00
Ep:1475 step:500(157393), a_t=[s= 1.00, t= 0.824302, b= 0.000000], r_t=[r= 2.05, prog= 5.89, pen=-3.84, r_old= 2.05], Reward=  126.86 /  112.34 /  11266.31, epsilon=  0.485, speed=  2.05, gear= 1, damage= 960.00
Ep:1475 step:520(157413), a_t=[s= 0.40, t= 0.726361, b= 0.000000], r_t=[r= 3.51, prog= 10.22, pen=-6.72, r_old= 3.51], Reward=  185.49 /  170.97 /  11266.31, epsilon=  0.485, speed=  3.56, gear= 1, damage= 960.00
Ep:1475 step:540(157433), a_t=[s= 0.84, t= 0.679674, b= 0.000000], r_t=[r= 3.61, prog= 10.04, pen=-6.43, r_old= 3.61], Reward=  244.46 /  229.94 /  11266.31, epsilon=  0.485, speed=  3.46, gear= 1, damage= 960.00
Ep:1475 step:560(157453), a_t=[s= 0.82, t= 0.782887, b= 0.000000], r_t=[r= 2.90, prog= 8.08, pen=-5.18, r_old= 2.90], Reward=  304.43 /  289.91 /  11266.31, epsilon=  0.485, speed=  2.79, gear= 1, damage= 960.00
Ep:1475 step:580(157473), a_t=[s= 0.79, t= 0.748295, b= 0.000000], r_t=[r= 2.48, prog= 7.07, pen=-4.59, r_old= 2.48], Reward=  353.22 /  333.87 /  11266.31, epsilon=  0.485, speed=  2.45, gear= 1, damage= 978.00
Ep:1475 step:600(157493), a_t=[s= 0.20, t= 0.783583, b= 0.000000], r_t=[r= 3.01, prog= 8.85, pen=-5.84, r_old= 3.01], Reward=  393.68 /  366.68 /  11266.31, epsilon=  0.485, speed=  3.09, gear= 1, damage= 996.00
Ep:1475 step:620(157513), a_t=[s= 1.00, t= 0.785308, b= 0.000000], r_t=[r= 2.83, prog= 8.43, pen=-5.60, r_old= 2.83], Reward=  450.22 /  419.08 /  11266.31, epsilon=  0.485, speed=  2.95, gear= 1, damage= 1000.00
Ep:1475 step:640(157533), a_t=[s= 0.85, t= 0.798766, b= 0.000000], r_t=[r= 2.95, prog= 8.46, pen=-5.51, r_old= 2.95], Reward=  509.26 /  478.12 /  11266.31, epsilon=  0.485, speed=  2.94, gear= 1, damage= 1000.00
Ep:1475 step:660(157553), a_t=[s= 0.08, t= 0.769214, b= 0.000000], r_t=[r= 3.54, prog= 9.94, pen=-6.40, r_old= 3.54], Reward=  569.41 /  538.27 /  11266.31, epsilon=  0.485, speed=  3.44, gear= 1, damage= 1000.00
Ep:1475 step:680(157573), a_t=[s= 0.77, t= 0.748406, b= 0.000000], r_t=[r= 2.91, prog= 8.02, pen=-5.11, r_old= 2.91], Reward=  622.49 /  591.35 /  11266.31, epsilon=  0.485, speed=  2.76, gear= 1, damage= 1000.00
Ep:1475 step:700(157593), a_t=[s= 0.18, t= 0.706371, b= 0.000000], r_t=[r= 2.87, prog= 8.04, pen=-5.17, r_old= 2.87], Reward=  674.84 /  643.70 /  11266.31, epsilon=  0.484, speed=  2.78, gear= 1, damage= 1000.00
Ep:1475 step:720(157613), a_t=[s= 0.90, t= 0.750802, b= 0.000000], r_t=[r= 2.29, prog= 6.49, pen=-4.20, r_old= 2.29], Reward=  730.18 /  699.04 /  11266.31, epsilon=  0.484, speed=  2.25, gear= 1, damage= 1000.00
Ep:1475 step:740(157633), a_t=[s= 1.00, t= 0.742043, b= 0.000000], r_t=[r= 2.62, prog= 7.47, pen=-4.85, r_old= 2.62], Reward=  794.57 /  763.43 /  11266.31, epsilon=  0.484, speed=  2.59, gear= 1, damage= 1000.00
Ep:1475 step:760(157653), a_t=[s= 0.73, t= 0.658038, b= 0.000000], r_t=[r= 2.03, prog= 5.68, pen=-3.65, r_old= 2.03], Reward=  842.96 /  811.82 /  11266.31, epsilon=  0.484, speed=  1.96, gear= 1, damage= 1000.00
Ep:1475 step:780(157673), a_t=[s= 0.64, t= 0.686763, b= 0.000000], r_t=[r= 2.55, prog= 7.18, pen=-4.63, r_old= 2.55], Reward=  903.60 /  872.46 /  11266.31, epsilon=  0.484, speed=  2.49, gear= 1, damage= 1000.00
Ep:1475 step:800(157693), a_t=[s= 0.32, t= 0.690767, b= 0.000000], r_t=[r= 3.49, prog= 9.91, pen=-6.42, r_old= 3.49], Reward=  941.64 /  904.38 /  11266.31, epsilon=  0.484, speed=  3.43, gear= 1, damage= 1020.00
Ep:1475 step:820(157713), a_t=[s= 1.00, t= 0.706386, b= 0.000000], r_t=[r= 2.50, prog= 6.91, pen=-4.41, r_old= 2.50], Reward=  1001.33 /  964.07 /  11266.31, epsilon=  0.484, speed=  2.38, gear= 1, damage= 1020.00
Ep:1475 step:840(157733), a_t=[s= 0.98, t= 0.737295, b= 0.000000], r_t=[r= 2.22, prog= 6.18, pen=-3.96, r_old= 2.22], Reward=  1057.38 /  1020.12 /  11266.31, epsilon=  0.484, speed=  2.13, gear= 1, damage= 1020.00
Ep:1475 step:860(157753), a_t=[s= 1.00, t= 0.736457, b= 0.000000], r_t=[r= 2.23, prog= 6.25, pen=-4.02, r_old= 2.23], Reward=  1112.40 /  1075.15 /  11266.31, epsilon=  0.484, speed=  2.16, gear= 1, damage= 1020.00
Ep:1475 step:880(157773), a_t=[s= 0.69, t= 0.636201, b= 0.000000], r_t=[r= 2.78, prog= 7.76, pen=-4.98, r_old= 2.78], Reward=  1173.40 /  1136.14 /  11266.31, epsilon=  0.484, speed=  2.68, gear= 1, damage= 1020.00
Ep:1475 step:900(157793), a_t=[s= 0.72, t= 0.712966, b= 0.000000], r_t=[r= 2.56, prog= 7.14, pen=-4.59, r_old= 2.56], Reward=  1224.28 /  1187.02 /  11266.31, epsilon=  0.484, speed=  2.47, gear= 1, damage= 1020.00
Ep:1475 step:920(157813), a_t=[s= 0.84, t= 0.721559, b= 0.000000], r_t=[r= 3.17, prog= 9.00, pen=-5.83, r_old= 3.17], Reward=  1288.70 /  1251.44 /  11266.31, epsilon=  0.484, speed=  3.12, gear= 1, damage= 1020.00
Ep:1475 step:940(157833), a_t=[s=-0.03, t= 0.862743, b= 0.002089], r_t=[r= 3.53, prog= 9.99, pen=-6.46, r_old= 3.53], Reward=  1351.36 /  1314.11 /  11266.31, epsilon=  0.484, speed=  3.46, gear= 1, damage= 1020.00
Ep:1475 step:960(157853), a_t=[s= 0.49, t= 0.785097, b= 0.000000], r_t=[r= 3.44, prog= 9.53, pen=-6.10, r_old= 3.44], Reward=  1407.70 /  1370.44 /  11266.31, epsilon=  0.484, speed=  3.29, gear= 1, damage= 1020.00
Ep:1475 step:980(157873), a_t=[s=-0.13, t= 0.712180, b= 0.000000], r_t=[r= 3.66, prog= 10.19, pen=-6.52, r_old= 3.66], Reward=  1451.77 /  1411.10 /  11266.31, epsilon=  0.484, speed=  3.51, gear= 1, damage= 1033.00
Ep:1475 step:1000(157893), a_t=[s= 1.00, t= 0.788618, b= 0.000000], r_t=[r= 1.96, prog= 5.62, pen=-3.66, r_old= 1.96], Reward=  1509.65 /  1468.99 /  11266.31, epsilon=  0.483, speed=  1.95, gear= 1, damage= 1033.00
Ep:1475 step:1020(157913), a_t=[s= 0.19, t= 0.789900, b= 0.000000], r_t=[r= 3.81, prog= 10.50, pen=-6.69, r_old= 3.81], Reward=  1567.88 /  1527.22 /  11266.31, epsilon=  0.483, speed=  3.62, gear= 1, damage= 1033.00
Ep:1475 step:1040(157933), a_t=[s= 0.98, t= 0.708215, b= 0.000000], r_t=[r= 2.11, prog= 5.85, pen=-3.73, r_old= 2.11], Reward=  1623.60 /  1582.94 /  11266.31, epsilon=  0.483, speed=  2.02, gear= 1, damage= 1033.00
Ep:1475 step:1060(157953), a_t=[s= 0.82, t= 0.738470, b= 0.000000], r_t=[r= 3.26, prog= 9.15, pen=-5.89, r_old= 3.26], Reward=  1683.28 /  1642.62 /  11266.31, epsilon=  0.483, speed=  3.17, gear= 1, damage= 1033.00
Ep:1475 step:1080(157973), a_t=[s= 1.00, t= 0.787848, b= 0.000000], r_t=[r= 2.59, prog= 7.20, pen=-4.61, r_old= 2.59], Reward=  1724.14 /  1677.51 /  11266.31, epsilon=  0.483, speed=  2.48, gear= 1, damage= 1046.00
Ep:1475 step:1100(157993), a_t=[s= 0.59, t= 0.741560, b= 0.000000], r_t=[r= 3.05, prog= 8.51, pen=-5.46, r_old= 3.05], Reward=  1783.38 /  1736.75 /  11266.31, epsilon=  0.483, speed=  2.94, gear= 1, damage= 1046.00
Ep:1475 step:1120(158013), a_t=[s= 0.88, t= 0.718958, b= 0.000000], r_t=[r= 2.86, prog= 8.19, pen=-5.33, r_old= 2.86], Reward=  1847.68 /  1801.05 /  11266.31, epsilon=  0.483, speed=  2.84, gear= 1, damage= 1046.00
Ep:1475 step:1140(158033), a_t=[s= 1.00, t= 0.753678, b= 0.000000], r_t=[r= 2.19, prog= 6.16, pen=-3.98, r_old= 2.19], Reward=  1904.33 /  1857.70 /  11266.31, epsilon=  0.483, speed=  2.13, gear= 1, damage= 1046.00
Ep:1475 step:1160(158053), a_t=[s= 0.33, t= 0.814683, b= 0.000000], r_t=[r= 3.29, prog= 9.29, pen=-6.00, r_old= 3.29], Reward=  1963.32 /  1916.70 /  11266.31, epsilon=  0.483, speed=  3.22, gear= 1, damage= 1046.00
Ep:1475 step:1180(158073), a_t=[s= 0.31, t= 0.719861, b= 0.000000], r_t=[r= 3.43, prog= 9.38, pen=-5.96, r_old= 3.43], Reward=  2018.81 /  1972.18 /  11266.31, epsilon=  0.483, speed=  3.23, gear= 1, damage= 1046.00
Ep:1475 step:1200(158093), a_t=[s= 0.31, t= 0.707640, b= 0.000000], r_t=[r= 3.75, prog= 10.42, pen=-6.67, r_old= 3.75], Reward=  2077.94 /  2031.32 /  11266.31, epsilon=  0.483, speed=  3.60, gear= 1, damage= 1046.00
Ep:1475 step:1220(158113), a_t=[s= 1.00, t= 0.769752, b= 0.000000], r_t=[r= 2.21, prog= 6.55, pen=-4.34, r_old= 2.21], Reward=  2099.89 /  2046.58 /  11266.31, epsilon=  0.483, speed=  2.29, gear= 1, damage= 1087.00
Ep:1475 step:1240(158133), a_t=[s= 0.37, t= 0.794911, b= 0.000000], r_t=[r=-18.06, prog= 11.68, pen=-29.74, r_old=-22.00], Reward=  2130.38 /  2073.13 /  11266.31, epsilon=  0.483, speed=  4.09, gear= 1, damage= 1109.00
Ep:1475 step:1260(158153), a_t=[s= 0.57, t= 0.787734, b= 0.000000], r_t=[r= 3.02, prog= 8.62, pen=-5.60, r_old= 3.02], Reward=  2191.36 /  2134.11 /  11266.31, epsilon=  0.483, speed=  2.99, gear= 1, damage= 1109.00
Ep:1475 step:1280(158173), a_t=[s= 0.57, t= 0.832844, b= 0.000000], r_t=[r= 3.32, prog= 9.28, pen=-5.96, r_old= 3.32], Reward=  2250.42 /  2193.16 /  11266.31, epsilon=  0.483, speed=  3.21, gear= 1, damage= 1109.00
Ep:1475 step:1300(158193), a_t=[s= 0.56, t= 0.822715, b= 0.000000], r_t=[r= 3.49, prog= 9.75, pen=-6.26, r_old= 3.49], Reward=  2310.69 /  2253.43 /  11266.31, epsilon=  0.482, speed=  3.37, gear= 1, damage= 1109.00
Ep:1475 step:1320(158213), a_t=[s= 0.40, t= 0.821993, b= 0.000000], r_t=[r= 3.60, prog= 10.53, pen=-6.93, r_old= 3.60], Reward=  2371.16 /  2313.91 /  11266.31, epsilon=  0.482, speed=  3.68, gear= 1, damage= 1109.00
Ep:1475 step:1340(158233), a_t=[s= 0.89, t= 0.765946, b= 0.000000], r_t=[r= 2.32, prog= 6.70, pen=-4.38, r_old= 2.32], Reward=  2430.72 /  2373.47 /  11266.31, epsilon=  0.482, speed=  2.33, gear= 1, damage= 1109.00
Ep:1475 step:1360(158253), a_t=[s= 0.92, t= 0.729001, b= 0.000000], r_t=[r= 2.55, prog= 7.11, pen=-4.55, r_old= 2.55], Reward=  2484.11 /  2426.86 /  11266.31, epsilon=  0.482, speed=  2.45, gear= 1, damage= 1109.00
Ep:1475 step:1380(158273), a_t=[s= 0.60, t= 0.677803, b= 0.000000], r_t=[r= 3.12, prog= 8.82, pen=-5.70, r_old= 3.12], Reward=  2539.24 /  2481.99 /  11266.31, epsilon=  0.482, speed=  3.05, gear= 1, damage= 1109.00
Ep:1475 step:1400(158293), a_t=[s= 0.53, t= 0.813663, b= 0.000000], r_t=[r= 3.19, prog= 8.89, pen=-5.70, r_old= 3.19], Reward=  2597.49 /  2540.23 /  11266.31, epsilon=  0.482, speed=  3.07, gear= 1, damage= 1109.00
Ep:1475 step:1420(158313), a_t=[s= 0.88, t= 0.751490, b= 0.000000], r_t=[r= 2.84, prog= 7.99, pen=-5.15, r_old= 2.84], Reward=  2656.91 /  2599.66 /  11266.31, epsilon=  0.482, speed=  2.76, gear= 1, damage= 1109.00
Ep:1475 step:1440(158333), a_t=[s= 1.00, t= 0.799546, b= 0.000000], r_t=[r= 2.39, prog= 6.80, pen=-4.41, r_old= 2.39], Reward=  2721.10 /  2663.85 /  11266.31, epsilon=  0.482, speed=  2.36, gear= 1, damage= 1109.00
Ep:1475 step:1460(158353), a_t=[s= 0.62, t= 0.750187, b= 0.000000], r_t=[r= 2.42, prog= 6.83, pen=-4.41, r_old= 2.42], Reward=  2771.93 /  2711.38 /  11266.31, epsilon=  0.482, speed=  2.36, gear= 1, damage= 1115.00
Ep:1475 step:1480(158373), a_t=[s= 0.87, t= 0.874255, b= 0.000000], r_t=[r= 3.49, prog= 9.65, pen=-6.16, r_old= 3.49], Reward=  2829.69 /  2769.15 /  11266.31, epsilon=  0.482, speed=  3.33, gear= 1, damage= 1115.00
Ep:1475 step:1500(158393), a_t=[s= 0.52, t= 0.762220, b= 0.000000], r_t=[r= 3.15, prog= 8.93, pen=-5.78, r_old= 3.15], Reward=  2889.32 /  2828.78 /  11266.31, epsilon=  0.482, speed=  3.10, gear= 1, damage= 1115.00
Ep:1475 step:1520(158413), a_t=[s= 1.00, t= 0.762718, b= 0.000000], r_t=[r= 2.55, prog= 7.10, pen=-4.54, r_old= 2.55], Reward=  2949.56 /  2889.01 /  11266.31, epsilon=  0.482, speed=  2.45, gear= 1, damage= 1115.00
Ep:1475 step:1540(158433), a_t=[s= 0.44, t= 0.673433, b= 0.000000], r_t=[r= 3.31, prog= 9.19, pen=-5.87, r_old= 3.31], Reward=  3009.24 /  2948.70 /  11266.31, epsilon=  0.482, speed=  3.17, gear= 1, damage= 1115.00
Ep:1475 step:1560(158453), a_t=[s= 0.53, t= 0.880986, b= 0.000000], r_t=[r= 2.90, prog= 8.22, pen=-5.33, r_old= 2.90], Reward=  3066.66 /  3006.11 /  11266.31, epsilon=  0.482, speed=  2.85, gear= 1, damage= 1115.00
Ep:1475 step:1580(158473), a_t=[s= 0.48, t= 0.701808, b= 0.000000], r_t=[r= 3.10, prog= 8.76, pen=-5.65, r_old= 3.10], Reward=  3125.20 /  3064.65 /  11266.31, epsilon=  0.482, speed=  3.03, gear= 1, damage= 1115.00
Ep:1475 step:1600(158493), a_t=[s= 0.91, t= 0.777986, b= 0.000000], r_t=[r= 2.61, prog= 7.37, pen=-4.76, r_old= 2.61], Reward=  3175.99 /  3111.78 /  11266.31, epsilon=  0.481, speed=  2.55, gear= 1, damage= 1130.00
Ep:1475 step:1620(158513), a_t=[s= 0.07, t= 0.846274, b= 0.000000], r_t=[r= 4.57, prog= 12.76, pen=-8.18, r_old= 4.57], Reward=  3232.28 /  3168.06 /  11266.31, epsilon=  0.481, speed=  4.41, gear= 1, damage= 1130.00
Ep:1475 step:1640(158533), a_t=[s= 0.67, t= 0.780432, b= 0.000000], r_t=[r= 2.19, prog= 6.31, pen=-4.12, r_old= 2.19], Reward=  3294.70 /  3230.48 /  11266.31, epsilon=  0.481, speed=  2.19, gear= 1, damage= 1130.00
Ep:1475 step:1660(158553), a_t=[s= 0.44, t= 0.736110, b= 0.000000], r_t=[r= 4.06, prog= 11.42, pen=-7.36, r_old= 4.06], Reward=  3351.37 /  3287.16 /  11266.31, epsilon=  0.481, speed=  3.95, gear= 1, damage= 1130.00
Ep:1475 step:1680(158573), a_t=[s= 1.00, t= 0.691754, b= 0.000000], r_t=[r= 2.16, prog= 6.07, pen=-3.91, r_old= 2.16], Reward=  3410.44 /  3346.22 /  11266.31, epsilon=  0.481, speed=  2.10, gear= 1, damage= 1130.00
Ep:1475 step:1700(158593), a_t=[s= 0.86, t= 0.769755, b= 0.000000], r_t=[r= 2.64, prog= 7.36, pen=-4.72, r_old= 2.64], Reward=  3464.73 /  3400.52 /  11266.31, epsilon=  0.481, speed=  2.54, gear= 1, damage= 1130.00
Ep:1475 step:1720(158613), a_t=[s= 0.68, t= 0.638839, b= 0.000000], r_t=[r= 2.34, prog= 6.47, pen=-4.13, r_old= 2.34], Reward=  3516.51 /  3452.29 /  11266.31, epsilon=  0.481, speed=  2.23, gear= 1, damage= 1130.00
Ep:1475 step:1740(158633), a_t=[s= 0.73, t= 0.753869, b= 0.000000], r_t=[r= 3.22, prog= 9.03, pen=-5.80, r_old= 3.22], Reward=  3579.73 /  3515.52 /  11266.31, epsilon=  0.481, speed=  3.12, gear= 1, damage= 1130.00
Ep:1475 step:1760(158653), a_t=[s= 0.87, t= 0.774462, b= 0.000000], r_t=[r= 2.71, prog= 7.63, pen=-4.92, r_old= 2.71], Reward=  3642.29 /  3578.08 /  11266.31, epsilon=  0.481, speed=  2.64, gear= 1, damage= 1130.00
Ep:1475 step:1780(158673), a_t=[s= 0.64, t= 0.780612, b= 0.000000], r_t=[r= 3.28, prog= 9.52, pen=-6.24, r_old= 3.28], Reward=  3708.20 /  3643.98 /  11266.31, epsilon=  0.481, speed=  3.32, gear= 1, damage= 1130.00
Ep:1475 step:1800(158693), a_t=[s= 0.84, t= 0.817341, b= 0.000000], r_t=[r= 2.72, prog= 7.88, pen=-5.17, r_old= 2.72], Reward=  3771.06 /  3702.66 /  11266.31, epsilon=  0.481, speed=  2.75, gear= 1, damage= 1137.00
Ep:1475 step:1820(158713), a_t=[s= 0.78, t= 0.789314, b= 0.000000], r_t=[r= 2.86, prog= 8.04, pen=-5.17, r_old= 2.86], Reward=  3827.35 /  3758.95 /  11266.31, epsilon=  0.481, speed=  2.78, gear= 1, damage= 1137.00
Ep:1475 step:1840(158733), a_t=[s= 0.30, t= 0.791669, b= 0.000000], r_t=[r= 3.28, prog= 9.46, pen=-6.18, r_old= 3.28], Reward=  3890.57 /  3822.16 /  11266.31, epsilon=  0.481, speed=  3.29, gear= 1, damage= 1137.00
Ep:1475 step:1860(158753), a_t=[s=-0.31, t= 0.860912, b= 0.000000], r_t=[r= 3.84, prog= 10.90, pen=-7.06, r_old= 3.84], Reward=  3951.52 /  3879.37 /  11266.31, epsilon=  0.481, speed=  3.78, gear= 1, damage= 1141.00
Ep:1475 step:1880(158773), a_t=[s= 0.20, t= 0.691549, b= 0.000000], r_t=[r= 3.03, prog= 8.39, pen=-5.36, r_old= 3.03], Reward=  4010.44 /  3938.29 /  11266.31, epsilon=  0.481, speed=  2.89, gear= 1, damage= 1141.00
Ep:1475 step:1900(158793), a_t=[s= 0.82, t= 0.818403, b= 0.000000], r_t=[r= 2.84, prog= 7.97, pen=-5.12, r_old= 2.84], Reward=  4068.11 /  3995.96 /  11266.31, epsilon=  0.480, speed=  2.75, gear= 1, damage= 1141.00
Ep:1475 step:1920(158813), a_t=[s= 0.54, t= 0.789188, b= 0.000000], r_t=[r= 3.51, prog= 9.96, pen=-6.45, r_old= 3.51], Reward=  4128.27 /  4056.12 /  11266.31, epsilon=  0.480, speed=  3.45, gear= 1, damage= 1141.00
Ep:1475 step:1940(158833), a_t=[s= 1.00, t= 0.779401, b= 0.000000], r_t=[r= 2.49, prog= 6.95, pen=-4.46, r_old= 2.49], Reward=  4192.86 /  4116.78 /  11266.31, epsilon=  0.480, speed=  2.40, gear= 1, damage= 1142.00
Ep:1475 step:1960(158853), a_t=[s= 1.00, t= 0.718032, b= 0.009695], r_t=[r= 2.40, prog= 6.77, pen=-4.37, r_old= 2.40], Reward=  4251.03 /  4174.95 /  11266.31, epsilon=  0.480, speed=  2.34, gear= 1, damage= 1142.00
Ep:1475 step:1980(158873), a_t=[s= 0.67, t= 0.757159, b= 0.000000], r_t=[r= 3.40, prog= 9.58, pen=-6.18, r_old= 3.40], Reward=  4311.92 /  4235.84 /  11266.31, epsilon=  0.480, speed=  3.32, gear= 1, damage= 1142.00
=============================================================
 starting episode: 1476/2000
### TORCS is RELAUNCHED ###
Client connected on 3109..............
Ep:1476 step:0(158893), a_t=[s= 0.52, t= 0.815276, b= 0.000000], r_t=[r= 0.45, prog= 0.45, pen=-0.00, r_old= 0.45], Reward=  0.45 /  0.45 /  11266.31, epsilon=  0.480, speed=  0.15, gear= 1, damage= 0.00
META = 1 ... out of track
=============================================================
 starting episode: 1477/2000
Waiting for server on 3109............
Count Down : 5
Client connected on 3109..............
Ep:1477 step:0(158908), a_t=[s= 0.95, t= 0.754008, b= 0.000000], r_t=[r= 0.32, prog= 0.32, pen=-0.00, r_old= 0.32], Reward=  0.32 /  0.32 /  11266.31, epsilon=  0.480, speed=  0.11, gear= 1, damage= 0.00
META = 1 ... out of track
=============================================================
 starting episode: 1478/2000
Waiting for server on 3109............
Count Down : 5
Client connected on 3109..............
Ep:1478 step:0(158923), a_t=[s= 0.83, t= 0.773479, b= 0.000000], r_t=[r= 0.23, prog= 0.23, pen=-0.00, r_old= 0.23], Reward=  0.23 /  0.23 /  11266.31, epsilon=  0.480, speed=  0.08, gear= 1, damage= 0.00
META = 1 ... out of track
=============================================================
 starting episode: 1479/2000
Waiting for server on 3109............
Count Down : 5
Client connected on 3109..............
Ep:1479 step:0(158939), a_t=[s= 0.44, t= 0.728446, b= 0.000000], r_t=[r= 0.48, prog= 0.48, pen=-0.00, r_old= 0.48], Reward=  0.48 /  0.48 /  11266.31, epsilon=  0.480, speed=  0.16, gear= 1, damage= 0.00
META = 1 ... Running backwards
=============================================================
 starting episode: 1480/2000
Waiting for server on 3109............
Count Down : 5
Client connected on 3109..............
Ep:1480 step:0(158958), a_t=[s= 1.00, t= 1.000000, b= 0.000000], r_t=[r= 0.20, prog= 0.20, pen=-0.00, r_old= 0.20], Reward=  0.20 /  0.20 /  11266.31, epsilon=  0.480, speed=  0.07, gear= 1, damage= 0.00
META = 1 ... Running backwards
=============================================================
 starting episode: 1481/2000
Waiting for server on 3109............
Count Down : 5
Client connected on 3109..............
Ep:1481 step:0(158971), a_t=[s= 0.49, t= 0.798852, b= 0.000000], r_t=[r= 0.63, prog= 0.63, pen=-0.00, r_old= 0.63], Reward=  0.63 /  0.63 /  11266.31, epsilon=  0.480, speed=  0.21, gear= 1, damage= 0.00
META = 1 ... out of track
=============================================================
 starting episode: 1482/2000
### TORCS is RELAUNCHED ###
Client connected on 3109..............
Ep:1482 step:0(158986), a_t=[s= 0.54, t= 0.722011, b= 0.000000], r_t=[r= 0.61, prog= 0.61, pen=-0.00, r_old= 0.61], Reward=  0.61 /  0.61 /  11266.31, epsilon=  0.480, speed=  0.20, gear= 1, damage= 0.00
META = 1 ... Running backwards
=============================================================
 starting episode: 1483/2000
Waiting for server on 3109............
Count Down : 5
Client connected on 3109..............
Ep:1483 step:0(159006), a_t=[s= 1.00, t= 0.711788, b= 0.000000], r_t=[r= 0.66, prog= 0.66, pen=-0.00, r_old= 0.66], Reward=  0.66 /  0.66 /  11266.31, epsilon=  0.480, speed=  0.22, gear= 1, damage= 0.00
META = 1 ... Running backwards
=============================================================
 starting episode: 1484/2000
Waiting for server on 3109............
Count Down : 5
Client connected on 3109..............
Ep:1484 step:0(159024), a_t=[s= 0.60, t= 0.738715, b= 0.000000], r_t=[r= 0.92, prog= 0.92, pen=-0.00, r_old= 0.92], Reward=  0.92 /  0.92 /  11266.31, epsilon=  0.480, speed=  0.31, gear= 1, damage= 0.00
META = 1 ... Running backwards
=============================================================
 starting episode: 1485/2000
Waiting for server on 3109............
Count Down : 5
Client connected on 3109..............
Ep:1485 step:0(159044), a_t=[s= 0.04, t= 0.759949, b= 0.000000], r_t=[r= 0.38, prog= 0.38, pen=-0.00, r_old= 0.38], Reward=  0.38 /  0.38 /  11266.31, epsilon=  0.480, speed=  0.13, gear= 1, damage= 0.00
META = 1 ... Running backwards
=============================================================
 starting episode: 1486/2000
Waiting for server on 3109............
Count Down : 5
Client connected on 3109..............
Ep:1486 step:0(159064), a_t=[s= 0.65, t= 0.834304, b= 0.000000], r_t=[r= 0.56, prog= 0.56, pen=-0.00, r_old= 0.56], Reward=  0.56 /  0.56 /  11266.31, epsilon=  0.480, speed=  0.19, gear= 1, damage= 0.00
Ep:1486 step:20(159084), a_t=[s= 1.00, t= 0.748271, b= 0.000000], r_t=[r=-0.15, prog= 0.38, pen=-0.54, r_old=-0.15], Reward= -405.09 / -397.67 /  11266.31, epsilon=  0.480, speed=  0.23, gear= 1, damage= 689.00
Ep:1486 step:40(159104), a_t=[s= 0.98, t= 0.644466, b= 0.000000], r_t=[r=-0.10, prog= 0.40, pen=-0.50, r_old=-0.10], Reward= -407.75 / -400.33 /  11266.31, epsilon=  0.479, speed=  0.22, gear= 1, damage= 689.00
Ep:1486 step:60(159124), a_t=[s= 0.23, t= 0.754586, b= 0.000000], r_t=[r=-0.05, prog= 0.82, pen=-0.87, r_old=-0.05], Reward= -410.04 / -402.62 /  11266.31, epsilon=  0.479, speed=  0.39, gear= 1, damage= 689.00
Ep:1486 step:80(159144), a_t=[s= 0.10, t= 0.795159, b= 0.000000], r_t=[r= 0.00, prog= 1.27, pen=-1.27, r_old= 0.00], Reward= -410.45 / -403.03 /  11266.31, epsilon=  0.479, speed=  0.58, gear= 1, damage= 689.00
Ep:1486 step:100(159164), a_t=[s= 0.69, t= 0.778172, b= 0.000000], r_t=[r= 0.09, prog= 0.99, pen=-0.90, r_old= 0.09], Reward= -409.21 / -401.79 /  11266.31, epsilon=  0.479, speed=  0.42, gear= 1, damage= 689.00
Ep:1486 step:120(159184), a_t=[s= 0.90, t= 0.731268, b= 0.000000], r_t=[r= 0.14, prog= 0.99, pen=-0.85, r_old= 0.14], Reward= -406.32 / -398.90 /  11266.31, epsilon=  0.479, speed=  0.40, gear= 1, damage= 689.00
Ep:1486 step:140(159204), a_t=[s= 1.00, t= 0.752515, b= 0.000000], r_t=[r= 0.25, prog= 1.32, pen=-1.07, r_old= 0.25], Reward= -401.47 / -394.05 /  11266.31, epsilon=  0.479, speed=  0.52, gear= 1, damage= 689.00
Ep:1486 step:160(159224), a_t=[s= 0.27, t= 0.850787, b= 0.000000], r_t=[r= 0.89, prog= 3.85, pen=-2.96, r_old= 0.89], Reward= -393.97 / -386.55 /  11266.31, epsilon=  0.479, speed=  1.46, gear= 1, damage= 689.00
Ep:1486 step:180(159244), a_t=[s= 0.49, t= 0.720042, b= 0.000000], r_t=[r= 0.82, prog= 2.98, pen=-2.16, r_old= 0.82], Reward= -378.96 / -371.54 /  11266.31, epsilon=  0.479, speed=  1.09, gear= 1, damage= 689.00
Ep:1486 step:200(159264), a_t=[s= 0.84, t= 0.691740, b= 0.000000], r_t=[r= 1.12, prog= 3.50, pen=-2.38, r_old= 1.12], Reward= -354.12 / -346.70 /  11266.31, epsilon=  0.479, speed=  1.24, gear= 1, damage= 689.00
Ep:1486 step:220(159284), a_t=[s= 1.00, t= 0.763029, b= 0.000000], r_t=[r= 2.29, prog= 6.78, pen=-4.48, r_old= 2.29], Reward= -307.65 / -300.23 /  11266.31, epsilon=  0.479, speed=  2.37, gear= 1, damage= 689.00
Ep:1486 step:240(159304), a_t=[s= 0.60, t= 0.699121, b= 0.000000], r_t=[r= 3.97, prog= 11.17, pen=-7.20, r_old= 3.97], Reward= -252.83 / -245.41 /  11266.31, epsilon=  0.479, speed=  3.86, gear= 1, damage= 689.00
Ep:1486 step:260(159324), a_t=[s= 0.16, t= 0.826375, b= 0.000000], r_t=[r= 3.86, prog= 10.78, pen=-6.92, r_old= 3.86], Reward= -197.10 / -189.68 /  11266.31, epsilon=  0.479, speed=  3.72, gear= 1, damage= 689.00
Ep:1486 step:280(159344), a_t=[s= 0.57, t= 0.546036, b= 0.000000], r_t=[r= 1.79, prog= 5.12, pen=-3.33, r_old= 1.79], Reward= -137.68 / -130.26 /  11266.31, epsilon=  0.479, speed=  1.78, gear= 1, damage= 689.00
Ep:1486 step:300(159364), a_t=[s= 0.90, t= 0.705720, b= 0.000000], r_t=[r= 2.63, prog= 7.47, pen=-4.84, r_old= 2.63], Reward= -82.79 / -75.37 /  11266.31, epsilon=  0.479, speed=  2.59, gear= 1, damage= 689.00
Ep:1486 step:320(159384), a_t=[s= 0.52, t= 0.800767, b= 0.000000], r_t=[r= 3.07, prog= 8.59, pen=-5.52, r_old= 3.07], Reward= -43.08 / -38.41 /  11266.31, epsilon=  0.479, speed=  2.96, gear= 1, damage= 702.00
Ep:1486 step:340(159404), a_t=[s= 0.01, t= 0.743727, b= 0.000000], r_t=[r= 4.23, prog= 11.90, pen=-7.66, r_old= 4.23], Reward=  13.79 /  18.47 /  11266.31, epsilon=  0.478, speed=  4.11, gear= 1, damage= 702.00
Ep:1486 step:360(159424), a_t=[s= 0.85, t= 0.851802, b= 0.000000], r_t=[r= 2.28, prog= 6.53, pen=-4.25, r_old= 2.28], Reward=  51.29 /  51.79 /  11266.31, epsilon=  0.478, speed=  2.27, gear= 1, damage= 727.00
Ep:1486 step:380(159444), a_t=[s= 1.00, t= 0.833831, b= 0.000000], r_t=[r= 2.18, prog= 6.47, pen=-4.30, r_old= 2.18], Reward=  59.92 /  52.91 /  11266.31, epsilon=  0.478, speed=  2.27, gear= 1, damage= 773.00
Ep:1486 step:400(159464), a_t=[s= 0.61, t= 0.814107, b= 0.000000], r_t=[r= 3.19, prog= 8.86, pen=-5.67, r_old= 3.19], Reward=  112.00 /  105.00 /  11266.31, epsilon=  0.478, speed=  3.05, gear= 1, damage= 773.00
Ep:1486 step:420(159484), a_t=[s= 1.00, t= 0.675287, b= 0.000000], r_t=[r= 2.06, prog= 5.84, pen=-3.78, r_old= 2.06], Reward=  159.52 /  148.95 /  11266.31, epsilon=  0.478, speed=  2.02, gear= 1, damage= 790.00
Ep:1486 step:440(159504), a_t=[s= 1.00, t= 0.700433, b= 0.000000], r_t=[r= 2.02, prog= 5.73, pen=-3.71, r_old= 2.02], Reward=  215.20 /  204.62 /  11266.31, epsilon=  0.478, speed=  1.98, gear= 1, damage= 790.00
Ep:1486 step:460(159524), a_t=[s= 0.43, t= 0.807585, b= 0.000000], r_t=[r= 3.14, prog= 9.13, pen=-5.99, r_old= 3.14], Reward=  276.18 /  265.61 /  11266.31, epsilon=  0.478, speed=  3.18, gear= 1, damage= 790.00
Ep:1486 step:480(159544), a_t=[s= 0.16, t= 0.714819, b= 0.000000], r_t=[r=-0.51, prog= 12.96, pen=-13.47, r_old=-5.00], Reward=  323.24 /  305.06 /  11266.31, epsilon=  0.478, speed=  4.51, gear= 1, damage= 800.00
Ep:1486 step:500(159564), a_t=[s= 0.99, t= 0.844095, b= 0.000000], r_t=[r=-14.57, prog= 10.36, pen=-24.93, r_old=-18.00], Reward=  377.21 /  355.60 /  11266.31, epsilon=  0.478, speed=  3.64, gear= 1, damage= 818.00
Ep:1486 step:520(159584), a_t=[s= 0.48, t= 0.777281, b= 0.000000], r_t=[r= 5.13, prog= 13.98, pen=-8.85, r_old= 5.13], Reward=  445.90 /  424.29 /  11266.31, epsilon=  0.478, speed=  4.80, gear= 1, damage= 818.00
META = 1 ... Running backwards
=============================================================
 starting episode: 1487/2000
Waiting for server on 3109............
Count Down : 5
Client connected on 3109..............
Ep:1487 step:0(159592), a_t=[s= 0.89, t= 0.750737, b= 0.002279], r_t=[r= 0.44, prog= 0.44, pen=-0.00, r_old= 0.44], Reward=  0.44 /  0.44 /  11266.31, epsilon=  0.478, speed=  0.15, gear= 1, damage= 0.00
META = 1 ... out of track
=============================================================
 starting episode: 1488/2000
### TORCS is RELAUNCHED ###
Client connected on 3109..............
Ep:1488 step:0(159606), a_t=[s= 1.00, t= 0.746691, b= 0.000000], r_t=[r= 0.32, prog= 0.32, pen=-0.00, r_old= 0.32], Reward=  0.32 /  0.32 /  11266.31, epsilon=  0.478, speed=  0.11, gear= 1, damage= 0.00
META = 1 ... out of track
=============================================================
 starting episode: 1489/2000
Waiting for server on 3109............
Count Down : 5
Client connected on 3109..............
Ep:1489 step:0(159621), a_t=[s= 0.64, t= 0.762786, b= 0.000000], r_t=[r= 0.31, prog= 0.31, pen=-0.00, r_old= 0.31], Reward=  0.31 /  0.31 /  11266.31, epsilon=  0.478, speed=  0.10, gear= 1, damage= 0.00
META = 1 ... out of track
=============================================================
 starting episode: 1490/2000
Waiting for server on 3109............
Count Down : 5
Client connected on 3109..............
Ep:1490 step:0(159637), a_t=[s= 0.18, t= 0.733359, b= 0.000000], r_t=[r= 0.50, prog= 0.50, pen=-0.00, r_old= 0.50], Reward=  0.50 /  0.50 /  11266.31, epsilon=  0.478, speed=  0.17, gear= 1, damage= 0.00
META = 1 ... Running backwards
=============================================================
 starting episode: 1491/2000
Waiting for server on 3109............
Count Down : 5
Client connected on 3109..............
Ep:1491 step:0(159655), a_t=[s= 0.55, t= 0.790029, b= 0.000000], r_t=[r= 0.72, prog= 0.72, pen=-0.00, r_old= 0.72], Reward=  0.72 /  0.72 /  11266.31, epsilon=  0.478, speed=  0.24, gear= 1, damage= 0.00
Ep:1491 step:20(159675), a_t=[s= 0.83, t= 0.782580, b= 0.000000], r_t=[r=-0.09, prog= 0.02, pen=-0.11, r_old=-0.09], Reward= -350.58 / -340.77 /  11266.31, epsilon=  0.478, speed=  0.04, gear= 1, damage= 694.00
Ep:1491 step:40(159695), a_t=[s= 0.35, t= 0.786107, b= 0.000000], r_t=[r=-0.05, prog= 0.03, pen=-0.08, r_old=-0.05], Reward= -353.52 / -343.71 /  11266.31, epsilon=  0.478, speed=  0.03, gear= 1, damage= 694.00
Ep:1491 step:60(159715), a_t=[s= 1.00, t= 0.803230, b= 0.000000], r_t=[r=-0.04, prog= 0.03, pen=-0.07, r_old=-0.04], Reward= -356.33 / -346.52 /  11266.31, epsilon=  0.477, speed=  0.03, gear= 1, damage= 694.00
Ep:1491 step:80(159735), a_t=[s= 0.34, t= 0.733059, b= 0.000000], r_t=[r=-0.09, prog= 0.10, pen=-0.19, r_old=-0.09], Reward= -359.36 / -349.55 /  11266.31, epsilon=  0.477, speed=  0.08, gear= 1, damage= 694.00
Ep:1491 step:100(159755), a_t=[s= 0.79, t= 0.873758, b= 0.000000], r_t=[r=-0.19, prog= 0.40, pen=-0.59, r_old=-0.19], Reward= -363.44 / -353.63 /  11266.31, epsilon=  0.477, speed=  0.26, gear= 1, damage= 694.00
Ep:1491 step:120(159775), a_t=[s= 1.00, t= 0.801053, b= 0.000000], r_t=[r=-0.10, prog= 0.42, pen=-0.52, r_old=-0.10], Reward= -366.55 / -356.75 /  11266.31, epsilon=  0.477, speed=  0.23, gear= 1, damage= 694.00
Ep:1491 step:140(159795), a_t=[s= 1.00, t= 0.709614, b= 0.038741], r_t=[r=-0.04, prog= 0.48, pen=-0.52, r_old=-0.04], Reward= -368.48 / -358.68 /  11266.31, epsilon=  0.477, speed=  0.23, gear= 1, damage= 694.00
Ep:1491 step:160(159815), a_t=[s= 0.44, t= 0.777602, b= 0.000000], r_t=[r=-0.02, prog= 0.89, pen=-0.90, r_old=-0.02], Reward= -369.07 / -359.26 /  11266.31, epsilon=  0.477, speed=  0.41, gear= 1, damage= 694.00
Ep:1491 step:180(159835), a_t=[s= 0.59, t= 0.781750, b= 0.000000], r_t=[r= 0.07, prog= 1.14, pen=-1.08, r_old= 0.07], Reward= -368.61 / -358.80 /  11266.31, epsilon=  0.477, speed=  0.50, gear= 1, damage= 694.00
Ep:1491 step:200(159855), a_t=[s= 0.91, t= 0.698233, b= 0.000000], r_t=[r= 0.11, prog= 0.86, pen=-0.75, r_old= 0.11], Reward= -366.37 / -356.56 /  11266.31, epsilon=  0.477, speed=  0.35, gear= 1, damage= 694.00
Ep:1491 step:220(159875), a_t=[s= 0.56, t= 0.649648, b= 0.000000], r_t=[r= 0.37, prog= 2.13, pen=-1.77, r_old= 0.37], Reward= -362.24 / -352.43 /  11266.31, epsilon=  0.477, speed=  0.85, gear= 1, damage= 694.00
Ep:1491 step:240(159895), a_t=[s= 0.46, t= 0.794773, b= 0.000000], r_t=[r= 0.54, prog= 2.37, pen=-1.83, r_old= 0.54], Reward= -354.02 / -344.21 /  11266.31, epsilon=  0.477, speed=  0.90, gear= 1, damage= 694.00
Ep:1491 step:260(159915), a_t=[s= 0.32, t= 0.716166, b= 0.000000], r_t=[r= 1.05, prog= 3.80, pen=-2.75, r_old= 1.05], Reward= -340.62 / -330.81 /  11266.31, epsilon=  0.477, speed=  1.39, gear= 1, damage= 694.00
Ep:1491 step:280(159935), a_t=[s= 0.20, t= 0.803019, b= 0.000000], r_t=[r= 2.21, prog= 6.81, pen=-4.61, r_old= 2.21], Reward= -310.22 / -300.41 /  11266.31, epsilon=  0.477, speed=  2.41, gear= 1, damage= 694.00
Ep:1491 step:300(159955), a_t=[s= 0.20, t= 0.720157, b= 0.000000], r_t=[r= 3.18, prog= 8.94, pen=-5.76, r_old= 3.18], Reward= -267.98 / -258.18 /  11266.31, epsilon=  0.477, speed=  3.09, gear= 1, damage= 694.00
Ep:1491 step:320(159975), a_t=[s= 1.00, t= 0.801730, b= 0.000000], r_t=[r= 2.07, prog= 6.02, pen=-3.95, r_old= 2.07], Reward= -224.04 / -221.80 /  11266.31, epsilon=  0.477, speed=  2.10, gear= 1, damage= 706.00
Ep:1491 step:340(159995), a_t=[s= 1.00, t= 0.674827, b= 0.000000], r_t=[r= 1.97, prog= 5.67, pen=-3.70, r_old= 1.97], Reward= -169.11 / -166.87 /  11266.31, epsilon=  0.477, speed=  1.97, gear= 1, damage= 706.00
Ep:1491 step:360(160015), a_t=[s= 0.42, t= 0.798467, b= 0.000000], r_t=[r= 3.26, prog= 9.39, pen=-6.14, r_old= 3.26], Reward= -121.23 / -122.05 /  11266.31, epsilon=  0.476, speed=  3.27, gear= 1, damage= 714.00
Ep:1491 step:380(160035), a_t=[s= 1.00, t= 0.729263, b= 0.000000], r_t=[r= 1.92, prog= 5.59, pen=-3.66, r_old= 1.92], Reward= -88.43 / -92.44 /  11266.31, epsilon=  0.476, speed=  1.95, gear= 1, damage= 731.00
Ep:1491 step:400(160055), a_t=[s=-0.22, t= 0.846285, b= 0.000000], r_t=[r= 3.38, prog= 9.76, pen=-6.38, r_old= 3.38], Reward= -34.93 / -41.75 /  11266.31, epsilon=  0.476, speed=  3.39, gear= 1, damage= 735.00
Ep:1491 step:420(160075), a_t=[s= 0.62, t= 0.758684, b= 0.000000], r_t=[r= 3.15, prog= 9.03, pen=-5.88, r_old= 3.15], Reward=  27.51 /  20.68 /  11266.31, epsilon=  0.476, speed=  3.14, gear= 1, damage= 735.00
Ep:1491 step:440(160095), a_t=[s= 0.59, t= 0.843810, b= 0.000000], r_t=[r= 3.66, prog= 10.73, pen=-7.07, r_old= 3.66], Reward=  73.47 /  63.39 /  11266.31, epsilon=  0.476, speed=  3.74, gear= 1, damage= 751.00
Ep:1491 step:460(160115), a_t=[s= 1.00, t= 0.782835, b= 0.000000], r_t=[r= 3.38, prog= 9.50, pen=-6.12, r_old= 3.38], Reward=  131.31 /  121.23 /  11266.31, epsilon=  0.476, speed=  3.28, gear= 1, damage= 751.00
Ep:1491 step:480(160135), a_t=[s= 1.00, t= 0.736610, b= 0.000000], r_t=[r= 1.51, prog= 4.50, pen=-2.99, r_old= 1.51], Reward=  134.06 /  120.31 /  11266.31, epsilon=  0.476, speed=  1.58, gear= 1, damage= 799.00
Ep:1491 step:500(160155), a_t=[s= 0.95, t= 0.694591, b= 0.000000], r_t=[r= 1.84, prog= 5.45, pen=-3.60, r_old= 1.84], Reward=  151.67 /  129.66 /  11266.31, epsilon=  0.476, speed=  1.90, gear= 1, damage= 838.00
Ep:1491 step:520(160175), a_t=[s= 1.00, t= 0.780993, b= 0.000000], r_t=[r= 2.76, prog= 7.97, pen=-5.21, r_old= 2.76], Reward=  207.57 /  185.56 /  11266.31, epsilon=  0.476, speed=  2.77, gear= 1, damage= 838.00
Ep:1491 step:540(160195), a_t=[s= 0.51, t= 0.813431, b= 0.001811], r_t=[r= 4.16, prog= 11.45, pen=-7.30, r_old= 4.16], Reward=  265.35 /  243.34 /  11266.31, epsilon=  0.476, speed=  3.94, gear= 1, damage= 838.00
Ep:1491 step:560(160215), a_t=[s= 0.92, t= 0.667864, b= 0.000000], r_t=[r= 2.03, prog= 5.78, pen=-3.75, r_old= 2.03], Reward=  295.12 /  265.57 /  11266.31, epsilon=  0.476, speed=  2.00, gear= 1, damage= 865.00
Ep:1491 step:580(160235), a_t=[s= 0.81, t= 0.729565, b= 0.000000], r_t=[r= 3.39, prog= 9.63, pen=-6.24, r_old= 3.39], Reward=  360.79 /  328.18 /  11266.31, epsilon=  0.476, speed=  3.34, gear= 1, damage= 866.00
Ep:1491 step:600(160255), a_t=[s= 1.00, t= 0.778997, b= 0.000000], r_t=[r= 2.42, prog= 7.13, pen=-4.71, r_old= 2.42], Reward=  412.48 /  370.75 /  11266.31, epsilon=  0.476, speed=  2.49, gear= 1, damage= 885.00
Ep:1491 step:620(160275), a_t=[s= 0.26, t= 0.787379, b= 0.000000], r_t=[r= 3.16, prog= 9.65, pen=-6.49, r_old= 3.16], Reward=  396.50 /  350.20 /  11266.31, epsilon=  0.476, speed=  3.40, gear= 1, damage= 965.00
Ep:1491 step:640(160295), a_t=[s= 0.38, t= 0.772030, b= 0.000000], r_t=[r= 3.41, prog= 9.81, pen=-6.40, r_old= 3.41], Reward=  438.53 /  388.68 /  11266.31, epsilon=  0.476, speed=  3.41, gear= 1, damage= 983.00
Ep:1491 step:660(160315), a_t=[s= 0.41, t= 0.759550, b= 0.000000], r_t=[r= 3.11, prog= 8.68, pen=-5.57, r_old= 3.11], Reward=  496.62 /  446.77 /  11266.31, epsilon=  0.475, speed=  3.00, gear= 1, damage= 983.00
Ep:1491 step:680(160335), a_t=[s= 0.56, t= 0.774531, b= 0.000000], r_t=[r= 3.54, prog= 9.96, pen=-6.42, r_old= 3.54], Reward=  558.29 /  508.43 /  11266.31, epsilon=  0.475, speed=  3.45, gear= 1, damage= 983.00
Ep:1491 step:700(160355), a_t=[s= 0.97, t= 0.788391, b= 0.000000], r_t=[r= 2.67, prog= 7.46, pen=-4.79, r_old= 2.67], Reward=  613.41 /  563.55 /  11266.31, epsilon=  0.475, speed=  2.58, gear= 1, damage= 983.00
Ep:1491 step:720(160375), a_t=[s= 0.31, t= 0.726254, b= 0.000000], r_t=[r= 3.23, prog= 9.08, pen=-5.85, r_old= 3.23], Reward=  670.94 /  621.09 /  11266.31, epsilon=  0.475, speed=  3.14, gear= 1, damage= 983.00
Ep:1491 step:740(160395), a_t=[s= 1.00, t= 0.727538, b= 0.000000], r_t=[r= 1.92, prog= 5.44, pen=-3.52, r_old= 1.92], Reward=  727.93 /  678.08 /  11266.31, epsilon=  0.475, speed=  1.89, gear= 1, damage= 983.00
Ep:1491 step:760(160415), a_t=[s= 0.84, t= 0.741144, b= 0.000000], r_t=[r= 2.62, prog= 7.31, pen=-4.69, r_old= 2.62], Reward=  778.98 /  729.13 /  11266.31, epsilon=  0.475, speed=  2.53, gear= 1, damage= 983.00
Ep:1491 step:780(160435), a_t=[s= 0.99, t= 0.776327, b= 0.000000], r_t=[r= 2.42, prog= 6.84, pen=-4.42, r_old= 2.42], Reward=  835.85 /  786.00 /  11266.31, epsilon=  0.475, speed=  2.37, gear= 1, damage= 983.00
Ep:1491 step:800(160455), a_t=[s= 0.80, t= 0.788576, b= 0.000000], r_t=[r= 3.60, prog= 9.89, pen=-6.29, r_old= 3.60], Reward=  893.46 /  843.60 /  11266.31, epsilon=  0.475, speed=  3.40, gear= 1, damage= 983.00
Ep:1491 step:820(160475), a_t=[s= 0.82, t= 0.781773, b= 0.000000], r_t=[r= 2.74, prog= 7.65, pen=-4.91, r_old= 2.74], Reward=  950.05 /  900.19 /  11266.31, epsilon=  0.475, speed=  2.64, gear= 1, damage= 983.00
Ep:1491 step:840(160495), a_t=[s=-0.06, t= 0.797750, b= 0.000000], r_t=[r= 3.98, prog= 11.17, pen=-7.19, r_old= 3.98], Reward=  1010.71 /  956.82 /  11266.31, epsilon=  0.475, speed=  3.86, gear= 1, damage= 989.00
Ep:1491 step:860(160515), a_t=[s= 0.11, t= 0.737977, b= 0.000000], r_t=[r= 3.44, prog= 9.89, pen=-6.45, r_old= 3.44], Reward=  1059.79 /  1001.62 /  11266.31, epsilon=  0.475, speed=  3.44, gear= 1, damage= 1001.00
Ep:1491 step:880(160535), a_t=[s= 0.73, t= 0.779881, b= 0.000000], r_t=[r= 2.78, prog= 7.84, pen=-5.06, r_old= 2.78], Reward=  1121.36 /  1063.19 /  11266.31, epsilon=  0.475, speed=  2.71, gear= 1, damage= 1001.00
Ep:1491 step:900(160555), a_t=[s= 0.22, t= 0.764701, b= 0.000000], r_t=[r= 3.79, prog= 10.43, pen=-6.64, r_old= 3.79], Reward=  1181.27 /  1123.09 /  11266.31, epsilon=  0.475, speed=  3.59, gear= 1, damage= 1001.00
Ep:1491 step:920(160575), a_t=[s= 0.64, t= 0.597512, b= 0.000000], r_t=[r= 2.48, prog= 7.05, pen=-4.57, r_old= 2.48], Reward=  1243.21 /  1185.04 /  11266.31, epsilon=  0.475, speed=  2.45, gear= 1, damage= 1001.00
Ep:1491 step:940(160595), a_t=[s= 0.51, t= 0.791039, b= 0.000000], r_t=[r= 2.99, prog= 8.40, pen=-5.41, r_old= 2.99], Reward=  1302.12 /  1243.95 /  11266.31, epsilon=  0.475, speed=  2.91, gear= 1, damage= 1001.00
Ep:1491 step:960(160615), a_t=[s= 1.00, t= 0.800004, b= 0.000000], r_t=[r= 2.80, prog= 7.89, pen=-5.09, r_old= 2.80], Reward=  1361.63 /  1303.46 /  11266.31, epsilon=  0.474, speed=  2.73, gear= 1, damage= 1001.00
Ep:1491 step:980(160635), a_t=[s= 1.00, t= 0.778529, b= 0.000000], r_t=[r= 2.61, prog= 7.23, pen=-4.63, r_old= 2.61], Reward=  1416.55 /  1358.38 /  11266.31, epsilon=  0.474, speed=  2.49, gear= 1, damage= 1001.00
Ep:1491 step:1000(160655), a_t=[s= 0.39, t= 0.797939, b= 0.000000], r_t=[r= 3.11, prog= 8.75, pen=-5.64, r_old= 3.11], Reward=  1475.17 /  1416.99 /  11266.31, epsilon=  0.474, speed=  3.03, gear= 1, damage= 1001.00
Ep:1491 step:1020(160675), a_t=[s= 1.00, t= 0.751501, b= 0.000000], r_t=[r= 2.64, prog= 7.40, pen=-4.76, r_old= 2.64], Reward=  1535.75 /  1477.57 /  11266.31, epsilon=  0.474, speed=  2.56, gear= 1, damage= 1001.00
Ep:1491 step:1040(160695), a_t=[s= 0.51, t= 0.729592, b= 0.002916], r_t=[r= 2.83, prog= 7.93, pen=-5.10, r_old= 2.83], Reward=  1595.11 /  1536.94 /  11266.31, epsilon=  0.474, speed=  2.74, gear= 1, damage= 1001.00
Ep:1491 step:1060(160715), a_t=[s= 0.92, t= 0.763147, b= 0.000000], r_t=[r= 2.53, prog= 7.19, pen=-4.66, r_old= 2.53], Reward=  1650.93 /  1592.76 /  11266.31, epsilon=  0.474, speed=  2.49, gear= 1, damage= 1001.00
Ep:1491 step:1080(160735), a_t=[s= 1.00, t= 0.781062, b= 0.000000], r_t=[r= 2.81, prog= 8.01, pen=-5.20, r_old= 2.81], Reward=  1710.63 /  1652.46 /  11266.31, epsilon=  0.474, speed=  2.78, gear= 1, damage= 1001.00
Ep:1491 step:1100(160755), a_t=[s= 0.72, t= 0.740023, b= 0.000000], r_t=[r= 3.29, prog= 9.44, pen=-6.15, r_old= 3.29], Reward=  1774.49 /  1716.32 /  11266.31, epsilon=  0.474, speed=  3.28, gear= 1, damage= 1001.00
Ep:1491 step:1120(160775), a_t=[s= 0.49, t= 0.775059, b= 0.000000], r_t=[r= 2.81, prog= 7.89, pen=-5.08, r_old= 2.81], Reward=  1828.27 /  1770.10 /  11266.31, epsilon=  0.474, speed=  2.73, gear= 1, damage= 1001.00
Ep:1491 step:1140(160795), a_t=[s=-0.04, t= 0.779678, b= 0.000000], r_t=[r= 4.51, prog= 12.63, pen=-8.12, r_old= 4.51], Reward=  1894.22 /  1836.04 /  11266.31, epsilon=  0.474, speed=  4.37, gear= 1, damage= 1001.00
Ep:1491 step:1160(160815), a_t=[s= 0.20, t= 0.813601, b= 0.000000], r_t=[r= 3.38, prog= 9.52, pen=-6.14, r_old= 3.38], Reward=  1953.59 /  1895.41 /  11266.31, epsilon=  0.474, speed=  3.30, gear= 1, damage= 1001.00
Ep:1491 step:1180(160835), a_t=[s= 0.88, t= 0.849077, b= 0.000000], r_t=[r= 2.82, prog= 7.86, pen=-5.05, r_old= 2.82], Reward=  2011.58 /  1953.40 /  11266.31, epsilon=  0.474, speed=  2.72, gear= 1, damage= 1001.00
Ep:1491 step:1200(160855), a_t=[s= 0.32, t= 0.772454, b= 0.000000], r_t=[r= 2.81, prog= 7.94, pen=-5.12, r_old= 2.81], Reward=  2064.38 /  2006.21 /  11266.31, epsilon=  0.474, speed=  2.75, gear= 1, damage= 1001.00
Ep:1491 step:1220(160875), a_t=[s= 0.68, t= 0.783117, b= 0.000000], r_t=[r= 3.29, prog= 9.07, pen=-5.78, r_old= 3.29], Reward=  2123.30 /  2065.12 /  11266.31, epsilon=  0.474, speed=  3.12, gear= 1, damage= 1001.00
Ep:1491 step:1240(160895), a_t=[s= 0.69, t= 0.747265, b= 0.000000], r_t=[r= 2.45, prog= 7.01, pen=-4.55, r_old= 2.45], Reward=  2188.67 /  2130.49 /  11266.31, epsilon=  0.474, speed=  2.43, gear= 1, damage= 1001.00
Ep:1491 step:1260(160915), a_t=[s= 0.95, t= 0.741566, b= 0.000000], r_t=[r= 2.31, prog= 6.52, pen=-4.21, r_old= 2.31], Reward=  2244.73 /  2186.55 /  11266.31, epsilon=  0.473, speed=  2.26, gear= 1, damage= 1001.00
Ep:1491 step:1280(160935), a_t=[s= 0.85, t= 0.793800, b= 0.000000], r_t=[r= 3.23, prog= 8.91, pen=-5.68, r_old= 3.23], Reward=  2303.89 /  2245.71 /  11266.31, epsilon=  0.473, speed=  3.07, gear= 1, damage= 1001.00
Ep:1491 step:1300(160955), a_t=[s= 1.00, t= 0.775371, b= 0.000000], r_t=[r= 2.18, prog= 6.25, pen=-4.07, r_old= 2.18], Reward=  2348.85 /  2287.19 /  11266.31, epsilon=  0.473, speed=  2.17, gear= 1, damage= 1012.00
Ep:1491 step:1320(160975), a_t=[s= 0.86, t= 0.700251, b= 0.000000], r_t=[r= 2.24, prog= 6.39, pen=-4.16, r_old= 2.24], Reward=  2399.73 /  2334.04 /  11266.31, epsilon=  0.473, speed=  2.22, gear= 1, damage= 1019.00
Ep:1491 step:1340(160995), a_t=[s= 0.16, t= 0.812736, b= 0.000000], r_t=[r= 3.56, prog= 9.92, pen=-6.36, r_old= 3.56], Reward=  2452.65 /  2386.97 /  11266.31, epsilon=  0.473, speed=  3.42, gear= 1, damage= 1019.00
Ep:1491 step:1360(161015), a_t=[s= 0.58, t= 0.765168, b= 0.014418], r_t=[r= 2.73, prog= 7.73, pen=-4.99, r_old= 2.73], Reward=  2507.55 /  2441.86 /  11266.31, epsilon=  0.473, speed=  2.68, gear= 1, damage= 1019.00
Ep:1491 step:1380(161035), a_t=[s= 0.72, t= 0.783386, b= 0.000000], r_t=[r= 3.15, prog= 9.06, pen=-5.91, r_old= 3.15], Reward=  2567.43 /  2501.74 /  11266.31, epsilon=  0.473, speed=  3.15, gear= 1, damage= 1019.00
Ep:1491 step:1400(161055), a_t=[s= 0.40, t= 0.802591, b= 0.000000], r_t=[r= 3.22, prog= 8.86, pen=-5.64, r_old= 3.22], Reward=  2620.31 /  2554.63 /  11266.31, epsilon=  0.473, speed=  3.05, gear= 1, damage= 1019.00
Ep:1491 step:1420(161075), a_t=[s= 0.04, t= 0.777455, b= 0.000000], r_t=[r= 3.42, prog= 9.65, pen=-6.23, r_old= 3.42], Reward=  2682.91 /  2617.23 /  11266.31, epsilon=  0.473, speed=  3.34, gear= 1, damage= 1019.00
Ep:1491 step:1440(161095), a_t=[s= 0.30, t= 0.812676, b= 0.000000], r_t=[r= 4.09, prog= 11.38, pen=-7.30, r_old= 4.09], Reward=  2752.58 /  2686.90 /  11266.31, epsilon=  0.473, speed=  3.93, gear= 1, damage= 1019.00
Ep:1491 step:1460(161115), a_t=[s= 0.42, t= 0.776839, b= 0.000000], r_t=[r= 3.63, prog= 10.20, pen=-6.57, r_old= 3.63], Reward=  2815.91 /  2750.23 /  11266.31, epsilon=  0.473, speed=  3.53, gear= 1, damage= 1019.00
Ep:1491 step:1480(161135), a_t=[s= 0.82, t= 0.749411, b= 0.000000], r_t=[r= 2.67, prog= 7.55, pen=-4.88, r_old= 2.67], Reward=  2861.25 /  2792.12 /  11266.31, epsilon=  0.473, speed=  2.61, gear= 1, damage= 1031.00
Ep:1491 step:1500(161155), a_t=[s= 0.59, t= 0.832960, b= 0.000000], r_t=[r= 3.38, prog= 9.29, pen=-5.91, r_old= 3.38], Reward=  2915.47 /  2846.33 /  11266.31, epsilon=  0.473, speed=  3.20, gear= 1, damage= 1031.00
Ep:1491 step:1520(161175), a_t=[s= 0.63, t= 0.723388, b= 0.000000], r_t=[r= 2.75, prog= 7.72, pen=-4.97, r_old= 2.75], Reward=  2976.91 /  2907.77 /  11266.31, epsilon=  0.473, speed=  2.67, gear= 1, damage= 1031.00
Ep:1491 step:1540(161195), a_t=[s= 1.00, t= 0.765433, b= 0.000000], r_t=[r= 2.15, prog= 6.27, pen=-4.12, r_old= 2.15], Reward=  3042.93 /  2973.80 /  11266.31, epsilon=  0.473, speed=  2.19, gear= 1, damage= 1031.00
Ep:1491 step:1560(161215), a_t=[s= 0.30, t= 0.770852, b= 0.000000], r_t=[r= 3.20, prog= 8.99, pen=-5.79, r_old= 3.20], Reward=  3098.33 /  3029.20 /  11266.31, epsilon=  0.472, speed=  3.11, gear= 1, damage= 1031.00
Ep:1491 step:1580(161235), a_t=[s= 0.69, t= 0.823345, b= 0.000000], r_t=[r= 3.08, prog= 8.78, pen=-5.70, r_old= 3.08], Reward=  3152.62 /  3083.49 /  11266.31, epsilon=  0.472, speed=  3.05, gear= 1, damage= 1031.00
Ep:1491 step:1600(161255), a_t=[s= 0.61, t= 0.737110, b= 0.000000], r_t=[r= 2.84, prog= 7.91, pen=-5.07, r_old= 2.84], Reward=  3214.19 /  3145.06 /  11266.31, epsilon=  0.472, speed=  2.73, gear= 1, damage= 1031.00
Ep:1491 step:1620(161275), a_t=[s= 0.67, t= 0.756432, b= 0.000000], r_t=[r= 2.68, prog= 7.46, pen=-4.78, r_old= 2.68], Reward=  3272.57 /  3203.43 /  11266.31, epsilon=  0.472, speed=  2.58, gear= 1, damage= 1031.00
Ep:1491 step:1640(161295), a_t=[s= 0.73, t= 0.697154, b= 0.000000], r_t=[r= 2.81, prog= 8.05, pen=-5.24, r_old= 2.81], Reward=  3331.82 /  3262.68 /  11266.31, epsilon=  0.472, speed=  2.80, gear= 1, damage= 1031.00
Ep:1491 step:1660(161315), a_t=[s= 0.69, t= 0.709818, b= 0.000000], r_t=[r= 2.37, prog= 6.64, pen=-4.27, r_old= 2.37], Reward=  3391.20 /  3322.07 /  11266.31, epsilon=  0.472, speed=  2.30, gear= 1, damage= 1031.00
Ep:1491 step:1680(161335), a_t=[s= 0.36, t= 0.757740, b= 0.000000], r_t=[r= 3.94, prog= 10.91, pen=-6.97, r_old= 3.94], Reward=  3450.05 /  3380.91 /  11266.31, epsilon=  0.472, speed=  3.76, gear= 1, damage= 1031.00
Ep:1491 step:1700(161355), a_t=[s= 1.00, t= 0.766515, b= 0.000000], r_t=[r= 2.43, prog= 6.75, pen=-4.32, r_old= 2.43], Reward=  3502.31 /  3433.18 /  11266.31, epsilon=  0.472, speed=  2.33, gear= 1, damage= 1031.00
Ep:1491 step:1720(161375), a_t=[s= 1.00, t= 0.714724, b= 0.000000], r_t=[r= 2.40, prog= 6.71, pen=-4.30, r_old= 2.40], Reward=  3558.64 /  3489.50 /  11266.31, epsilon=  0.472, speed=  2.32, gear= 1, damage= 1031.00
Ep:1491 step:1740(161395), a_t=[s= 0.95, t= 0.802859, b= 0.000000], r_t=[r= 2.35, prog= 6.68, pen=-4.33, r_old= 2.35], Reward=  3618.20 /  3549.07 /  11266.31, epsilon=  0.472, speed=  2.32, gear= 1, damage= 1031.00
Ep:1491 step:1760(161415), a_t=[s= 1.00, t= 0.757614, b= 0.000000], r_t=[r= 2.23, prog= 6.26, pen=-4.04, r_old= 2.23], Reward=  3671.92 /  3602.79 /  11266.31, epsilon=  0.472, speed=  2.17, gear= 1, damage= 1031.00
Ep:1491 step:1780(161435), a_t=[s= 1.00, t= 0.780707, b= 0.000000], r_t=[r= 2.45, prog= 7.12, pen=-4.67, r_old= 2.45], Reward=  3727.09 /  3654.45 /  11266.31, epsilon=  0.472, speed=  2.48, gear= 1, damage= 1038.00
Ep:1491 step:1800(161455), a_t=[s= 0.45, t= 0.746735, b= 0.000000], r_t=[r= 3.43, prog= 9.83, pen=-6.40, r_old= 3.43], Reward=  3789.20 /  3716.56 /  11266.31, epsilon=  0.472, speed=  3.42, gear= 1, damage= 1038.00
Ep:1491 step:1820(161475), a_t=[s= 0.71, t= 0.760755, b= 0.000000], r_t=[r= 3.28, prog= 9.29, pen=-6.00, r_old= 3.28], Reward=  3857.33 /  3784.69 /  11266.31, epsilon=  0.472, speed=  3.22, gear= 1, damage= 1038.00
Ep:1491 step:1840(161495), a_t=[s= 0.45, t= 0.763949, b= 0.000000], r_t=[r= 3.17, prog= 9.05, pen=-5.88, r_old= 3.17], Reward=  3930.38 /  3857.74 /  11266.31, epsilon=  0.472, speed=  3.14, gear= 1, damage= 1038.00
Ep:1491 step:1860(161515), a_t=[s= 0.95, t= 0.796850, b= 0.000000], r_t=[r= 2.25, prog= 6.36, pen=-4.11, r_old= 2.25], Reward=  3986.23 /  3913.59 /  11266.31, epsilon=  0.471, speed=  2.20, gear= 1, damage= 1038.00
Ep:1491 step:1880(161535), a_t=[s= 0.61, t= 0.760923, b= 0.000000], r_t=[r= 3.09, prog= 8.74, pen=-5.65, r_old= 3.09], Reward=  4044.41 /  3971.78 /  11266.31, epsilon=  0.471, speed=  3.03, gear= 1, damage= 1038.00
Ep:1491 step:1900(161555), a_t=[s=-0.02, t= 0.828216, b= 0.000000], r_t=[r= 4.22, prog= 11.78, pen=-7.56, r_old= 4.22], Reward=  4106.04 /  4033.40 /  11266.31, epsilon=  0.471, speed=  4.07, gear= 1, damage= 1038.00
Ep:1491 step:1920(161575), a_t=[s= 1.00, t= 0.735790, b= 0.000000], r_t=[r= 2.70, prog= 7.61, pen=-4.91, r_old= 2.70], Reward=  4173.11 /  4100.47 /  11266.31, epsilon=  0.471, speed=  2.64, gear= 1, damage= 1038.00
Ep:1491 step:1940(161595), a_t=[s= 1.00, t= 0.732456, b= 0.000000], r_t=[r= 2.77, prog= 7.76, pen=-4.99, r_old= 2.77], Reward=  4235.80 /  4163.16 /  11266.31, epsilon=  0.471, speed=  2.68, gear= 1, damage= 1038.00
Ep:1491 step:1960(161615), a_t=[s= 0.89, t= 0.689290, b= 0.000000], r_t=[r= 2.29, prog= 6.36, pen=-4.07, r_old= 2.29], Reward=  4297.23 /  4224.59 /  11266.31, epsilon=  0.471, speed=  2.19, gear= 1, damage= 1038.00
Ep:1491 step:1980(161635), a_t=[s= 0.99, t= 0.757222, b= 0.000000], r_t=[r= 3.27, prog= 9.09, pen=-5.82, r_old= 3.27], Reward=  4357.71 /  4285.08 /  11266.31, epsilon=  0.471, speed=  3.14, gear= 1, damage= 1038.00
=============================================================
 starting episode: 1492/2000
Waiting for server on 3109............
Count Down : 5
Client connected on 3109..............
Ep:1492 step:0(161655), a_t=[s= 0.39, t= 0.657652, b= 0.000000], r_t=[r= 0.64, prog= 0.65, pen=-0.00, r_old= 0.64], Reward=  0.64 /  0.64 /  11266.31, epsilon=  0.471, speed=  0.22, gear= 1, damage= 0.00
META = 1 ... out of track
=============================================================
 starting episode: 1493/2000
Client connected on 3109..............
Ep:1493 step:0(161671), a_t=[s= 0.69, t= 0.733671, b= 0.000000], r_t=[r= 0.91, prog= 0.91, pen=-0.00, r_old= 0.91], Reward=  0.91 /  0.91 /  11266.31, epsilon=  0.471, speed=  0.30, gear= 1, damage= 0.00
META = 1 ... out of track
=============================================================
 starting episode: 1494/2000
### TORCS is RELAUNCHED ###
Client connected on 3109..............
Ep:1494 step:0(161686), a_t=[s= 1.00, t= 0.761731, b= 0.000000], r_t=[r= 0.39, prog= 0.39, pen=-0.00, r_old= 0.39], Reward=  0.39 /  0.39 /  11266.31, epsilon=  0.471, speed=  0.13, gear= 1, damage= 0.00
META = 1 ... out of track
=============================================================
 starting episode: 1495/2000
Waiting for server on 3109............
Count Down : 5
Client connected on 3109..............
Ep:1495 step:0(161700), a_t=[s= 0.04, t= 0.882655, b= 0.000000], r_t=[r= 0.61, prog= 0.61, pen=-0.00, r_old= 0.61], Reward=  0.61 /  0.61 /  11266.31, epsilon=  0.471, speed=  0.20, gear= 1, damage= 0.00
META = 1 ... out of track
=============================================================
 starting episode: 1496/2000
Waiting for server on 3109............
Count Down : 5
Client connected on 3109..............
Ep:1496 step:0(161715), a_t=[s= 1.00, t= 0.793758, b= 0.000000], r_t=[r= 0.38, prog= 0.38, pen=-0.00, r_old= 0.38], Reward=  0.38 /  0.38 /  11266.31, epsilon=  0.471, speed=  0.13, gear= 1, damage= 0.00
META = 1 ... Running backwards
=============================================================
 starting episode: 1497/2000
Waiting for server on 3109............
Count Down : 5
Client connected on 3109..............
Ep:1497 step:0(161731), a_t=[s= 0.50, t= 0.739921, b= 0.000000], r_t=[r= 0.63, prog= 0.63, pen=-0.00, r_old= 0.63], Reward=  0.63 /  0.63 /  11266.31, epsilon=  0.471, speed=  0.21, gear= 1, damage= 0.00
META = 1 ... out of track
=============================================================
 starting episode: 1498/2000
Waiting for server on 3109............
Count Down : 5
Client connected on 3109..............
Ep:1498 step:0(161746), a_t=[s= 0.47, t= 0.730217, b= 0.002767], r_t=[r= 0.66, prog= 0.66, pen=-0.00, r_old= 0.66], Reward=  0.66 /  0.66 /  11266.31, epsilon=  0.471, speed=  0.22, gear= 1, damage= 0.00
META = 1 ... out of track
=============================================================
 starting episode: 1499/2000
Waiting for server on 3109............
Count Down : 5
Client connected on 3109..............
Ep:1499 step:0(161761), a_t=[s= 1.00, t= 0.788656, b= 0.000000], r_t=[r= 0.46, prog= 0.46, pen=-0.00, r_old= 0.46], Reward=  0.46 /  0.46 /  11266.31, epsilon=  0.471, speed=  0.15, gear= 1, damage= 0.00
META = 1 ... out of track
