=============================================================
 starting episode: 1600/2000
Waiting for server on 3109............
Count Down : 5
Client connected on 3109..............
Ep:1600 step:0(167302), a_t=[s= 1.00, t= 1.000000, b= 0.000000], r_t=[r= 0.20, prog= 0.20, pen=-0.00, r_old= 0.20], Reward=  0.20 /  0.20 /  11266.31, epsilon=  0.452, speed=  0.07, gear= 1, damage= 0.00
META = 1 ... Running backwards
=============================================================
 starting episode: 1601/2000
Waiting for server on 3109............
Count Down : 5
Client connected on 3109..............
Ep:1601 step:0(167315), a_t=[s= 0.04, t= 0.799494, b= 0.000000], r_t=[r= 0.41, prog= 0.41, pen=-0.00, r_old= 0.41], Reward=  0.41 /  0.41 /  11266.31, epsilon=  0.452, speed=  0.14, gear= 1, damage= 0.00
META = 1 ... Running backwards
=============================================================
 starting episode: 1602/2000
### TORCS is RELAUNCHED ###
Client connected on 3109..............
Ep:1602 step:0(167332), a_t=[s= 0.45, t= 0.833542, b= 0.000000], r_t=[r= 0.38, prog= 0.38, pen=-0.00, r_old= 0.38], Reward=  0.38 /  0.38 /  11266.31, epsilon=  0.452, speed=  0.13, gear= 1, damage= 0.00
META = 1 ... Running backwards
=============================================================
 starting episode: 1603/2000
Waiting for server on 3109............
Count Down : 5
Client connected on 3109..............
Ep:1603 step:0(167350), a_t=[s= 0.94, t= 0.718847, b= 0.000000], r_t=[r= 0.65, prog= 0.65, pen=-0.00, r_old= 0.65], Reward=  0.65 /  0.65 /  11266.31, epsilon=  0.452, speed=  0.22, gear= 1, damage= 0.00
META = 1 ... out of track
=============================================================
 starting episode: 1604/2000
Waiting for server on 3109............
Count Down : 5
Client connected on 3109..............
Ep:1604 step:0(167365), a_t=[s= 0.37, t= 0.765890, b= 0.000000], r_t=[r= 0.19, prog= 0.19, pen=-0.00, r_old= 0.19], Reward=  0.19 /  0.19 /  11266.31, epsilon=  0.452, speed=  0.06, gear= 1, damage= 0.00
META = 1 ... Running backwards
=============================================================
 starting episode: 1605/2000
Waiting for server on 3109............
Count Down : 5
Client connected on 3109..............
Ep:1605 step:0(167382), a_t=[s= 0.10, t= 0.781896, b= 0.000000], r_t=[r= 0.32, prog= 0.32, pen=-0.00, r_old= 0.32], Reward=  0.32 /  0.32 /  11266.31, epsilon=  0.452, speed=  0.11, gear= 1, damage= 0.00
META = 1 ... Running backwards
=============================================================
 starting episode: 1606/2000
Waiting for server on 3109............
Count Down : 5
Client connected on 3109..............
Ep:1606 step:0(167398), a_t=[s= 0.66, t= 0.736049, b= 0.000000], r_t=[r= 0.42, prog= 0.43, pen=-0.00, r_old= 0.42], Reward=  0.42 /  0.42 /  11266.31, epsilon=  0.452, speed=  0.14, gear= 1, damage= 0.00
META = 1 ... out of track
=============================================================
 starting episode: 1607/2000
Waiting for server on 3109............
Count Down : 5
Client connected on 3109..............
Ep:1607 step:0(167413), a_t=[s= 0.99, t= 0.820587, b= 0.000000], r_t=[r= 0.35, prog= 0.35, pen=-0.00, r_old= 0.35], Reward=  0.35 /  0.35 /  11266.31, epsilon=  0.452, speed=  0.12, gear= 1, damage= 0.00
META = 1 ... out of track
=============================================================
 starting episode: 1608/2000
### TORCS is RELAUNCHED ###
Client connected on 3109..............
Ep:1608 step:0(167427), a_t=[s= 0.72, t= 0.791783, b= 0.000000], r_t=[r= 0.57, prog= 0.57, pen=-0.00, r_old= 0.57], Reward=  0.57 /  0.57 /  11266.31, epsilon=  0.452, speed=  0.19, gear= 1, damage= 0.00
META = 1 ... out of track
=============================================================
 starting episode: 1609/2000
Waiting for server on 3109............
Count Down : 5
Client connected on 3109..............
Ep:1609 step:0(167441), a_t=[s= 0.53, t= 0.750099, b= 0.000000], r_t=[r= 0.10, prog= 0.10, pen=-0.00, r_old= 0.10], Reward=  0.10 /  0.10 /  11266.31, epsilon=  0.452, speed=  0.03, gear= 1, damage= 0.00
META = 1 ... Running backwards
=============================================================
 starting episode: 1610/2000
Waiting for server on 3109............
Count Down : 5
Client connected on 3109..............
Ep:1610 step:0(167460), a_t=[s= 0.61, t= 0.775588, b= 0.000000], r_t=[r= 0.62, prog= 0.62, pen=-0.00, r_old= 0.62], Reward=  0.62 /  0.62 /  11266.31, epsilon=  0.452, speed=  0.21, gear= 1, damage= 0.00
META = 1 ... Running backwards
=============================================================
 starting episode: 1611/2000
Waiting for server on 3109............
Count Down : 5
Client connected on 3109..............
Ep:1611 step:0(167479), a_t=[s= 0.71, t= 0.726515, b= 0.000000], r_t=[r= 0.57, prog= 0.57, pen=-0.00, r_old= 0.57], Reward=  0.57 /  0.57 /  11266.31, epsilon=  0.452, speed=  0.19, gear= 1, damage= 0.00
META = 1 ... out of track
=============================================================
 starting episode: 1612/2000
Waiting for server on 3109............
Count Down : 5
Client connected on 3109..............
Ep:1612 step:0(167493), a_t=[s= 0.72, t= 0.769476, b= 0.000000], r_t=[r= 0.48, prog= 0.48, pen=-0.00, r_old= 0.48], Reward=  0.48 /  0.48 /  11266.31, epsilon=  0.452, speed=  0.16, gear= 1, damage= 0.00
META = 1 ... out of track
=============================================================
 starting episode: 1613/2000
Waiting for server on 3109............
Count Down : 5
Client connected on 3109..............
Ep:1613 step:0(167507), a_t=[s= 0.87, t= 0.796448, b= 0.000000], r_t=[r= 0.29, prog= 0.30, pen=-0.00, r_old= 0.29], Reward=  0.29 /  0.29 /  11266.31, epsilon=  0.452, speed=  0.10, gear= 1, damage= 0.00
META = 1 ... out of track
=============================================================
 starting episode: 1614/2000
### TORCS is RELAUNCHED ###
Client connected on 3109..............
Ep:1614 step:0(167521), a_t=[s= 0.74, t= 0.799165, b= 0.000000], r_t=[r= 0.58, prog= 0.58, pen=-0.00, r_old= 0.58], Reward=  0.58 /  0.58 /  11266.31, epsilon=  0.452, speed=  0.19, gear= 1, damage= 0.00
META = 1 ... Running backwards
=============================================================
 starting episode: 1615/2000
Waiting for server on 3109............
Count Down : 5
Client connected on 3109..............
Ep:1615 step:0(167539), a_t=[s= 1.00, t= 0.807159, b= 0.000000], r_t=[r= 0.52, prog= 0.52, pen=-0.00, r_old= 0.52], Reward=  0.52 /  0.52 /  11266.31, epsilon=  0.452, speed=  0.17, gear= 1, damage= 0.00
META = 1 ... out of track
=============================================================
 starting episode: 1616/2000
Waiting for server on 3109............
Count Down : 5
Client connected on 3109..............
Ep:1616 step:0(167553), a_t=[s= 0.47, t= 0.776298, b= 0.000000], r_t=[r= 0.36, prog= 0.36, pen=-0.00, r_old= 0.36], Reward=  0.36 /  0.36 /  11266.31, epsilon=  0.452, speed=  0.12, gear= 1, damage= 0.00
META = 1 ... out of track
=============================================================
 starting episode: 1617/2000
Waiting for server on 3109............
Count Down : 5
Client connected on 3109..............
Ep:1617 step:0(167567), a_t=[s= 0.71, t= 0.778389, b= 0.000000], r_t=[r= 0.61, prog= 0.61, pen=-0.00, r_old= 0.61], Reward=  0.61 /  0.61 /  11266.31, epsilon=  0.452, speed=  0.20, gear= 1, damage= 0.00
META = 1 ... out of track
=============================================================
 starting episode: 1618/2000
Waiting for server on 3109............
Count Down : 5
Client connected on 3109..............
Ep:1618 step:0(167583), a_t=[s= 0.12, t= 0.761963, b= 0.000000], r_t=[r= 0.33, prog= 0.33, pen=-0.00, r_old= 0.33], Reward=  0.33 /  0.33 /  11266.31, epsilon=  0.451, speed=  0.11, gear= 1, damage= 0.00
META = 1 ... out of track
=============================================================
 starting episode: 1619/2000
Waiting for server on 3109............
Count Down : 5
Client connected on 3109..............
Ep:1619 step:0(167597), a_t=[s= 0.80, t= 0.823618, b= 0.000000], r_t=[r= 0.29, prog= 0.29, pen=-0.00, r_old= 0.29], Reward=  0.29 /  0.29 /  11266.31, epsilon=  0.451, speed=  0.10, gear= 1, damage= 0.00
META = 1 ... out of track
=============================================================
 starting episode: 1620/2000
### TORCS is RELAUNCHED ###
Client connected on 3109..............
Ep:1620 step:0(167611), a_t=[s= 1.00, t= 1.000000, b= 0.000000], r_t=[r= 0.20, prog= 0.20, pen=-0.00, r_old= 0.20], Reward=  0.20 /  0.20 /  11266.31, epsilon=  0.451, speed=  0.07, gear= 1, damage= 0.00
META = 1 ... Running backwards
=============================================================
 starting episode: 1621/2000
Waiting for server on 3109............
Count Down : 5
Client connected on 3109..............
Ep:1621 step:0(167624), a_t=[s= 0.48, t= 0.699178, b= 0.000000], r_t=[r= 0.32, prog= 0.32, pen=-0.00, r_old= 0.32], Reward=  0.32 /  0.32 /  11266.31, epsilon=  0.451, speed=  0.11, gear= 1, damage= 0.00
META = 1 ... Running backwards
=============================================================
 starting episode: 1622/2000
Waiting for server on 3109............
Count Down : 5
Client connected on 3109..............
Ep:1622 step:0(167641), a_t=[s= 0.17, t= 0.842752, b= 0.000000], r_t=[r= 0.53, prog= 0.53, pen=-0.00, r_old= 0.53], Reward=  0.53 /  0.53 /  11266.31, epsilon=  0.451, speed=  0.18, gear= 1, damage= 0.00
META = 1 ... Running backwards
=============================================================
 starting episode: 1623/2000
Waiting for server on 3109............
Count Down : 5
Client connected on 3109..............
Ep:1623 step:0(167659), a_t=[s= 0.70, t= 0.766071, b= 0.000000], r_t=[r= 0.29, prog= 0.29, pen=-0.00, r_old= 0.29], Reward=  0.29 /  0.29 /  11266.31, epsilon=  0.451, speed=  0.10, gear= 1, damage= 0.00
META = 1 ... out of track
=============================================================
 starting episode: 1624/2000
Waiting for server on 3109............
Count Down : 5
Client connected on 3109..............
Ep:1624 step:0(167674), a_t=[s= 1.00, t= 0.771267, b= 0.000000], r_t=[r= 0.48, prog= 0.48, pen=-0.00, r_old= 0.48], Reward=  0.48 /  0.48 /  11266.31, epsilon=  0.451, speed=  0.16, gear= 1, damage= 0.00
META = 1 ... out of track
=============================================================
 starting episode: 1625/2000
Waiting for server on 3109............
Count Down : 5
Client connected on 3109..............
Ep:1625 step:0(167689), a_t=[s= 0.75, t= 0.726026, b= 0.000000], r_t=[r= 0.58, prog= 0.59, pen=-0.00, r_old= 0.58], Reward=  0.58 /  0.58 /  11266.31, epsilon=  0.451, speed=  0.20, gear= 1, damage= 0.00
META = 1 ... out of track
=============================================================
 starting episode: 1626/2000
### TORCS is RELAUNCHED ###
Client connected on 3109..............
Ep:1626 step:0(167703), a_t=[s= 0.40, t= 0.823009, b= 0.000000], r_t=[r= 0.41, prog= 0.41, pen=-0.00, r_old= 0.41], Reward=  0.41 /  0.41 /  11266.31, epsilon=  0.451, speed=  0.14, gear= 1, damage= 0.00
META = 1 ... out of track
=============================================================
 starting episode: 1627/2000
Waiting for server on 3109............
Count Down : 5
Client connected on 3109..............
Ep:1627 step:0(167718), a_t=[s= 0.84, t= 0.794534, b= 0.000000], r_t=[r= 0.29, prog= 0.29, pen=-0.00, r_old= 0.29], Reward=  0.29 /  0.29 /  11266.31, epsilon=  0.451, speed=  0.10, gear= 1, damage= 0.00
META = 1 ... Running backwards
=============================================================
 starting episode: 1628/2000
Waiting for server on 3109............
Count Down : 5
Client connected on 3109..............
Ep:1628 step:0(167734), a_t=[s= 0.72, t= 0.776482, b= 0.000000], r_t=[r= 0.61, prog= 0.61, pen=-0.00, r_old= 0.61], Reward=  0.61 /  0.61 /  11266.31, epsilon=  0.451, speed=  0.20, gear= 1, damage= 0.00
META = 1 ... out of track
=============================================================
 starting episode: 1629/2000
Waiting for server on 3109............
Count Down : 5
Client connected on 3109..............
Ep:1629 step:0(167748), a_t=[s= 0.64, t= 0.799874, b= 0.000000], r_t=[r= 0.36, prog= 0.36, pen=-0.00, r_old= 0.36], Reward=  0.36 /  0.36 /  11266.31, epsilon=  0.451, speed=  0.12, gear= 1, damage= 0.00
META = 1 ... out of track
=============================================================
 starting episode: 1630/2000
Waiting for server on 3109............
Count Down : 5
Client connected on 3109..............
Ep:1630 step:0(167763), a_t=[s= 1.00, t= 0.851050, b= 0.000000], r_t=[r= 0.45, prog= 0.45, pen=-0.00, r_old= 0.45], Reward=  0.45 /  0.45 /  11266.31, epsilon=  0.451, speed=  0.15, gear= 1, damage= 0.00
META = 1 ... Running backwards
=============================================================
 starting episode: 1631/2000
Waiting for server on 3109............
Count Down : 5
Client connected on 3109..............
Ep:1631 step:0(167782), a_t=[s= 0.48, t= 0.772815, b= 0.000000], r_t=[r= 0.59, prog= 0.59, pen=-0.00, r_old= 0.59], Reward=  0.59 /  0.59 /  11266.31, epsilon=  0.451, speed=  0.20, gear= 1, damage= 0.00
META = 1 ... out of track
=============================================================
 starting episode: 1632/2000
### TORCS is RELAUNCHED ###
Client connected on 3109..............
Ep:1632 step:0(167797), a_t=[s=-0.25, t= 0.739443, b= 0.000000], r_t=[r= 0.25, prog= 0.25, pen=-0.00, r_old= 0.25], Reward=  0.25 /  0.25 /  11266.31, epsilon=  0.451, speed=  0.08, gear= 1, damage= 0.00
META = 1 ... out of track
=============================================================
 starting episode: 1633/2000
Waiting for server on 3109............
Count Down : 5
Client connected on 3109..............
Ep:1633 step:0(167811), a_t=[s= 0.50, t= 0.782395, b= 0.000000], r_t=[r= 0.46, prog= 0.46, pen=-0.00, r_old= 0.46], Reward=  0.46 /  0.46 /  11266.31, epsilon=  0.451, speed=  0.15, gear= 1, damage= 0.00
META = 1 ... out of track
=============================================================
 starting episode: 1634/2000
Waiting for server on 3109............
Count Down : 5
Client connected on 3109..............
Ep:1634 step:0(167826), a_t=[s= 1.00, t= 0.752073, b= 0.000000], r_t=[r= 0.44, prog= 0.44, pen=-0.00, r_old= 0.44], Reward=  0.44 /  0.44 /  11266.31, epsilon=  0.451, speed=  0.15, gear= 1, damage= 0.00
META = 1 ... Running backwards
=============================================================
 starting episode: 1635/2000
Waiting for server on 3109............
Count Down : 5
Client connected on 3109..............
Ep:1635 step:0(167845), a_t=[s= 0.97, t= 0.682001, b= 0.000000], r_t=[r= 0.70, prog= 0.70, pen=-0.00, r_old= 0.70], Reward=  0.70 /  0.70 /  11266.31, epsilon=  0.451, speed=  0.23, gear= 1, damage= 0.00
META = 1 ... out of track
=============================================================
 starting episode: 1636/2000
Waiting for server on 3109............
Count Down : 5
Client connected on 3109..............
Ep:1636 step:0(167859), a_t=[s= 0.72, t= 0.873398, b= 0.000000], r_t=[r= 0.52, prog= 0.52, pen=-0.00, r_old= 0.52], Reward=  0.52 /  0.52 /  11266.31, epsilon=  0.451, speed=  0.17, gear= 1, damage= 0.00
META = 1 ... out of track
=============================================================
 starting episode: 1637/2000
Waiting for server on 3109............
Count Down : 5
Client connected on 3109..............
Ep:1637 step:0(167873), a_t=[s= 0.58, t= 0.750710, b= 0.000000], r_t=[r= 0.44, prog= 0.44, pen=-0.00, r_old= 0.44], Reward=  0.44 /  0.44 /  11266.31, epsilon=  0.451, speed=  0.15, gear= 1, damage= 0.00
META = 1 ... out of track
=============================================================
 starting episode: 1638/2000
### TORCS is RELAUNCHED ###
Client connected on 3109..............
Ep:1638 step:0(167887), a_t=[s= 0.92, t= 0.764127, b= 0.000000], r_t=[r= 0.24, prog= 0.24, pen=-0.00, r_old= 0.24], Reward=  0.24 /  0.24 /  11266.31, epsilon=  0.451, speed=  0.08, gear= 1, damage= 0.00
META = 1 ... out of track
=============================================================
 starting episode: 1639/2000
Waiting for server on 3109............
Count Down : 5
Client connected on 3109..............
Ep:1639 step:0(167902), a_t=[s= 1.00, t= 0.779889, b= 0.000000], r_t=[r= 0.46, prog= 0.46, pen=-0.00, r_old= 0.46], Reward=  0.46 /  0.46 /  11266.31, epsilon=  0.450, speed=  0.15, gear= 1, damage= 0.00
META = 1 ... out of track
=============================================================
 starting episode: 1640/2000
Waiting for server on 3109............
Count Down : 5
Client connected on 3109..............
Ep:1640 step:0(167916), a_t=[s= 1.00, t= 1.000000, b= 0.000000], r_t=[r= 0.20, prog= 0.20, pen=-0.00, r_old= 0.20], Reward=  0.20 /  0.20 /  11266.31, epsilon=  0.450, speed=  0.07, gear= 1, damage= 0.00
META = 1 ... Running backwards
=============================================================
 starting episode: 1641/2000
Waiting for server on 3109............
Count Down : 5
Client connected on 3109..............
Ep:1641 step:0(167929), a_t=[s= 1.00, t= 0.768493, b= 0.000000], r_t=[r= 0.47, prog= 0.47, pen=-0.00, r_old= 0.47], Reward=  0.47 /  0.47 /  11266.31, epsilon=  0.450, speed=  0.16, gear= 1, damage= 0.00
META = 1 ... Running backwards
=============================================================
 starting episode: 1642/2000
Waiting for server on 3109............
Count Down : 5
Client connected on 3109..............
Ep:1642 step:0(167947), a_t=[s= 0.45, t= 0.743432, b= 0.000000], r_t=[r= 0.07, prog= 0.07, pen=-0.00, r_old= 0.07], Reward=  0.07 /  0.07 /  11266.31, epsilon=  0.450, speed=  0.02, gear= 1, damage= 0.00
META = 1 ... out of track
=============================================================
 starting episode: 1643/2000
Waiting for server on 3109............
Count Down : 5
Client connected on 3109..............
Ep:1643 step:0(167961), a_t=[s= 0.31, t= 0.812022, b= 0.000000], r_t=[r= 0.19, prog= 0.19, pen=-0.00, r_old= 0.19], Reward=  0.19 /  0.19 /  11266.31, epsilon=  0.450, speed=  0.06, gear= 1, damage= 0.00
META = 1 ... out of track
=============================================================
 starting episode: 1644/2000
### TORCS is RELAUNCHED ###
Client connected on 3109..............
Ep:1644 step:0(167976), a_t=[s= 0.44, t= 0.846496, b= 0.000000], r_t=[r= 0.74, prog= 0.74, pen=-0.00, r_old= 0.74], Reward=  0.74 /  0.74 /  11266.31, epsilon=  0.450, speed=  0.25, gear= 1, damage= 0.00
META = 1 ... out of track
=============================================================
 starting episode: 1645/2000
Waiting for server on 3109............
Count Down : 5
Client connected on 3109..............
Ep:1645 step:0(167990), a_t=[s=-0.05, t= 0.813114, b= 0.000000], r_t=[r= 0.28, prog= 0.28, pen=-0.00, r_old= 0.28], Reward=  0.28 /  0.28 /  11266.31, epsilon=  0.450, speed=  0.09, gear= 1, damage= 0.00
META = 1 ... Running backwards
=============================================================
 starting episode: 1646/2000
Waiting for server on 3109............
Count Down : 5
Client connected on 3109..............
Ep:1646 step:0(168008), a_t=[s= 0.58, t= 0.756942, b= 0.000000], r_t=[r= 0.54, prog= 0.54, pen=-0.00, r_old= 0.54], Reward=  0.54 /  0.54 /  11266.31, epsilon=  0.450, speed=  0.18, gear= 1, damage= 0.00
META = 1 ... out of track
=============================================================
 starting episode: 1647/2000
Waiting for server on 3109............
Count Down : 5
Client connected on 3109..............
Ep:1647 step:0(168024), a_t=[s= 1.00, t= 0.740699, b= 0.000000], r_t=[r= 0.80, prog= 0.80, pen=-0.00, r_old= 0.80], Reward=  0.80 /  0.80 /  11266.31, epsilon=  0.450, speed=  0.27, gear= 1, damage= 0.00
META = 1 ... out of track
=============================================================
 starting episode: 1648/2000
Waiting for server on 3109............
Count Down : 5
Client connected on 3109..............
Ep:1648 step:0(168038), a_t=[s= 0.77, t= 0.775366, b= 0.000000], r_t=[r= 0.22, prog= 0.22, pen=-0.00, r_old= 0.22], Reward=  0.22 /  0.22 /  11266.31, epsilon=  0.450, speed=  0.07, gear= 1, damage= 0.00
META = 1 ... Running backwards
=============================================================
 starting episode: 1649/2000
Waiting for server on 3109............
Count Down : 5
Client connected on 3109..............
Ep:1649 step:0(168056), a_t=[s= 0.67, t= 0.852707, b= 0.000000], r_t=[r= 0.27, prog= 0.27, pen=-0.00, r_old= 0.27], Reward=  0.27 /  0.27 /  11266.31, epsilon=  0.450, speed=  0.09, gear= 1, damage= 0.00
META = 1 ... out of track
=============================================================
 starting episode: 1650/2000
### TORCS is RELAUNCHED ###
Client connected on 3109..............
Ep:1650 step:0(168071), a_t=[s= 0.87, t= 0.765001, b= 0.000000], r_t=[r= 0.43, prog= 0.43, pen=-0.00, r_old= 0.43], Reward=  0.43 /  0.43 /  11266.31, epsilon=  0.450, speed=  0.14, gear= 1, damage= 0.00
META = 1 ... out of track
=============================================================
 starting episode: 1651/2000
Waiting for server on 3109............
Count Down : 5
Client connected on 3109..............
Ep:1651 step:0(168085), a_t=[s= 0.59, t= 0.744515, b= 0.000000], r_t=[r= 0.27, prog= 0.27, pen=-0.00, r_old= 0.27], Reward=  0.27 /  0.27 /  11266.31, epsilon=  0.450, speed=  0.09, gear= 1, damage= 0.00
META = 1 ... Running backwards
=============================================================
 starting episode: 1652/2000
Waiting for server on 3109............
Count Down : 5
Client connected on 3109..............
Ep:1652 step:0(168103), a_t=[s= 0.53, t= 0.779220, b= 0.000000], r_t=[r= 0.57, prog= 0.57, pen=-0.00, r_old= 0.57], Reward=  0.57 /  0.57 /  11266.31, epsilon=  0.450, speed=  0.19, gear= 1, damage= 0.00
META = 1 ... out of track
=============================================================
 starting episode: 1653/2000
Waiting for server on 3109............
Count Down : 5
Client connected on 3109..............
Ep:1653 step:0(168118), a_t=[s= 0.55, t= 0.828648, b= 0.000000], r_t=[r= 0.49, prog= 0.49, pen=-0.00, r_old= 0.49], Reward=  0.49 /  0.49 /  11266.31, epsilon=  0.450, speed=  0.16, gear= 1, damage= 0.00
META = 1 ... out of track
=============================================================
 starting episode: 1654/2000
Waiting for server on 3109............
Count Down : 5
Client connected on 3109..............
Ep:1654 step:0(168133), a_t=[s= 0.78, t= 0.804276, b= 0.000000], r_t=[r= 0.40, prog= 0.40, pen=-0.00, r_old= 0.40], Reward=  0.40 /  0.40 /  11266.31, epsilon=  0.450, speed=  0.13, gear= 1, damage= 0.00
META = 1 ... out of track
=============================================================
 starting episode: 1655/2000
Waiting for server on 3109............
Count Down : 5
Client connected on 3109..............
Ep:1655 step:0(168149), a_t=[s= 1.00, t= 0.720479, b= 0.002378], r_t=[r= 0.59, prog= 0.59, pen=-0.00, r_old= 0.59], Reward=  0.59 /  0.59 /  11266.31, epsilon=  0.450, speed=  0.20, gear= 1, damage= 0.00
META = 1 ... Running backwards
=============================================================
 starting episode: 1656/2000
### TORCS is RELAUNCHED ###
Client connected on 3109..............
Ep:1656 step:0(168167), a_t=[s= 1.00, t= 0.786456, b= 0.000000], r_t=[r= 0.47, prog= 0.47, pen=-0.00, r_old= 0.47], Reward=  0.47 /  0.47 /  11266.31, epsilon=  0.450, speed=  0.16, gear= 1, damage= 0.00
META = 1 ... out of track
=============================================================
 starting episode: 1657/2000
Waiting for server on 3109............
Count Down : 5
Client connected on 3109..............
Ep:1657 step:0(168181), a_t=[s= 0.84, t= 0.808469, b= 0.000000], r_t=[r= 0.30, prog= 0.30, pen=-0.00, r_old= 0.30], Reward=  0.30 /  0.30 /  11266.31, epsilon=  0.450, speed=  0.10, gear= 1, damage= 0.00
META = 1 ... out of track
=============================================================
 starting episode: 1658/2000
Waiting for server on 3109............
Count Down : 5
Client connected on 3109..............
Ep:1658 step:0(168195), a_t=[s= 0.98, t= 0.801973, b= 0.000000], r_t=[r= 0.58, prog= 0.58, pen=-0.00, r_old= 0.58], Reward=  0.58 /  0.58 /  11266.31, epsilon=  0.450, speed=  0.19, gear= 1, damage= 0.00
META = 1 ... Running backwards
=============================================================
 starting episode: 1659/2000
Waiting for server on 3109............
Count Down : 5
Client connected on 3109..............
Ep:1659 step:0(168212), a_t=[s= 0.47, t= 0.674236, b= 0.000000], r_t=[r= 0.20, prog= 0.20, pen=-0.00, r_old= 0.20], Reward=  0.20 /  0.20 /  11266.31, epsilon=  0.449, speed=  0.07, gear= 1, damage= 0.00
META = 1 ... out of track
=============================================================
 starting episode: 1660/2000
Waiting for server on 3109............
Count Down : 5
Client connected on 3109..............
Ep:1660 step:0(168226), a_t=[s= 1.00, t= 1.000000, b= 0.000000], r_t=[r= 0.20, prog= 0.20, pen=-0.00, r_old= 0.20], Reward=  0.20 /  0.20 /  11266.31, epsilon=  0.449, speed=  0.07, gear= 1, damage= 0.00
META = 1 ... Running backwards
=============================================================
 starting episode: 1661/2000
Waiting for server on 3109............
Count Down : 5
Client connected on 3109..............
Ep:1661 step:0(168239), a_t=[s= 0.66, t= 0.751053, b= 0.000000], r_t=[r= 0.55, prog= 0.56, pen=-0.00, r_old= 0.55], Reward=  0.55 /  0.55 /  11266.31, epsilon=  0.449, speed=  0.19, gear= 1, damage= 0.00
META = 1 ... Running backwards
=============================================================
 starting episode: 1662/2000
### TORCS is RELAUNCHED ###
Client connected on 3109..............
Ep:1662 step:0(168258), a_t=[s= 0.81, t= 0.749364, b= 0.000000], r_t=[r= 0.73, prog= 0.73, pen=-0.00, r_old= 0.73], Reward=  0.73 /  0.73 /  11266.31, epsilon=  0.449, speed=  0.24, gear= 1, damage= 0.00
META = 1 ... out of track
=============================================================
 starting episode: 1663/2000
Waiting for server on 3109............
Count Down : 5
Client connected on 3109..............
Ep:1663 step:0(168272), a_t=[s= 1.00, t= 0.805175, b= 0.000000], r_t=[r= 0.57, prog= 0.57, pen=-0.00, r_old= 0.57], Reward=  0.57 /  0.57 /  11266.31, epsilon=  0.449, speed=  0.19, gear= 1, damage= 0.00
META = 1 ... out of track
=============================================================
 starting episode: 1664/2000
Waiting for server on 3109............
Count Down : 5
Client connected on 3109..............
Ep:1664 step:0(168287), a_t=[s=-0.04, t= 0.702337, b= 0.000000], r_t=[r= 0.05, prog= 0.05, pen=-0.00, r_old= 0.05], Reward=  0.05 /  0.05 /  11266.31, epsilon=  0.449, speed=  0.02, gear= 1, damage= 0.00
META = 1 ... out of track
=============================================================
 starting episode: 1665/2000
Client connected on 3109..............
Ep:1665 step:0(168301), a_t=[s= 0.92, t= 0.751790, b= 0.000000], r_t=[r= 0.26, prog= 0.26, pen=-0.00, r_old= 0.26], Reward=  0.26 /  0.26 /  11266.31, epsilon=  0.449, speed=  0.09, gear= 1, damage= 0.00
META = 1 ... out of track
=============================================================
 starting episode: 1666/2000
Waiting for server on 3109............
Count Down : 5
Client connected on 3109..............
Ep:1666 step:0(168316), a_t=[s= 0.57, t= 0.713998, b= 0.000000], r_t=[r= 0.22, prog= 0.22, pen=-0.00, r_old= 0.22], Reward=  0.22 /  0.22 /  11266.31, epsilon=  0.449, speed=  0.07, gear= 1, damage= 0.00
META = 1 ... Running backwards
=============================================================
 starting episode: 1667/2000
Waiting for server on 3109............
Count Down : 5
Client connected on 3109..............
Ep:1667 step:0(168333), a_t=[s= 0.86, t= 0.819246, b= 0.000000], r_t=[r= 0.54, prog= 0.55, pen=-0.00, r_old= 0.54], Reward=  0.54 /  0.54 /  11266.31, epsilon=  0.449, speed=  0.18, gear= 1, damage= 0.00
META = 1 ... out of track
=============================================================
 starting episode: 1668/2000
### TORCS is RELAUNCHED ###
Client connected on 3109..............
Ep:1668 step:0(168348), a_t=[s= 1.00, t= 0.782289, b= 0.000000], r_t=[r= 0.52, prog= 0.52, pen=-0.00, r_old= 0.52], Reward=  0.52 /  0.52 /  11266.31, epsilon=  0.449, speed=  0.17, gear= 1, damage= 0.00
META = 1 ... Running backwards
=============================================================
 starting episode: 1669/2000
Waiting for server on 3109............
Count Down : 5
Client connected on 3109..............
Ep:1669 step:0(168365), a_t=[s= 0.36, t= 0.754845, b= 0.000000], r_t=[r= 0.45, prog= 0.45, pen=-0.00, r_old= 0.45], Reward=  0.45 /  0.45 /  11266.31, epsilon=  0.449, speed=  0.15, gear= 1, damage= 0.00
META = 1 ... out of track
=============================================================
 starting episode: 1670/2000
Waiting for server on 3109............
Count Down : 5
Client connected on 3109..............
Ep:1670 step:0(168379), a_t=[s= 0.36, t= 0.751040, b= 0.000000], r_t=[r= 0.14, prog= 0.14, pen=-0.00, r_old= 0.14], Reward=  0.14 /  0.14 /  11266.31, epsilon=  0.449, speed=  0.05, gear= 1, damage= 0.00
META = 1 ... Running backwards
=============================================================
 starting episode: 1671/2000
Waiting for server on 3109............
Count Down : 5
Client connected on 3109..............
Ep:1671 step:0(168396), a_t=[s= 0.75, t= 0.826864, b= 0.000000], r_t=[r= 0.58, prog= 0.58, pen=-0.00, r_old= 0.58], Reward=  0.58 /  0.58 /  11266.31, epsilon=  0.449, speed=  0.19, gear= 1, damage= 0.00
META = 1 ... Running backwards
=============================================================
 starting episode: 1672/2000
Waiting for server on 3109............
Count Down : 5
Client connected on 3109..............
Ep:1672 step:0(168412), a_t=[s= 1.00, t= 0.793649, b= 0.000000], r_t=[r= 0.38, prog= 0.38, pen=-0.00, r_old= 0.38], Reward=  0.38 /  0.38 /  11266.31, epsilon=  0.449, speed=  0.13, gear= 1, damage= 0.00
META = 1 ... Running backwards
=============================================================
 starting episode: 1673/2000
Waiting for server on 3109............
Count Down : 5
Client connected on 3109..............
Ep:1673 step:0(168429), a_t=[s= 0.76, t= 0.749578, b= 0.000000], r_t=[r= 0.42, prog= 0.42, pen=-0.00, r_old= 0.42], Reward=  0.42 /  0.42 /  11266.31, epsilon=  0.449, speed=  0.14, gear= 1, damage= 0.00
META = 1 ... out of track
=============================================================
 starting episode: 1674/2000
### TORCS is RELAUNCHED ###
Client connected on 3109..............
Ep:1674 step:0(168444), a_t=[s= 0.76, t= 0.784183, b= 0.008503], r_t=[r= 0.19, prog= 0.19, pen=-0.00, r_old= 0.19], Reward=  0.19 /  0.19 /  11266.31, epsilon=  0.449, speed=  0.06, gear= 1, damage= 0.00
META = 1 ... out of track
=============================================================
 starting episode: 1675/2000
Waiting for server on 3109............
Count Down : 5
Client connected on 3109..............
Ep:1675 step:0(168458), a_t=[s= 0.49, t= 0.804940, b= 0.000000], r_t=[r= 0.44, prog= 0.44, pen=-0.00, r_old= 0.44], Reward=  0.44 /  0.44 /  11266.31, epsilon=  0.449, speed=  0.15, gear= 1, damage= 0.00
META = 1 ... Running backwards
=============================================================
 starting episode: 1676/2000
Waiting for server on 3109............
Count Down : 5
Client connected on 3109..............
Ep:1676 step:0(168474), a_t=[s= 0.58, t= 0.775826, b= 0.000000], r_t=[r= 0.30, prog= 0.30, pen=-0.00, r_old= 0.30], Reward=  0.30 /  0.30 /  11266.31, epsilon=  0.449, speed=  0.10, gear= 1, damage= 0.00
META = 1 ... out of track
=============================================================
 starting episode: 1677/2000
Waiting for server on 3109............
Count Down : 5
Client connected on 3109..............
Ep:1677 step:0(168489), a_t=[s= 1.00, t= 0.768787, b= 0.000000], r_t=[r= 0.57, prog= 0.57, pen=-0.00, r_old= 0.57], Reward=  0.57 /  0.57 /  11266.31, epsilon=  0.449, speed=  0.19, gear= 1, damage= 0.00
META = 1 ... Running backwards
=============================================================
 starting episode: 1678/2000
Waiting for server on 3109............
Count Down : 5
Client connected on 3109..............
Ep:1678 step:0(168508), a_t=[s= 0.30, t= 0.824791, b= 0.000000], r_t=[r= 0.45, prog= 0.45, pen=-0.00, r_old= 0.45], Reward=  0.45 /  0.45 /  11266.31, epsilon=  0.449, speed=  0.15, gear= 1, damage= 0.00
META = 1 ... Running backwards
=============================================================
 starting episode: 1679/2000
Waiting for server on 3109............
Count Down : 5
Client connected on 3109..............
Ep:1679 step:0(168527), a_t=[s= 1.00, t= 0.749403, b= 0.000000], r_t=[r= 0.86, prog= 0.86, pen=-0.00, r_old= 0.86], Reward=  0.86 /  0.86 /  11266.31, epsilon=  0.448, speed=  0.29, gear= 1, damage= 0.00
META = 1 ... out of track
=============================================================
 starting episode: 1680/2000
### TORCS is RELAUNCHED ###
Client connected on 3109..............
Ep:1680 step:0(168541), a_t=[s= 1.00, t= 1.000000, b= 0.000000], r_t=[r= 0.20, prog= 0.20, pen=-0.00, r_old= 0.20], Reward=  0.20 /  0.20 /  11266.31, epsilon=  0.448, speed=  0.07, gear= 1, damage= 0.00
META = 1 ... Running backwards
=============================================================
 starting episode: 1681/2000
Waiting for server on 3109............
Count Down : 5
Client connected on 3109..............
Ep:1681 step:0(168554), a_t=[s= 0.94, t= 0.806491, b= 0.000000], r_t=[r= 0.66, prog= 0.66, pen=-0.00, r_old= 0.66], Reward=  0.66 /  0.66 /  11266.31, epsilon=  0.448, speed=  0.22, gear= 1, damage= 0.00
META = 1 ... Running backwards
=============================================================
 starting episode: 1682/2000
Waiting for server on 3109............
Count Down : 5
Client connected on 3109..............
Ep:1682 step:0(168572), a_t=[s= 1.00, t= 0.700669, b= 0.000000], r_t=[r= 0.65, prog= 0.65, pen=-0.00, r_old= 0.65], Reward=  0.65 /  0.65 /  11266.31, epsilon=  0.448, speed=  0.22, gear= 1, damage= 0.00
META = 1 ... Running backwards
=============================================================
 starting episode: 1683/2000
Waiting for server on 3109............
Count Down : 5
Client connected on 3109..............
Ep:1683 step:0(168591), a_t=[s= 0.66, t= 0.833304, b= 0.000000], r_t=[r= 0.48, prog= 0.48, pen=-0.00, r_old= 0.48], Reward=  0.48 /  0.48 /  11266.31, epsilon=  0.448, speed=  0.16, gear= 1, damage= 0.00
META = 1 ... out of track
=============================================================
 starting episode: 1684/2000
Waiting for server on 3109............
Count Down : 5
Client connected on 3109..............
Ep:1684 step:0(168606), a_t=[s= 1.00, t= 0.837327, b= 0.000000], r_t=[r= 0.19, prog= 0.19, pen=-0.00, r_old= 0.19], Reward=  0.19 /  0.19 /  11266.31, epsilon=  0.448, speed=  0.06, gear= 1, damage= 0.00
META = 1 ... Running backwards
=============================================================
 starting episode: 1685/2000
Waiting for server on 3109............
Count Down : 5
Client connected on 3109..............
Ep:1685 step:0(168624), a_t=[s= 0.26, t= 0.800117, b= 0.000000], r_t=[r= 0.29, prog= 0.29, pen=-0.00, r_old= 0.29], Reward=  0.29 /  0.29 /  11266.31, epsilon=  0.448, speed=  0.10, gear= 1, damage= 0.00
META = 1 ... Running backwards
=============================================================
 starting episode: 1686/2000
### TORCS is RELAUNCHED ###
Client connected on 3109..............
Ep:1686 step:0(168640), a_t=[s= 0.82, t= 0.856749, b= 0.000000], r_t=[r= 0.77, prog= 0.77, pen=-0.00, r_old= 0.77], Reward=  0.77 /  0.77 /  11266.31, epsilon=  0.448, speed=  0.26, gear= 1, damage= 0.00
META = 1 ... out of track
=============================================================
 starting episode: 1687/2000
Waiting for server on 3109............
Count Down : 5
Client connected on 3109..............
Ep:1687 step:0(168654), a_t=[s= 0.03, t= 0.712067, b= 0.000000], r_t=[r= 0.42, prog= 0.42, pen=-0.00, r_old= 0.42], Reward=  0.42 /  0.42 /  11266.31, epsilon=  0.448, speed=  0.14, gear= 1, damage= 0.00
META = 1 ... Running backwards
=============================================================
 starting episode: 1688/2000
Waiting for server on 3109............
Count Down : 5
Client connected on 3109..............
Ep:1688 step:0(168671), a_t=[s= 0.88, t= 0.783481, b= 0.000000], r_t=[r= 0.43, prog= 0.43, pen=-0.00, r_old= 0.43], Reward=  0.43 /  0.43 /  11266.31, epsilon=  0.448, speed=  0.14, gear= 1, damage= 0.00
META = 1 ... Running backwards
=============================================================
 starting episode: 1689/2000
Waiting for server on 3109............
Count Down : 5
Client connected on 3109..............
Ep:1689 step:0(168688), a_t=[s= 0.34, t= 0.751117, b= 0.000000], r_t=[r= 0.47, prog= 0.47, pen=-0.00, r_old= 0.47], Reward=  0.47 /  0.47 /  11266.31, epsilon=  0.448, speed=  0.16, gear= 1, damage= 0.00
META = 1 ... Running backwards
=============================================================
 starting episode: 1690/2000
Waiting for server on 3109............
Count Down : 5
Client connected on 3109..............
Ep:1690 step:0(168705), a_t=[s= 1.00, t= 0.881767, b= 0.000000], r_t=[r= 0.58, prog= 0.58, pen=-0.00, r_old= 0.58], Reward=  0.58 /  0.58 /  11266.31, epsilon=  0.448, speed=  0.19, gear= 1, damage= 0.00
META = 1 ... out of track
=============================================================
 starting episode: 1691/2000
Waiting for server on 3109............
Count Down : 5
Client connected on 3109..............
Ep:1691 step:0(168720), a_t=[s= 0.25, t= 0.864569, b= 0.000000], r_t=[r= 0.39, prog= 0.39, pen=-0.00, r_old= 0.39], Reward=  0.39 /  0.39 /  11266.31, epsilon=  0.448, speed=  0.13, gear= 1, damage= 0.00
META = 1 ... out of track
=============================================================
 starting episode: 1692/2000
### TORCS is RELAUNCHED ###
Client connected on 3109..............
Ep:1692 step:0(168735), a_t=[s= 0.57, t= 0.838770, b= 0.000000], r_t=[r= 0.77, prog= 0.77, pen=-0.00, r_old= 0.77], Reward=  0.77 /  0.77 /  11266.31, epsilon=  0.448, speed=  0.26, gear= 1, damage= 0.00
META = 1 ... out of track
=============================================================
 starting episode: 1693/2000
Waiting for server on 3109............
Count Down : 5
Client connected on 3109..............
Ep:1693 step:0(168749), a_t=[s= 1.00, t= 0.743807, b= 0.000000], r_t=[r= 0.39, prog= 0.39, pen=-0.00, r_old= 0.39], Reward=  0.39 /  0.39 /  11266.31, epsilon=  0.448, speed=  0.13, gear= 1, damage= 0.00
META = 1 ... Running backwards
=============================================================
 starting episode: 1694/2000
Waiting for server on 3109............
Count Down : 5
Client connected on 3109..............
Ep:1694 step:0(168767), a_t=[s= 0.67, t= 0.803029, b= 0.000000], r_t=[r= 0.27, prog= 0.27, pen=-0.00, r_old= 0.27], Reward=  0.27 /  0.27 /  11266.31, epsilon=  0.448, speed=  0.09, gear= 1, damage= 0.00
META = 1 ... out of track
=============================================================
 starting episode: 1695/2000
Waiting for server on 3109............
Count Down : 5
Client connected on 3109..............
Ep:1695 step:0(168781), a_t=[s= 0.68, t= 0.841747, b= 0.000000], r_t=[r= 0.40, prog= 0.40, pen=-0.00, r_old= 0.40], Reward=  0.40 /  0.40 /  11266.31, epsilon=  0.448, speed=  0.13, gear= 1, damage= 0.00
META = 1 ... out of track
=============================================================
 starting episode: 1696/2000
Waiting for server on 3109............
Count Down : 5
Client connected on 3109..............
Ep:1696 step:0(168795), a_t=[s= 0.13, t= 0.800880, b= 0.000000], r_t=[r= 0.32, prog= 0.32, pen=-0.00, r_old= 0.32], Reward=  0.32 /  0.32 /  11266.31, epsilon=  0.448, speed=  0.11, gear= 1, damage= 0.00
META = 1 ... out of track
=============================================================
 starting episode: 1697/2000
Waiting for server on 3109............
Count Down : 5
Client connected on 3109..............
Ep:1697 step:0(168810), a_t=[s= 0.89, t= 0.777343, b= 0.000000], r_t=[r= 0.33, prog= 0.33, pen=-0.00, r_old= 0.33], Reward=  0.33 /  0.33 /  11266.31, epsilon=  0.448, speed=  0.11, gear= 1, damage= 0.00
META = 1 ... out of track
=============================================================
 starting episode: 1698/2000
### TORCS is RELAUNCHED ###
Client connected on 3109..............
Ep:1698 step:0(168824), a_t=[s= 0.70, t= 0.825774, b= 0.000000], r_t=[r= 0.98, prog= 0.98, pen=-0.00, r_old= 0.98], Reward=  0.98 /  0.98 /  11266.31, epsilon=  0.448, speed=  0.33, gear= 1, damage= 0.00
META = 1 ... Running backwards
=============================================================
 starting episode: 1699/2000
Waiting for server on 3109............
Count Down : 5
Client connected on 3109..............
Ep:1699 step:0(168842), a_t=[s= 0.07, t= 0.855458, b= 0.000000], r_t=[r= 0.51, prog= 0.51, pen=-0.00, r_old= 0.51], Reward=  0.51 /  0.51 /  11266.31, epsilon=  0.447, speed=  0.17, gear= 1, damage= 0.00
META = 1 ... out of track
