Episode 0
total used free shared buff/cache available Mem: 31855 2035 28773 101 1046 29282 Swap: 0 0 0
Episode 25
total used free shared buff/cache available Mem: 31855 2073 28713 101 1068 29243 Swap: 0 0 0
Episode 50
total used free shared buff/cache available Mem: 31855 2086 28699 101 1069 29230 Swap: 0 0 0
Episode 75
total used free shared buff/cache available Mem: 31855 1852 29005 33 998 29536 Swap: 0 0 0
Episode 100
total used free shared buff/cache available Mem: 31855 1861 28994 33 999 29526 Swap: 0 0 0
Episode 125
total used free shared buff/cache available Mem: 31855 1864 28992 33 999 29524 Swap: 0 0 0
Episode 150
total used free shared buff/cache available Mem: 31855 1868 28988 33 999 29520 Swap: 0 0 0
Episode 175
total used free shared buff/cache available Mem: 31855 1878 28977 33 1000 29509 Swap: 0 0 0
Episode 200
total used free shared buff/cache available Mem: 31855 1883 28972 33 1000 29505 Swap: 0 0 0
Episode 225
total used free shared buff/cache available Mem: 31855 1884 28970 33 1000 29503 Swap: 0 0 0
Episode 250
total used free shared buff/cache available Mem: 31855 1907 28947 33 1001 29480 Swap: 0 0 0
Episode 275
total used free shared buff/cache available Mem: 31855 1912 28942 33 1001 29475 Swap: 0 0 0
Episode 300
total used free shared buff/cache available Mem: 31855 1928 28925 33 1002 29459 Swap: 0 0 0
Episode 325
total used free shared buff/cache available Mem: 31855 1927 28917 41 1010 29452 Swap: 0 0 0
Episode 350
total used free shared buff/cache available Mem: 31855 1928 28917 41 1010 29451 Swap: 0 0 0
Episode 375
total used free shared buff/cache available Mem: 31855 1928 28915 41 1011 29451 Swap: 0 0 0
Episode 400
total used free shared buff/cache available Mem: 31855 1931 28912 41 1011 29448 Swap: 0 0 0
Episode 425
total used free shared buff/cache available Mem: 31855 1931 28912 41 1012 29448 Swap: 0 0 0
Episode 450
total used free shared buff/cache available Mem: 31855 1931 28912 41 1012 29448 Swap: 0 0 0
Episode 475
total used free shared buff/cache available Mem: 31855 1932 28911 41 1012 29447 Swap: 0 0 0
Episode 500
total used free shared buff/cache available Mem: 31855 1932 28910 41 1013 29447 Swap: 0 0 0
Episode 525
total used free shared buff/cache available Mem: 31855 1935 28907 41 1013 29444 Swap: 0 0 0
Episode 550
total used free shared buff/cache available Mem: 31855 1935 28906 41 1013 29443 Swap: 0 0 0
Episode 575
total used free shared buff/cache available Mem: 31855 1938 28903 41 1013 29441 Swap: 0 0 0
Episode 600
total used free shared buff/cache available Mem: 31855 1936 28905 41 1014 29443 Swap: 0 0 0
Episode 625
total used free shared buff/cache available Mem: 31855 1936 28904 41 1014 29442 Swap: 0 0 0
Episode 650
total used free shared buff/cache available Mem: 31855 1937 28903 41 1014 29442 Swap: 0 0 0
Episode 675
total used free shared buff/cache available Mem: 31855 1936 28904 41 1014 29442 Swap: 0 0 0
Episode 700
total used free shared buff/cache available Mem: 31855 1937 28903 41 1014 29442 Swap: 0 0 0
Episode 725
total used free shared buff/cache available Mem: 31855 1937 28903 41 1014 29441 Swap: 0 0 0
Episode 750
total used free shared buff/cache available Mem: 31855 1937 28903 41 1014 29442 Swap: 0 0 0
Episode 775
total used free shared buff/cache available Mem: 31855 1938 28901 41 1015 29441 Swap: 0 0 0
Episode 800
total used free shared buff/cache available Mem: 31855 1938 28902 41 1015 29441 Swap: 0 0 0
Episode 825
total used free shared buff/cache available Mem: 31855 1937 28902 41 1015 29442 Swap: 0 0 0
Episode 850
total used free shared buff/cache available Mem: 31855 1938 28901 41 1016 29441 Swap: 0 0 0
Episode 875
total used free shared buff/cache available Mem: 31855 1939 28900 41 1016 29440 Swap: 0 0 0
Episode 900
total used free shared buff/cache available Mem: 31855 1939 28899 41 1016 29439 Swap: 0 0 0
Episode 925
total used free shared buff/cache available Mem: 31855 1939 28899 41 1016 29439 Swap: 0 0 0
Episode 950
total used free shared buff/cache available Mem: 31855 1940 28897 41 1017 29438 Swap: 0 0 0
Episode 975
total used free shared buff/cache available Mem: 31855 1945 28892 41 1017 29433 Swap: 0 0 0
Episode 1000
total used free shared buff/cache available Mem: 31855 1946 28890 41 1019 29433 Swap: 0 0 0
Episode 1025
total used free shared buff/cache available Mem: 31855 1946 28889 41 1020 29432 Swap: 0 0 0
Episode 1050
total used free shared buff/cache available Mem: 31855 1945 28889 41 1021 29433 Swap: 0 0 0
Episode 1075
total used free shared buff/cache available Mem: 31855 1945 28888 41 1021 29433 Swap: 0 0 0
Episode 1100
total used free shared buff/cache available Mem: 31855 1947 28886 41 1022 29431 Swap: 0 0 0
Episode 1125
total used free shared buff/cache available Mem: 31855 1948 28884 41 1023 29430 Swap: 0 0 0
Episode 1150
total used free shared buff/cache available Mem: 31855 1950 28882 41 1023 29428 Swap: 0 0 0
Episode 1175
total used free shared buff/cache available Mem: 31855 1946 28884 41 1024 29431 Swap: 0 0 0
Episode 1200
total used free shared buff/cache available Mem: 31855 1950 28879 41 1025 29427 Swap: 0 0 0
Episode 1225
total used free shared buff/cache available Mem: 31855 1949 28880 41 1025 29428 Swap: 0 0 0
Episode 1250
total used free shared buff/cache available Mem: 31855 1950 28879 41 1025 29428 Swap: 0 0 0
Episode 1275
total used free shared buff/cache available Mem: 31855 1951 28878 41 1026 29427 Swap: 0 0 0
Episode 1300
total used free shared buff/cache available Mem: 31855 1951 28877 41 1026 29427 Swap: 0 0 0
Episode 1325
total used free shared buff/cache available Mem: 31855 1950 28877 41 1027 29427 Swap: 0 0 0
Episode 1350
total used free shared buff/cache available Mem: 31855 1951 28876 41 1028 29427 Swap: 0 0 0
Episode 1375
total used free shared buff/cache available Mem: 31855 1951 28875 41 1028 29427 Swap: 0 0 0
Episode 1400
total used free shared buff/cache available Mem: 31855 1952 28874 41 1028 29425 Swap: 0 0 0
Episode 1425
total used free shared buff/cache available Mem: 31855 1951 28874 41 1029 29426 Swap: 0 0 0
Episode 1450
total used free shared buff/cache available Mem: 31855 1952 28873 41 1030 29426 Swap: 0 0 0
Episode 1475
total used free shared buff/cache available Mem: 31855 1953 28871 41 1031 29425 Swap: 0 0 0
Episode 1500
total used free shared buff/cache available Mem: 31855 1953 28870 41 1031 29425 Swap: 0 0 0
Episode 1525
total used free shared buff/cache available Mem: 31855 1953 28870 41 1032 29424 Swap: 0 0 0
Episode 1550
total used free shared buff/cache available Mem: 31855 1954 28868 41 1032 29424 Swap: 0 0 0
Episode 1575
total used free shared buff/cache available Mem: 31855 1955 28866 41 1033 29422 Swap: 0 0 0
Episode 1600
total used free shared buff/cache available Mem: 31855 1956 28865 41 1034 29422 Swap: 0 0 0
Episode 1625
total used free shared buff/cache available Mem: 31855 1955 28865 41 1034 29423 Swap: 0 0 0
Episode 1650
total used free shared buff/cache available Mem: 31855 1955 28864 41 1035 29423 Swap: 0 0 0
Episode 1675
total used free shared buff/cache available Mem: 31855 1958 28861 41 1036 29420 Swap: 0 0 0
Episode 1700
total used free shared buff/cache available Mem: 31855 1958 28859 41 1037 29420 Swap: 0 0 0
Episode 1725
total used free shared buff/cache available Mem: 31855 1958 28859 41 1038 29420 Swap: 0 0 0
Episode 1750
total used free shared buff/cache available Mem: 31855 1964 28852 41 1038 29413 Swap: 0 0 0
Episode 1775
total used free shared buff/cache available Mem: 31855 1966 28849 41 1040 29411 Swap: 0 0 0
Episode 1800
total used free shared buff/cache available Mem: 31855 1967 28847 41 1041 29410 Swap: 0 0 0
Episode 1825
total used free shared buff/cache available Mem: 31855 1967 28847 41 1041 29411 Swap: 0 0 0
Episode 1850
total used free shared buff/cache available Mem: 31855 1969 28844 41 1041 29409 Swap: 0 0 0
Episode 1875
total used free shared buff/cache available Mem: 31855 1969 28843 41 1043 29409 Swap: 0 0 0
Episode 1900
total used free shared buff/cache available Mem: 31855 1969 28841 41 1044 29408 Swap: 0 0 0
Episode 1925
total used free shared buff/cache available Mem: 31855 1971 28839 41 1045 29406 Swap: 0 0 0
Episode 1950
total used free shared buff/cache available Mem: 31855 1971 28838 41 1046 29406 Swap: 0 0 0
Episode 1975
total used free shared buff/cache available Mem: 31855 1970 28839 41 1046 29408 Swap: 0 0 0
