=============================================================
 starting episode: 1700/2000
Waiting for server on 3104............
Count Down : 5
Client connected on 3104..............
Ep:1700 step:0(2231735), a_t=[s= 1.00, t= 1.000000, b= 0.000000], r_t=[r= 0.20, prog= 0.20, pen=-0.00, r_old= 0.20], Reward=  0.20 /  0.20 /  494992.82, epsilon=  0.100, speed=  0.07, gear= 1, damage= 0.00
META = 1 ... Running backwards
=============================================================
 starting episode: 1701/2000
Waiting for server on 3104............
Count Down : 5
Client connected on 3104..............
Ep:1701 step:0(2231751), a_t=[s= 0.95, t= 0.948473, b= 0.000000], r_t=[r= 0.46, prog= 0.46, pen=-0.00, r_old= 0.46], Reward=  0.46 /  0.46 /  494992.82, epsilon=  0.100, speed=  0.15, gear= 1, damage= 0.00
META = 1 ... out of track
=============================================================
 starting episode: 1702/2000
Waiting for server on 3104............
Count Down : 5
Client connected on 3104..............
Ep:1702 step:0(2231764), a_t=[s= 0.95, t= 0.949670, b= 0.000000], r_t=[r= 0.18, prog= 0.18, pen=-0.00, r_old= 0.18], Reward=  0.18 /  0.18 /  494992.82, epsilon=  0.100, speed=  0.06, gear= 1, damage= 0.00
META = 1 ... out of track
=============================================================
 starting episode: 1703/2000
Waiting for server on 3104............
Count Down : 5
Client connected on 3104..............
Ep:1703 step:0(2231777), a_t=[s= 0.95, t= 0.942004, b= 0.000000], r_t=[r= 0.72, prog= 0.72, pen=-0.00, r_old= 0.72], Reward=  0.72 /  0.72 /  494992.82, epsilon=  0.100, speed=  0.24, gear= 1, damage= 0.00
META = 1 ... out of track
=============================================================
 starting episode: 1704/2000
### TORCS is RELAUNCHED ###
Client connected on 3104..............
Ep:1704 step:0(2231790), a_t=[s= 0.92, t= 0.947937, b= 0.000885], r_t=[r= 0.88, prog= 0.88, pen=-0.00, r_old= 0.88], Reward=  0.88 /  0.88 /  494992.82, epsilon=  0.100, speed=  0.29, gear= 1, damage= 0.00
META = 1 ... out of track
=============================================================
 starting episode: 1705/2000
Waiting for server on 3104............
Count Down : 5
Client connected on 3104..............
Ep:1705 step:0(2231803), a_t=[s= 0.91, t= 0.963360, b= 0.000000], r_t=[r= 0.30, prog= 0.31, pen=-0.00, r_old= 0.30], Reward=  0.30 /  0.30 /  494992.82, epsilon=  0.100, speed=  0.10, gear= 1, damage= 0.00
META = 1 ... out of track
=============================================================
 starting episode: 1706/2000
Waiting for server on 3104............
Count Down : 5
Client connected on 3104..............
Ep:1706 step:0(2231816), a_t=[s= 0.86, t= 0.937055, b= 0.000000], r_t=[r= 0.81, prog= 0.82, pen=-0.00, r_old= 0.81], Reward=  0.81 /  0.81 /  494992.82, epsilon=  0.100, speed=  0.27, gear= 1, damage= 0.00
META = 1 ... Running backwards
=============================================================
 starting episode: 1707/2000
Waiting for server on 3104............
Count Down : 5
Client connected on 3104..............
Ep:1707 step:0(2231833), a_t=[s= 0.97, t= 0.957585, b= 0.000000], r_t=[r= 0.30, prog= 0.30, pen=-0.00, r_old= 0.30], Reward=  0.30 /  0.30 /  494992.82, epsilon=  0.100, speed=  0.10, gear= 1, damage= 0.00
META = 1 ... out of track
=============================================================
 starting episode: 1708/2000
Waiting for server on 3104............
Count Down : 5
Client connected on 3104..............
Ep:1708 step:0(2231846), a_t=[s= 0.93, t= 0.953841, b= 0.000000], r_t=[r= 0.46, prog= 0.46, pen=-0.00, r_old= 0.46], Reward=  0.46 /  0.46 /  494992.82, epsilon=  0.100, speed=  0.15, gear= 1, damage= 0.00
META = 1 ... out of track
=============================================================
 starting episode: 1709/2000
Waiting for server on 3104............
Count Down : 5
Client connected on 3104..............
Ep:1709 step:0(2231859), a_t=[s= 0.92, t= 0.938516, b= 0.000000], r_t=[r= 0.76, prog= 0.76, pen=-0.00, r_old= 0.76], Reward=  0.76 /  0.76 /  494992.82, epsilon=  0.100, speed=  0.25, gear= 1, damage= 0.00
META = 1 ... out of track
=============================================================
 starting episode: 1710/2000
### TORCS is RELAUNCHED ###
Client connected on 3104..............
Ep:1710 step:0(2231872), a_t=[s= 1.00, t= 0.938564, b= 0.000000], r_t=[r= 0.77, prog= 0.77, pen=-0.00, r_old= 0.77], Reward=  0.77 /  0.77 /  494992.82, epsilon=  0.100, speed=  0.26, gear= 1, damage= 0.00
META = 1 ... out of track
=============================================================
 starting episode: 1711/2000
Waiting for server on 3104............
Count Down : 5
Client connected on 3104..............
Ep:1711 step:0(2231886), a_t=[s= 0.89, t= 0.941079, b= 0.000000], r_t=[r= 0.77, prog= 0.77, pen=-0.00, r_old= 0.77], Reward=  0.77 /  0.77 /  494992.82, epsilon=  0.100, speed=  0.26, gear= 1, damage= 0.00
META = 1 ... out of track
=============================================================
 starting episode: 1712/2000
Waiting for server on 3104............
Count Down : 5
Client connected on 3104..............
Ep:1712 step:0(2231899), a_t=[s= 1.00, t= 0.944831, b= 0.000000], r_t=[r= 0.46, prog= 0.46, pen=-0.00, r_old= 0.46], Reward=  0.46 /  0.46 /  494992.82, epsilon=  0.100, speed=  0.15, gear= 1, damage= 0.00
META = 1 ... out of track
=============================================================
 starting episode: 1713/2000
Waiting for server on 3104............
Count Down : 5
Client connected on 3104..............
Ep:1713 step:0(2231912), a_t=[s= 0.85, t= 0.937137, b= 0.000000], r_t=[r= 0.53, prog= 0.53, pen=-0.00, r_old= 0.53], Reward=  0.53 /  0.53 /  494992.82, epsilon=  0.100, speed=  0.18, gear= 1, damage= 0.00
META = 1 ... out of track
=============================================================
 starting episode: 1714/2000
Waiting for server on 3104............
Count Down : 5
Client connected on 3104..............
Ep:1714 step:0(2231925), a_t=[s= 0.77, t= 0.926677, b= 0.000000], r_t=[r= 0.31, prog= 0.31, pen=-0.00, r_old= 0.31], Reward=  0.31 /  0.31 /  494992.82, epsilon=  0.100, speed=  0.10, gear= 1, damage= 0.00
META = 1 ... out of track
=============================================================
 starting episode: 1715/2000
Waiting for server on 3104............
Count Down : 5
Client connected on 3104..............
Ep:1715 step:0(2231938), a_t=[s= 0.91, t= 0.946436, b= 0.000000], r_t=[r= 0.64, prog= 0.65, pen=-0.00, r_old= 0.64], Reward=  0.64 /  0.64 /  494992.82, epsilon=  0.100, speed=  0.22, gear= 1, damage= 0.00
META = 1 ... out of track
=============================================================
 starting episode: 1716/2000
### TORCS is RELAUNCHED ###
Client connected on 3104..............
Ep:1716 step:0(2231951), a_t=[s= 0.88, t= 0.961070, b= 0.000000], r_t=[r= 0.75, prog= 0.75, pen=-0.00, r_old= 0.75], Reward=  0.75 /  0.75 /  494992.82, epsilon=  0.100, speed=  0.25, gear= 1, damage= 0.00
META = 1 ... out of track
=============================================================
 starting episode: 1717/2000
Waiting for server on 3104............
Count Down : 5
Client connected on 3104..............
Ep:1717 step:0(2231964), a_t=[s= 0.83, t= 0.939630, b= 0.000000], r_t=[r= 0.68, prog= 0.68, pen=-0.00, r_old= 0.68], Reward=  0.68 /  0.68 /  494992.82, epsilon=  0.100, speed=  0.23, gear= 1, damage= 0.00
META = 1 ... out of track
=============================================================
 starting episode: 1718/2000
Waiting for server on 3104............
Count Down : 5
Client connected on 3104..............
Ep:1718 step:0(2231977), a_t=[s= 1.00, t= 0.948079, b= 0.000000], r_t=[r= 0.47, prog= 0.47, pen=-0.00, r_old= 0.47], Reward=  0.47 /  0.47 /  494992.82, epsilon=  0.100, speed=  0.16, gear= 1, damage= 0.00
META = 1 ... out of track
=============================================================
 starting episode: 1719/2000
Waiting for server on 3104............
Count Down : 5
Client connected on 3104..............
Ep:1719 step:0(2231990), a_t=[s= 0.89, t= 0.946854, b= 0.000000], r_t=[r= 0.50, prog= 0.50, pen=-0.00, r_old= 0.50], Reward=  0.50 /  0.50 /  494992.82, epsilon=  0.100, speed=  0.17, gear= 1, damage= 0.00
META = 1 ... out of track
=============================================================
 starting episode: 1720/2000
Waiting for server on 3104............
Count Down : 5
Client connected on 3104..............
Ep:1720 step:0(2232003), a_t=[s= 1.00, t= 1.000000, b= 0.000000], r_t=[r= 0.20, prog= 0.20, pen=-0.00, r_old= 0.20], Reward=  0.20 /  0.20 /  494992.82, epsilon=  0.100, speed=  0.07, gear= 1, damage= 0.00
META = 1 ... Running backwards
=============================================================
 starting episode: 1721/2000
Waiting for server on 3104............
Count Down : 5
Client connected on 3104..............
Ep:1721 step:0(2232019), a_t=[s= 1.00, t= 0.934034, b= 0.000000], r_t=[r= 0.65, prog= 0.65, pen=-0.00, r_old= 0.65], Reward=  0.65 /  0.65 /  494992.82, epsilon=  0.100, speed=  0.22, gear= 1, damage= 0.00
META = 1 ... out of track
=============================================================
 starting episode: 1722/2000
### TORCS is RELAUNCHED ###
Client connected on 3104..............
Ep:1722 step:0(2232032), a_t=[s= 0.94, t= 0.944431, b= 0.000000], r_t=[r= 0.45, prog= 0.45, pen=-0.00, r_old= 0.45], Reward=  0.45 /  0.45 /  494992.82, epsilon=  0.100, speed=  0.15, gear= 1, damage= 0.00
META = 1 ... out of track
=============================================================
 starting episode: 1723/2000
Waiting for server on 3104............
Count Down : 5
Client connected on 3104..............
Ep:1723 step:0(2232045), a_t=[s= 0.96, t= 0.949736, b= 0.000000], r_t=[r= 0.19, prog= 0.19, pen=-0.00, r_old= 0.19], Reward=  0.19 /  0.19 /  494992.82, epsilon=  0.100, speed=  0.06, gear= 1, damage= 0.00
META = 1 ... out of track
=============================================================
 starting episode: 1724/2000
Waiting for server on 3104............
Count Down : 5
Client connected on 3104..............
Ep:1724 step:0(2232058), a_t=[s= 0.80, t= 0.960996, b= 0.000000], r_t=[r= 0.54, prog= 0.55, pen=-0.00, r_old= 0.54], Reward=  0.54 /  0.54 /  494992.82, epsilon=  0.100, speed=  0.18, gear= 1, damage= 0.00
META = 1 ... out of track
=============================================================
 starting episode: 1725/2000
Waiting for server on 3104............
Count Down : 5
Client connected on 3104..............
Ep:1725 step:0(2232071), a_t=[s= 0.88, t= 0.969567, b= 0.000000], r_t=[r= 0.44, prog= 0.44, pen=-0.00, r_old= 0.44], Reward=  0.44 /  0.44 /  494992.82, epsilon=  0.100, speed=  0.15, gear= 1, damage= 0.00
META = 1 ... out of track
=============================================================
 starting episode: 1726/2000
Waiting for server on 3104............
Count Down : 5
Client connected on 3104..............
Ep:1726 step:0(2232084), a_t=[s= 1.00, t= 0.932571, b= 0.000000], r_t=[r= 0.48, prog= 0.48, pen=-0.00, r_old= 0.48], Reward=  0.48 /  0.48 /  494992.82, epsilon=  0.100, speed=  0.16, gear= 1, damage= 0.00
META = 1 ... out of track
=============================================================
 starting episode: 1727/2000
Waiting for server on 3104............
Count Down : 5
Client connected on 3104..............
Ep:1727 step:0(2232097), a_t=[s= 0.84, t= 0.958458, b= 0.000000], r_t=[r= 0.55, prog= 0.55, pen=-0.00, r_old= 0.55], Reward=  0.55 /  0.55 /  494992.82, epsilon=  0.100, speed=  0.18, gear= 1, damage= 0.00
META = 1 ... out of track
=============================================================
 starting episode: 1728/2000
### TORCS is RELAUNCHED ###
Client connected on 3104..............
Ep:1728 step:0(2232110), a_t=[s= 0.94, t= 0.949341, b= 0.000000], r_t=[r= 0.51, prog= 0.51, pen=-0.00, r_old= 0.51], Reward=  0.51 /  0.51 /  494992.82, epsilon=  0.100, speed=  0.17, gear= 1, damage= 0.00
META = 1 ... out of track
=============================================================
 starting episode: 1729/2000
Waiting for server on 3104............
Count Down : 5
Client connected on 3104..............
Ep:1729 step:0(2232123), a_t=[s= 0.91, t= 0.951757, b= 0.000000], r_t=[r= 0.63, prog= 0.63, pen=-0.00, r_old= 0.63], Reward=  0.63 /  0.63 /  494992.82, epsilon=  0.100, speed=  0.21, gear= 1, damage= 0.00
META = 1 ... out of track
=============================================================
 starting episode: 1730/2000
Waiting for server on 3104............
Count Down : 5
Client connected on 3104..............
Ep:1730 step:0(2232136), a_t=[s= 0.90, t= 0.938612, b= 0.000000], r_t=[r= 0.76, prog= 0.76, pen=-0.00, r_old= 0.76], Reward=  0.76 /  0.76 /  494992.82, epsilon=  0.100, speed=  0.25, gear= 1, damage= 0.00
META = 1 ... out of track
=============================================================
 starting episode: 1731/2000
Waiting for server on 3104............
Count Down : 5
Client connected on 3104..............
Ep:1731 step:0(2232149), a_t=[s= 0.88, t= 0.951789, b= 0.000000], r_t=[r= 0.56, prog= 0.56, pen=-0.00, r_old= 0.56], Reward=  0.56 /  0.56 /  494992.82, epsilon=  0.100, speed=  0.19, gear= 1, damage= 0.00
META = 1 ... out of track
=============================================================
 starting episode: 1732/2000
Waiting for server on 3104............
Count Down : 5
Client connected on 3104..............
Ep:1732 step:0(2232162), a_t=[s= 0.84, t= 0.959337, b= 0.000000], r_t=[r= 0.55, prog= 0.55, pen=-0.00, r_old= 0.55], Reward=  0.55 /  0.55 /  494992.82, epsilon=  0.100, speed=  0.18, gear= 1, damage= 0.00
META = 1 ... out of track
=============================================================
 starting episode: 1733/2000
Waiting for server on 3104............
Count Down : 5
Client connected on 3104..............
Ep:1733 step:0(2232175), a_t=[s= 1.00, t= 0.952470, b= 0.000000], r_t=[r= 0.47, prog= 0.47, pen=-0.00, r_old= 0.47], Reward=  0.47 /  0.47 /  494992.82, epsilon=  0.100, speed=  0.16, gear= 1, damage= 0.00
META = 1 ... out of track
=============================================================
 starting episode: 1734/2000
### TORCS is RELAUNCHED ###
Client connected on 3104..............
Ep:1734 step:0(2232188), a_t=[s= 1.00, t= 0.948658, b= 0.000000], r_t=[r= 0.83, prog= 0.83, pen=-0.00, r_old= 0.83], Reward=  0.83 /  0.83 /  494992.82, epsilon=  0.100, speed=  0.28, gear= 1, damage= 0.00
META = 1 ... out of track
=============================================================
 starting episode: 1735/2000
Waiting for server on 3104............
Count Down : 5
Client connected on 3104..............
Ep:1735 step:0(2232201), a_t=[s= 0.88, t= 0.939625, b= 0.000000], r_t=[r= 0.46, prog= 0.46, pen=-0.00, r_old= 0.46], Reward=  0.46 /  0.46 /  494992.82, epsilon=  0.100, speed=  0.15, gear= 1, damage= 0.00
META = 1 ... out of track
=============================================================
 starting episode: 1736/2000
Waiting for server on 3104............
Count Down : 5
Client connected on 3104..............
Ep:1736 step:0(2232213), a_t=[s= 0.94, t= 0.954859, b= 0.000000], r_t=[r= 0.22, prog= 0.22, pen=-0.00, r_old= 0.22], Reward=  0.22 /  0.22 /  494992.82, epsilon=  0.100, speed=  0.07, gear= 1, damage= 0.00
META = 1 ... out of track
=============================================================
 starting episode: 1737/2000
Waiting for server on 3104............
Count Down : 5
Client connected on 3104..............
Ep:1737 step:0(2232226), a_t=[s= 0.90, t= 0.961663, b= 0.000000], r_t=[r= 0.18, prog= 0.18, pen=-0.00, r_old= 0.18], Reward=  0.18 /  0.18 /  494992.82, epsilon=  0.100, speed=  0.06, gear= 1, damage= 0.00
META = 1 ... out of track
=============================================================
 starting episode: 1738/2000
Waiting for server on 3104............
Count Down : 5
Client connected on 3104..............
Ep:1738 step:0(2232239), a_t=[s= 0.89, t= 0.956694, b= 0.000000], r_t=[r= 0.53, prog= 0.53, pen=-0.00, r_old= 0.53], Reward=  0.53 /  0.53 /  494992.82, epsilon=  0.100, speed=  0.18, gear= 1, damage= 0.00
META = 1 ... out of track
=============================================================
 starting episode: 1739/2000
Waiting for server on 3104............
Count Down : 5
Client connected on 3104..............
Ep:1739 step:0(2232252), a_t=[s= 0.85, t= 0.948655, b= 0.000000], r_t=[r= 0.37, prog= 0.37, pen=-0.00, r_old= 0.37], Reward=  0.37 /  0.37 /  494992.82, epsilon=  0.100, speed=  0.12, gear= 1, damage= 0.00
META = 1 ... out of track
=============================================================
 starting episode: 1740/2000
### TORCS is RELAUNCHED ###
Client connected on 3104..............
Ep:1740 step:0(2232265), a_t=[s= 1.00, t= 1.000000, b= 0.000000], r_t=[r= 0.20, prog= 0.20, pen=-0.00, r_old= 0.20], Reward=  0.20 /  0.20 /  494992.82, epsilon=  0.100, speed=  0.07, gear= 1, damage= 0.00
META = 1 ... Running backwards
=============================================================
 starting episode: 1741/2000
Waiting for server on 3104............
Count Down : 5
Client connected on 3104..............
Ep:1741 step:0(2232281), a_t=[s= 1.00, t= 0.956695, b= 0.000000], r_t=[r= 0.39, prog= 0.39, pen=-0.00, r_old= 0.39], Reward=  0.39 /  0.39 /  494992.82, epsilon=  0.100, speed=  0.13, gear= 1, damage= 0.00
META = 1 ... out of track
=============================================================
 starting episode: 1742/2000
Waiting for server on 3104............
Count Down : 5
Client connected on 3104..............
Ep:1742 step:0(2232294), a_t=[s= 0.85, t= 0.958941, b= 0.000000], r_t=[r= 0.55, prog= 0.55, pen=-0.00, r_old= 0.55], Reward=  0.55 /  0.55 /  494992.82, epsilon=  0.100, speed=  0.18, gear= 1, damage= 0.00
META = 1 ... out of track
=============================================================
 starting episode: 1743/2000
Waiting for server on 3104............
Count Down : 5
Client connected on 3104..............
Ep:1743 step:0(2232307), a_t=[s= 0.95, t= 0.952010, b= 0.000000], r_t=[r= 0.18, prog= 0.18, pen=-0.00, r_old= 0.18], Reward=  0.18 /  0.18 /  494992.82, epsilon=  0.100, speed=  0.06, gear= 1, damage= 0.00
META = 1 ... out of track
=============================================================
 starting episode: 1744/2000
Waiting for server on 3104............
Count Down : 5
Client connected on 3104..............
Ep:1744 step:0(2232320), a_t=[s= 0.85, t= 0.951307, b= 0.000000], r_t=[r= 0.52, prog= 0.52, pen=-0.00, r_old= 0.52], Reward=  0.52 /  0.52 /  494992.82, epsilon=  0.100, speed=  0.17, gear= 1, damage= 0.00
META = 1 ... Running backwards
=============================================================
 starting episode: 1745/2000
Waiting for server on 3104............
Count Down : 5
Client connected on 3104..............
Ep:1745 step:0(2232336), a_t=[s= 0.92, t= 0.943510, b= 0.000000], r_t=[r= 0.44, prog= 0.44, pen=-0.00, r_old= 0.44], Reward=  0.44 /  0.44 /  494992.82, epsilon=  0.100, speed=  0.15, gear= 1, damage= 0.00
META = 1 ... out of track
=============================================================
 starting episode: 1746/2000
### TORCS is RELAUNCHED ###
Client connected on 3104..............
Ep:1746 step:0(2232349), a_t=[s= 0.88, t= 0.956019, b= 0.000000], r_t=[r= 0.28, prog= 0.28, pen=-0.00, r_old= 0.28], Reward=  0.28 /  0.28 /  494992.82, epsilon=  0.100, speed=  0.09, gear= 1, damage= 0.00
META = 1 ... out of track
=============================================================
 starting episode: 1747/2000
Waiting for server on 3104............
Count Down : 5
Client connected on 3104..............
Ep:1747 step:0(2232362), a_t=[s= 1.00, t= 0.964012, b= 0.000000], r_t=[r= 0.19, prog= 0.19, pen=-0.00, r_old= 0.19], Reward=  0.19 /  0.19 /  494992.82, epsilon=  0.100, speed=  0.06, gear= 1, damage= 0.00
META = 1 ... out of track
=============================================================
 starting episode: 1748/2000
Waiting for server on 3104............
Count Down : 5
Client connected on 3104..............
Ep:1748 step:0(2232375), a_t=[s= 0.97, t= 0.954524, b= 0.000000], r_t=[r= 0.27, prog= 0.27, pen=-0.00, r_old= 0.27], Reward=  0.27 /  0.27 /  494992.82, epsilon=  0.100, speed=  0.09, gear= 1, damage= 0.00
META = 1 ... out of track
=============================================================
 starting episode: 1749/2000
Waiting for server on 3104............
Count Down : 5
Client connected on 3104..............
Ep:1749 step:0(2232388), a_t=[s= 1.00, t= 0.943380, b= 0.001144], r_t=[r= 0.88, prog= 0.88, pen=-0.00, r_old= 0.88], Reward=  0.88 /  0.88 /  494992.82, epsilon=  0.100, speed=  0.29, gear= 1, damage= 0.00
META = 1 ... out of track
=============================================================
 starting episode: 1750/2000
Waiting for server on 3104............
Count Down : 5
Client connected on 3104..............
Ep:1750 step:0(2232401), a_t=[s= 1.00, t= 0.941128, b= 0.000000], r_t=[r= 0.80, prog= 0.80, pen=-0.00, r_old= 0.80], Reward=  0.80 /  0.80 /  494992.82, epsilon=  0.100, speed=  0.27, gear= 1, damage= 0.00
META = 1 ... out of track
=============================================================
 starting episode: 1751/2000
Waiting for server on 3104............
Count Down : 5
Client connected on 3104..............
Ep:1751 step:0(2232414), a_t=[s= 1.00, t= 0.965329, b= 0.000000], r_t=[r= 0.86, prog= 0.86, pen=-0.00, r_old= 0.86], Reward=  0.86 /  0.86 /  494992.82, epsilon=  0.100, speed=  0.29, gear= 1, damage= 0.00
META = 1 ... out of track
=============================================================
 starting episode: 1752/2000
### TORCS is RELAUNCHED ###
Client connected on 3104..............
Ep:1752 step:0(2232427), a_t=[s= 0.99, t= 0.951468, b= 0.000000], r_t=[r= 0.19, prog= 0.19, pen=-0.00, r_old= 0.19], Reward=  0.19 /  0.19 /  494992.82, epsilon=  0.100, speed=  0.06, gear= 1, damage= 0.00
META = 1 ... out of track
=============================================================
 starting episode: 1753/2000
Waiting for server on 3104............
Count Down : 5
Client connected on 3104..............
Ep:1753 step:0(2232440), a_t=[s= 0.92, t= 0.950133, b= 0.000000], r_t=[r= 0.18, prog= 0.18, pen=-0.00, r_old= 0.18], Reward=  0.18 /  0.18 /  494992.82, epsilon=  0.100, speed=  0.06, gear= 1, damage= 0.00
META = 1 ... out of track
=============================================================
 starting episode: 1754/2000
Waiting for server on 3104............
Count Down : 5
Client connected on 3104..............
Ep:1754 step:0(2232453), a_t=[s= 0.91, t= 0.945409, b= 0.000000], r_t=[r= 0.71, prog= 0.71, pen=-0.00, r_old= 0.71], Reward=  0.71 /  0.71 /  494992.82, epsilon=  0.100, speed=  0.24, gear= 1, damage= 0.00
META = 1 ... out of track
=============================================================
 starting episode: 1755/2000
Waiting for server on 3104............
Count Down : 5
Client connected on 3104..............
Ep:1755 step:0(2232466), a_t=[s= 0.85, t= 0.947708, b= 0.000000], r_t=[r= 0.44, prog= 0.44, pen=-0.00, r_old= 0.44], Reward=  0.44 /  0.44 /  494992.82, epsilon=  0.100, speed=  0.15, gear= 1, damage= 0.00
META = 1 ... out of track
=============================================================
 starting episode: 1756/2000
Waiting for server on 3104............
Count Down : 5
Client connected on 3104..............
Ep:1756 step:0(2232479), a_t=[s= 0.89, t= 0.957454, b= 0.000000], r_t=[r= 0.52, prog= 0.52, pen=-0.00, r_old= 0.52], Reward=  0.52 /  0.52 /  494992.82, epsilon=  0.100, speed=  0.17, gear= 1, damage= 0.00
META = 1 ... out of track
=============================================================
 starting episode: 1757/2000
Waiting for server on 3104............
Count Down : 5
Client connected on 3104..............
Ep:1757 step:0(2232492), a_t=[s= 0.89, t= 0.934725, b= 0.000000], r_t=[r= 0.38, prog= 0.38, pen=-0.00, r_old= 0.38], Reward=  0.38 /  0.38 /  494992.82, epsilon=  0.100, speed=  0.13, gear= 1, damage= 0.00
META = 1 ... out of track
=============================================================
 starting episode: 1758/2000
### TORCS is RELAUNCHED ###
Client connected on 3104..............
Ep:1758 step:0(2232505), a_t=[s= 0.93, t= 0.944331, b= 0.000000], r_t=[r= 0.44, prog= 0.44, pen=-0.00, r_old= 0.44], Reward=  0.44 /  0.44 /  494992.82, epsilon=  0.100, speed=  0.15, gear= 1, damage= 0.00
META = 1 ... out of track
=============================================================
 starting episode: 1759/2000
Waiting for server on 3104............
Count Down : 5
Client connected on 3104..............
Ep:1759 step:0(2232518), a_t=[s= 0.83, t= 0.939287, b= 0.000000], r_t=[r= 0.59, prog= 0.59, pen=-0.00, r_old= 0.59], Reward=  0.59 /  0.59 /  494992.82, epsilon=  0.100, speed=  0.20, gear= 1, damage= 0.00
META = 1 ... out of track
=============================================================
 starting episode: 1760/2000
Waiting for server on 3104............
Count Down : 5
Client connected on 3104..............
Ep:1760 step:0(2232531), a_t=[s= 1.00, t= 1.000000, b= 0.000000], r_t=[r= 0.20, prog= 0.20, pen=-0.00, r_old= 0.20], Reward=  0.20 /  0.20 /  494992.82, epsilon=  0.100, speed=  0.07, gear= 1, damage= 0.00
META = 1 ... Running backwards
=============================================================
 starting episode: 1761/2000
Waiting for server on 3104............
Count Down : 5
Client connected on 3104..............
Ep:1761 step:0(2232545), a_t=[s= 1.00, t= 0.932968, b= 0.000000], r_t=[r= 0.48, prog= 0.48, pen=-0.00, r_old= 0.48], Reward=  0.48 /  0.48 /  494992.82, epsilon=  0.100, speed=  0.16, gear= 1, damage= 0.00
META = 1 ... out of track
=============================================================
 starting episode: 1762/2000
Waiting for server on 3104............
Count Down : 5
Client connected on 3104..............
Ep:1762 step:0(2232557), a_t=[s= 1.00, t= 0.944683, b= 0.000000], r_t=[r= 0.46, prog= 0.46, pen=-0.00, r_old= 0.46], Reward=  0.46 /  0.46 /  494992.82, epsilon=  0.100, speed=  0.15, gear= 1, damage= 0.00
META = 1 ... Running backwards
=============================================================
 starting episode: 1763/2000
Waiting for server on 3104............
Count Down : 5
Client connected on 3104..............
Ep:1763 step:0(2232572), a_t=[s= 0.95, t= 0.949642, b= 0.000000], r_t=[r= 0.18, prog= 0.18, pen=-0.00, r_old= 0.18], Reward=  0.18 /  0.18 /  494992.82, epsilon=  0.100, speed=  0.06, gear= 1, damage= 0.00
META = 1 ... out of track
=============================================================
 starting episode: 1764/2000
### TORCS is RELAUNCHED ###
Client connected on 3104..............
Ep:1764 step:0(2232585), a_t=[s= 0.97, t= 0.939231, b= 0.000000], r_t=[r= 0.77, prog= 0.77, pen=-0.00, r_old= 0.77], Reward=  0.77 /  0.77 /  494992.82, epsilon=  0.100, speed=  0.26, gear= 1, damage= 0.00
META = 1 ... Running backwards
=============================================================
 starting episode: 1765/2000
Waiting for server on 3104............
Count Down : 5
Client connected on 3104..............
Ep:1765 step:0(2232600), a_t=[s= 1.00, t= 0.944832, b= 0.000000], r_t=[r= 0.46, prog= 0.46, pen=-0.00, r_old= 0.46], Reward=  0.46 /  0.46 /  494992.82, epsilon=  0.100, speed=  0.15, gear= 1, damage= 0.00
META = 1 ... out of track
=============================================================
 starting episode: 1766/2000
Waiting for server on 3104............
Count Down : 5
Client connected on 3104..............
Ep:1766 step:0(2232613), a_t=[s= 0.92, t= 0.943316, b= 0.000000], r_t=[r= 0.53, prog= 0.54, pen=-0.00, r_old= 0.53], Reward=  0.53 /  0.53 /  494992.82, epsilon=  0.100, speed=  0.18, gear= 1, damage= 0.00
META = 1 ... out of track
=============================================================
 starting episode: 1767/2000
Waiting for server on 3104............
Count Down : 5
Client connected on 3104..............
Ep:1767 step:0(2232626), a_t=[s= 1.00, t= 0.945910, b= 0.000000], r_t=[r= 0.72, prog= 0.72, pen=-0.00, r_old= 0.72], Reward=  0.72 /  0.72 /  494992.82, epsilon=  0.100, speed=  0.24, gear= 1, damage= 0.00
META = 1 ... out of track
=============================================================
 starting episode: 1768/2000
Waiting for server on 3104............
Count Down : 5
Client connected on 3104..............
Ep:1768 step:0(2232639), a_t=[s= 0.97, t= 0.956368, b= 0.000000], r_t=[r= 0.44, prog= 0.44, pen=-0.00, r_old= 0.44], Reward=  0.44 /  0.44 /  494992.82, epsilon=  0.100, speed=  0.15, gear= 1, damage= 0.00
META = 1 ... out of track
=============================================================
 starting episode: 1769/2000
Waiting for server on 3104............
Count Down : 5
Client connected on 3104..............
Ep:1769 step:0(2232651), a_t=[s= 0.92, t= 0.941082, b= 0.000000], r_t=[r= 0.70, prog= 0.70, pen=-0.00, r_old= 0.70], Reward=  0.70 /  0.70 /  494992.82, epsilon=  0.100, speed=  0.23, gear= 1, damage= 0.00
META = 1 ... out of track
=============================================================
 starting episode: 1770/2000
### TORCS is RELAUNCHED ###
Client connected on 3104..............
Ep:1770 step:0(2232664), a_t=[s= 0.89, t= 0.946344, b= 0.000000], r_t=[r= 0.81, prog= 0.81, pen=-0.00, r_old= 0.81], Reward=  0.81 /  0.81 /  494992.82, epsilon=  0.100, speed=  0.27, gear= 1, damage= 0.00
META = 1 ... Running backwards
=============================================================
 starting episode: 1771/2000
Waiting for server on 3104............
Count Down : 5
Client connected on 3104..............
Ep:1771 step:0(2232679), a_t=[s= 0.95, t= 0.946117, b= 0.000000], r_t=[r= 0.72, prog= 0.72, pen=-0.00, r_old= 0.72], Reward=  0.72 /  0.72 /  494992.82, epsilon=  0.100, speed=  0.24, gear= 1, damage= 0.00
META = 1 ... Running backwards
=============================================================
 starting episode: 1772/2000
Waiting for server on 3104............
Count Down : 5
Client connected on 3104..............
Ep:1772 step:0(2232694), a_t=[s= 0.94, t= 0.947902, b= 0.000000], r_t=[r= 0.46, prog= 0.46, pen=-0.00, r_old= 0.46], Reward=  0.46 /  0.46 /  494992.82, epsilon=  0.100, speed=  0.15, gear= 1, damage= 0.00
META = 1 ... out of track
=============================================================
 starting episode: 1773/2000
Waiting for server on 3104............
Count Down : 5
Client connected on 3104..............
Ep:1773 step:0(2232707), a_t=[s= 0.99, t= 0.950157, b= 0.000000], r_t=[r= 0.19, prog= 0.19, pen=-0.00, r_old= 0.19], Reward=  0.19 /  0.19 /  494992.82, epsilon=  0.100, speed=  0.06, gear= 1, damage= 0.00
META = 1 ... out of track
=============================================================
 starting episode: 1774/2000
Waiting for server on 3104............
Count Down : 5
Client connected on 3104..............
Ep:1774 step:0(2232719), a_t=[s= 0.90, t= 0.945827, b= 0.000000], r_t=[r= 0.41, prog= 0.41, pen=-0.00, r_old= 0.41], Reward=  0.41 /  0.41 /  494992.82, epsilon=  0.100, speed=  0.14, gear= 1, damage= 0.00
META = 1 ... out of track
=============================================================
 starting episode: 1775/2000
Waiting for server on 3104............
Count Down : 5
Client connected on 3104..............
Ep:1775 step:0(2232731), a_t=[s= 0.93, t= 0.974827, b= 0.000000], r_t=[r= 0.54, prog= 0.54, pen=-0.00, r_old= 0.54], Reward=  0.54 /  0.54 /  494992.82, epsilon=  0.100, speed=  0.18, gear= 1, damage= 0.00
META = 1 ... out of track
=============================================================
 starting episode: 1776/2000
### TORCS is RELAUNCHED ###
Client connected on 3104..............
Ep:1776 step:0(2232743), a_t=[s= 0.90, t= 0.942879, b= 0.000000], r_t=[r= 0.46, prog= 0.46, pen=-0.00, r_old= 0.46], Reward=  0.46 /  0.46 /  494992.82, epsilon=  0.100, speed=  0.15, gear= 1, damage= 0.00
META = 1 ... out of track
=============================================================
 starting episode: 1777/2000
Waiting for server on 3104............
Count Down : 5
Client connected on 3104..............
Ep:1777 step:0(2232756), a_t=[s= 1.00, t= 0.942421, b= 0.000000], r_t=[r= 0.78, prog= 0.78, pen=-0.00, r_old= 0.78], Reward=  0.78 /  0.78 /  494992.82, epsilon=  0.100, speed=  0.26, gear= 1, damage= 0.00
META = 1 ... out of track
=============================================================
 starting episode: 1778/2000
Waiting for server on 3104............
Count Down : 5
Client connected on 3104..............
Ep:1778 step:0(2232769), a_t=[s= 0.79, t= 0.954476, b= 0.000000], r_t=[r= 0.52, prog= 0.52, pen=-0.00, r_old= 0.52], Reward=  0.52 /  0.52 /  494992.82, epsilon=  0.100, speed=  0.17, gear= 1, damage= 0.00
META = 1 ... out of track
=============================================================
 starting episode: 1779/2000
Waiting for server on 3104............
Count Down : 5
Client connected on 3104..............
Ep:1779 step:0(2232781), a_t=[s= 0.86, t= 0.961301, b= 0.000000], r_t=[r= 0.61, prog= 0.62, pen=-0.00, r_old= 0.61], Reward=  0.61 /  0.61 /  494992.82, epsilon=  0.100, speed=  0.21, gear= 1, damage= 0.00
META = 1 ... out of track
=============================================================
 starting episode: 1780/2000
Waiting for server on 3104............
Count Down : 5
Client connected on 3104..............
Ep:1780 step:0(2232793), a_t=[s= 1.00, t= 1.000000, b= 0.000000], r_t=[r= 0.20, prog= 0.20, pen=-0.00, r_old= 0.20], Reward=  0.20 /  0.20 /  494992.82, epsilon=  0.100, speed=  0.07, gear= 1, damage= 0.00
META = 1 ... Running backwards
=============================================================
 starting episode: 1781/2000
Waiting for server on 3104............
Count Down : 5
Client connected on 3104..............
Ep:1781 step:0(2232807), a_t=[s= 0.89, t= 0.941862, b= 0.000000], r_t=[r= 0.76, prog= 0.76, pen=-0.00, r_old= 0.76], Reward=  0.76 /  0.76 /  494992.82, epsilon=  0.100, speed=  0.25, gear= 1, damage= 0.00
META = 1 ... out of track
=============================================================
 starting episode: 1782/2000
### TORCS is RELAUNCHED ###
Client connected on 3104..............
Ep:1782 step:0(2232819), a_t=[s= 0.85, t= 0.945981, b= 0.000000], r_t=[r= 0.62, prog= 0.62, pen=-0.00, r_old= 0.62], Reward=  0.62 /  0.62 /  494992.82, epsilon=  0.100, speed=  0.21, gear= 1, damage= 0.00
META = 1 ... out of track
=============================================================
 starting episode: 1783/2000
Waiting for server on 3104............
Count Down : 5
Client connected on 3104..............
Ep:1783 step:0(2232831), a_t=[s= 0.93, t= 0.929746, b= 0.000000], r_t=[r= 0.83, prog= 0.83, pen=-0.00, r_old= 0.83], Reward=  0.83 /  0.83 /  494992.82, epsilon=  0.100, speed=  0.28, gear= 1, damage= 0.00
META = 1 ... out of track
=============================================================
 starting episode: 1784/2000
Waiting for server on 3104............
Count Down : 5
Client connected on 3104..............
Ep:1784 step:0(2232843), a_t=[s= 0.97, t= 0.945325, b= 0.000000], r_t=[r= 0.45, prog= 0.45, pen=-0.00, r_old= 0.45], Reward=  0.45 /  0.45 /  494992.82, epsilon=  0.100, speed=  0.15, gear= 1, damage= 0.00
META = 1 ... out of track
=============================================================
 starting episode: 1785/2000
Waiting for server on 3104............
Count Down : 5
Client connected on 3104..............
Ep:1785 step:0(2232855), a_t=[s= 0.93, t= 0.960397, b= 0.000000], r_t=[r= 0.25, prog= 0.25, pen=-0.00, r_old= 0.25], Reward=  0.25 /  0.25 /  494992.82, epsilon=  0.100, speed=  0.08, gear= 1, damage= 0.00
META = 1 ... out of track
=============================================================
 starting episode: 1786/2000
Waiting for server on 3104............
Count Down : 5
Client connected on 3104..............
Ep:1786 step:0(2232867), a_t=[s= 0.96, t= 0.953319, b= 0.000000], r_t=[r= 0.46, prog= 0.46, pen=-0.00, r_old= 0.46], Reward=  0.46 /  0.46 /  494992.82, epsilon=  0.100, speed=  0.15, gear= 1, damage= 0.00
META = 1 ... out of track
=============================================================
 starting episode: 1787/2000
Waiting for server on 3104............
Count Down : 5
Client connected on 3104..............
Ep:1787 step:0(2232879), a_t=[s= 1.00, t= 0.964907, b= 0.000000], r_t=[r= 0.86, prog= 0.86, pen=-0.00, r_old= 0.86], Reward=  0.86 /  0.86 /  494992.82, epsilon=  0.100, speed=  0.29, gear= 1, damage= 0.00
META = 1 ... out of track
=============================================================
 starting episode: 1788/2000
### TORCS is RELAUNCHED ###
Client connected on 3104..............
Ep:1788 step:0(2232891), a_t=[s= 0.90, t= 0.926507, b= 0.000000], r_t=[r= 0.85, prog= 0.85, pen=-0.00, r_old= 0.85], Reward=  0.85 /  0.85 /  494992.82, epsilon=  0.100, speed=  0.28, gear= 1, damage= 0.00
META = 1 ... out of track
=============================================================
 starting episode: 1789/2000
Waiting for server on 3104............
Count Down : 5
Client connected on 3104..............
Ep:1789 step:0(2232903), a_t=[s= 1.00, t= 0.963048, b= 0.000000], r_t=[r= 0.32, prog= 0.32, pen=-0.00, r_old= 0.32], Reward=  0.32 /  0.32 /  494992.82, epsilon=  0.100, speed=  0.11, gear= 1, damage= 0.00
META = 1 ... out of track
=============================================================
 starting episode: 1790/2000
Waiting for server on 3104............
Count Down : 5
Client connected on 3104..............
Ep:1790 step:0(2232915), a_t=[s= 1.00, t= 0.955169, b= 0.000000], r_t=[r= 0.28, prog= 0.29, pen=-0.00, r_old= 0.28], Reward=  0.28 /  0.28 /  494992.82, epsilon=  0.100, speed=  0.10, gear= 1, damage= 0.00
META = 1 ... out of track
=============================================================
 starting episode: 1791/2000
Waiting for server on 3104............
Count Down : 5
Client connected on 3104..............
Ep:1791 step:0(2232927), a_t=[s= 1.00, t= 0.963427, b= 0.000000], r_t=[r= 0.32, prog= 0.32, pen=-0.00, r_old= 0.32], Reward=  0.32 /  0.32 /  494992.82, epsilon=  0.100, speed=  0.11, gear= 1, damage= 0.00
META = 1 ... out of track
=============================================================
 starting episode: 1792/2000
Waiting for server on 3104............
Count Down : 5
Client connected on 3104..............
Ep:1792 step:0(2232939), a_t=[s= 0.99, t= 0.951473, b= 0.000000], r_t=[r= 0.19, prog= 0.19, pen=-0.00, r_old= 0.19], Reward=  0.19 /  0.19 /  494992.82, epsilon=  0.100, speed=  0.06, gear= 1, damage= 0.00
META = 1 ... out of track
=============================================================
 starting episode: 1793/2000
Waiting for server on 3104............
Count Down : 5
Client connected on 3104..............
Ep:1793 step:0(2232951), a_t=[s= 0.93, t= 0.939862, b= 0.000000], r_t=[r= 0.45, prog= 0.45, pen=-0.00, r_old= 0.45], Reward=  0.45 /  0.45 /  494992.82, epsilon=  0.100, speed=  0.15, gear= 1, damage= 0.00
META = 1 ... out of track
=============================================================
 starting episode: 1794/2000
### TORCS is RELAUNCHED ###
Client connected on 3104..............
Ep:1794 step:0(2232963), a_t=[s= 0.98, t= 0.965579, b= 0.000000], r_t=[r= 0.83, prog= 0.83, pen=-0.00, r_old= 0.83], Reward=  0.83 /  0.83 /  494992.82, epsilon=  0.100, speed=  0.28, gear= 1, damage= 0.00
META = 1 ... out of track
=============================================================
 starting episode: 1795/2000
Waiting for server on 3104............
Count Down : 5
Client connected on 3104..............
Ep:1795 step:0(2232975), a_t=[s= 0.97, t= 0.954233, b= 0.000000], r_t=[r= 0.31, prog= 0.31, pen=-0.00, r_old= 0.31], Reward=  0.31 /  0.31 /  494992.82, epsilon=  0.100, speed=  0.10, gear= 1, damage= 0.00
META = 1 ... out of track
=============================================================
 starting episode: 1796/2000
Waiting for server on 3104............
Count Down : 5
Client connected on 3104..............
Ep:1796 step:0(2232987), a_t=[s= 0.91, t= 0.943690, b= 0.000000], r_t=[r= 0.44, prog= 0.44, pen=-0.00, r_old= 0.44], Reward=  0.44 /  0.44 /  494992.82, epsilon=  0.100, speed=  0.15, gear= 1, damage= 0.00
META = 1 ... out of track
=============================================================
 starting episode: 1797/2000
Waiting for server on 3104............
Count Down : 5
Client connected on 3104..............
Ep:1797 step:0(2232999), a_t=[s= 0.89, t= 0.960949, b= 0.000000], r_t=[r= 0.47, prog= 0.47, pen=-0.00, r_old= 0.47], Reward=  0.47 /  0.47 /  494992.82, epsilon=  0.100, speed=  0.16, gear= 1, damage= 0.00
META = 1 ... out of track
=============================================================
 starting episode: 1798/2000
Waiting for server on 3104............
Count Down : 5
Client connected on 3104..............
Ep:1798 step:0(2233012), a_t=[s= 1.00, t= 0.965475, b= 0.000000], r_t=[r= 0.86, prog= 0.86, pen=-0.00, r_old= 0.86], Reward=  0.86 /  0.86 /  494992.82, epsilon=  0.100, speed=  0.29, gear= 1, damage= 0.00
META = 1 ... out of track
=============================================================
 starting episode: 1799/2000
Waiting for server on 3104............
Count Down : 5
Client connected on 3104..............
Ep:1799 step:0(2233024), a_t=[s= 0.99, t= 0.943808, b= 0.000000], r_t=[r= 0.46, prog= 0.47, pen=-0.00, r_old= 0.46], Reward=  0.46 /  0.46 /  494992.82, epsilon=  0.100, speed=  0.16, gear= 1, damage= 0.00
META = 1 ... out of track
