Episode 0
total used free shared buff/cache available Mem: 3994 2092 33 192 1869 1623 Swap: 0 0 0
Episode 25
total used free shared buff/cache available Mem: 3994 2034 118 145 1841 1757 Swap: 0 0 0
Episode 50
total used free shared buff/cache available Mem: 3994 2039 111 145 1843 1752 Swap: 0 0 0
Episode 75
total used free shared buff/cache available Mem: 3994 2043 106 145 1844 1748 Swap: 0 0 0
Episode 100
total used free shared buff/cache available Mem: 3994 2044 104 145 1844 1746 Swap: 0 0 0
Episode 125
total used free shared buff/cache available Mem: 3994 2047 102 145 1845 1744 Swap: 0 0 0
Episode 150
total used free shared buff/cache available Mem: 3994 2049 99 145 1846 1742 Swap: 0 0 0
Episode 175
total used free shared buff/cache available Mem: 3994 2066 73 153 1854 1717 Swap: 0 0 0
Episode 200
total used free shared buff/cache available Mem: 3994 2068 71 153 1854 1714 Swap: 0 0 0
Episode 225
total used free shared buff/cache available Mem: 3994 2073 65 153 1855 1710 Swap: 0 0 0
Episode 250
total used free shared buff/cache available Mem: 3994 2076 62 153 1855 1707 Swap: 0 0 0
Episode 275
total used free shared buff/cache available Mem: 3994 2081 56 153 1856 1702 Swap: 0 0 0
Episode 300
total used free shared buff/cache available Mem: 3994 2105 54 153 1834 1673 Swap: 0 0 0
Episode 325
total used free shared buff/cache available Mem: 3994 2109 53 153 1832 1670 Swap: 0 0 0
Episode 350
total used free shared buff/cache available Mem: 3994 2114 50 153 1829 1664 Swap: 0 0 0
Episode 375
total used free shared buff/cache available Mem: 3994 2113 53 153 1828 1666 Swap: 0 0 0
Episode 400
total used free shared buff/cache available Mem: 3994 2115 53 161 1825 1652 Swap: 0 0 0
Episode 425
total used free shared buff/cache available Mem: 3994 2172 250 161 1571 1621 Swap: 0 0 0
Episode 450
total used free shared buff/cache available Mem: 3994 2173 244 161 1576 1619 Swap: 0 0 0
Episode 475
total used free shared buff/cache available Mem: 3994 2172 243 161 1578 1621 Swap: 0 0 0
Episode 500
total used free shared buff/cache available Mem: 3994 2173 240 161 1581 1620 Swap: 0 0 0
Episode 525
total used free shared buff/cache available Mem: 3994 2175 237 161 1582 1618 Swap: 0 0 0
Episode 550
total used free shared buff/cache available Mem: 3994 2175 203 161 1616 1618 Swap: 0 0 0
Episode 575
total used free shared buff/cache available Mem: 3994 2174 202 161 1618 1619 Swap: 0 0 0
Episode 600
total used free shared buff/cache available Mem: 3994 2176 197 161 1620 1617 Swap: 0 0 0
Episode 625
total used free shared buff/cache available Mem: 3994 2175 196 161 1622 1617 Swap: 0 0 0
Episode 650
total used free shared buff/cache available Mem: 3994 2177 192 161 1624 1616 Swap: 0 0 0
Episode 675
total used free shared buff/cache available Mem: 3994 2178 190 161 1626 1615 Swap: 0 0 0
Episode 700
total used free shared buff/cache available Mem: 3994 2178 186 161 1629 1612 Swap: 0 0 0
Episode 725
total used free shared buff/cache available Mem: 3994 2178 184 161 1631 1612 Swap: 0 0 0
Episode 750
total used free shared buff/cache available Mem: 3994 2179 182 161 1633 1612 Swap: 0 0 0
Episode 775
total used free shared buff/cache available Mem: 3994 2178 173 169 1642 1605 Swap: 0 0 0
Episode 800
total used free shared buff/cache available Mem: 3994 2178 171 169 1645 1605 Swap: 0 0 0
Episode 825
total used free shared buff/cache available Mem: 3994 2178 168 169 1648 1605 Swap: 0 0 0
Episode 850
total used free shared buff/cache available Mem: 3994 2178 165 169 1650 1605 Swap: 0 0 0
Episode 875
total used free shared buff/cache available Mem: 3994 2179 162 169 1652 1604 Swap: 0 0 0
Episode 900
total used free shared buff/cache available Mem: 3994 2178 162 169 1653 1605 Swap: 0 0 0
Episode 925
total used free shared buff/cache available Mem: 3994 2179 159 169 1655 1604 Swap: 0 0 0
Episode 950
total used free shared buff/cache available Mem: 3994 2180 157 169 1656 1603 Swap: 0 0 0
Episode 975
total used free shared buff/cache available Mem: 3994 2180 156 169 1657 1602 Swap: 0 0 0
Episode 1000
total used free shared buff/cache available Mem: 3994 2181 154 169 1658 1601 Swap: 0 0 0
Episode 1025
total used free shared buff/cache available Mem: 3994 2181 151 169 1661 1601 Swap: 0 0 0
Episode 1050
total used free shared buff/cache available Mem: 3994 2181 150 169 1663 1601 Swap: 0 0 0
Episode 1075
total used free shared buff/cache available Mem: 3994 2181 148 169 1664 1602 Swap: 0 0 0
Episode 1100
total used free shared buff/cache available Mem: 3994 2180 147 169 1666 1602 Swap: 0 0 0
Episode 1125
total used free shared buff/cache available Mem: 3994 2181 145 169 1667 1602 Swap: 0 0 0
Episode 1150
total used free shared buff/cache available Mem: 3994 2181 143 169 1669 1601 Swap: 0 0 0
Episode 1175
total used free shared buff/cache available Mem: 3994 2180 143 169 1670 1602 Swap: 0 0 0
Episode 1200
total used free shared buff/cache available Mem: 3994 2155 64 169 1774 1601 Swap: 0 0 0
Episode 1225
total used free shared buff/cache available Mem: 3994 2156 62 169 1775 1600 Swap: 0 0 0
Episode 1250
total used free shared buff/cache available Mem: 3994 2155 61 169 1777 1601 Swap: 0 0 0
Episode 1275
total used free shared buff/cache available Mem: 3994 2155 62 169 1775 1600 Swap: 0 0 0
Episode 1300
total used free shared buff/cache available Mem: 3994 2155 64 169 1774 1600 Swap: 0 0 0
Episode 1325
total used free shared buff/cache available Mem: 3994 2153 64 169 1775 1601 Swap: 0 0 0
Episode 1350
total used free shared buff/cache available Mem: 3994 2154 67 169 1772 1600 Swap: 0 0 0
Episode 1375
total used free shared buff/cache available Mem: 3994 2154 66 169 1773 1600 Swap: 0 0 0
Episode 1400
total used free shared buff/cache available Mem: 3994 2164 67 169 1761 1599 Swap: 0 0 0
Episode 1425
total used free shared buff/cache available Mem: 3994 2165 66 169 1762 1599 Swap: 0 0 0
Episode 1450
total used free shared buff/cache available Mem: 3994 2164 66 169 1764 1600 Swap: 0 0 0
Episode 1475
total used free shared buff/cache available Mem: 3994 2165 66 169 1762 1598 Swap: 0 0 0
Episode 1500
total used free shared buff/cache available Mem: 3994 2168 66 169 1759 1595 Swap: 0 0 0
Episode 1525
total used free shared buff/cache available Mem: 3994 2157 70 169 1767 1598 Swap: 0 0 0
Episode 1550
total used free shared buff/cache available Mem: 3994 2157 69 169 1768 1598 Swap: 0 0 0
Episode 1575
total used free shared buff/cache available Mem: 3994 2346 98 216 1550 1412 Swap: 0 0 0
Episode 1600
total used free shared buff/cache available Mem: 3994 2345 96 216 1553 1412 Swap: 0 0 0
Episode 1625
total used free shared buff/cache available Mem: 3994 2200 252 169 1542 1592 Swap: 0 0 0
Episode 1650
total used free shared buff/cache available Mem: 3994 2200 249 169 1544 1592 Swap: 0 0 0
Episode 1675
total used free shared buff/cache available Mem: 3994 2200 248 169 1545 1592 Swap: 0 0 0
Episode 1700
total used free shared buff/cache available Mem: 3994 2200 246 169 1547 1592 Swap: 0 0 0
Episode 1725
total used free shared buff/cache available Mem: 3994 2201 244 169 1549 1591 Swap: 0 0 0
Episode 1750
total used free shared buff/cache available Mem: 3994 2200 242 169 1551 1592 Swap: 0 0 0
Episode 1775
total used free shared buff/cache available Mem: 3994 2201 240 169 1553 1591 Swap: 0 0 0
Episode 1800
total used free shared buff/cache available Mem: 3994 2200 238 169 1555 1591 Swap: 0 0 0
Episode 1825
total used free shared buff/cache available Mem: 3994 2201 236 169 1556 1591 Swap: 0 0 0
Episode 1850
total used free shared buff/cache available Mem: 3994 2201 235 169 1557 1591 Swap: 0 0 0
Episode 1875
total used free shared buff/cache available Mem: 3994 2201 233 169 1559 1592 Swap: 0 0 0
Episode 1900
total used free shared buff/cache available Mem: 3994 2201 231 169 1561 1591 Swap: 0 0 0
Episode 1925
total used free shared buff/cache available Mem: 3994 2201 230 169 1562 1591 Swap: 0 0 0
Episode 1950
total used free shared buff/cache available Mem: 3994 2201 229 169 1564 1591 Swap: 0 0 0
Episode 1975
total used free shared buff/cache available Mem: 3994 2201 227 169 1565 1591 Swap: 0 0 0
